Log file open, 08/21/20 20:58:02
LogWindows: Failed to load 'aqProf.dll' (GetLastError=126)
LogWindows: File 'aqProf.dll' does not exist
LogWindows: Failed to load 'VSPerf140.dll' (GetLastError=126)
LogWindows: File 'VSPerf140.dll' does not exist
LogWindows: Failed to load 'VtuneApi.dll' (GetLastError=126)
LogWindows: File 'VtuneApi.dll' does not exist
LogWindows: Failed to load 'VtuneApi32e.dll' (GetLastError=126)
LogWindows: File 'VtuneApi32e.dll' does not exist
LogInit: Display: Running engine for game: Metal
LogPlatformFile: Not using cached read wrapper
LogInit: Display: RandInit(1678614244) SRandInit(1678614245).
LogTaskGraph: Started task graph with 5 named threads and 8 total threads with 3 sets of task threads.
LogStats: Stats thread started at 0.443299
LogD3D11RHI: Aftermath initialized
LogPluginManager: Mounting plugin Paper2D
LogPluginManager: Mounting plugin LightPropagationVolume
LogPluginManager: Mounting plugin CodeLiteSourceCodeAccess
LogPluginManager: Mounting plugin GitSourceControl
LogPluginManager: Mounting plugin KDevelopSourceCodeAccess
LogPluginManager: Mounting plugin NullSourceCodeAccess
LogPluginManager: Mounting plugin PerforceSourceControl
LogPluginManager: Mounting plugin SubversionSourceControl
LogPluginManager: Mounting plugin UObjectPlugin
LogPluginManager: Mounting plugin VisualStudioSourceCodeAccess
LogPluginManager: Mounting plugin XCodeSourceCodeAccess
LogPluginManager: Mounting plugin AssetManagerEditor
LogPluginManager: Mounting plugin AudioCapture
LogPluginManager: Mounting plugin FacialAnimation
LogPluginManager: Mounting plugin GameplayTagsEditor
LogPluginManager: Mounting plugin MobileLauncherProfileWizard
LogPluginManager: Mounting plugin PluginBrowser
LogPluginManager: Mounting plugin SpeedTreeImporter
LogPluginManager: Mounting plugin AlembicImporter
LogPluginManager: Mounting plugin CharacterAI
LogPluginManager: Mounting plugin HTML5Networking
LogPluginManager: Mounting plugin AndroidMedia
LogPluginManager: Mounting plugin AvfMedia
LogPluginManager: Mounting plugin MediaPlayerEditor
LogPluginManager: Mounting plugin WmfMedia
LogPluginManager: Mounting plugin TcpMessaging
LogPluginManager: Mounting plugin UdpMessaging
LogPluginManager: Mounting plugin LevelSequenceEditor
LogPluginManager: Mounting plugin MatineeToLevelSequence
LogPluginManager: Mounting plugin OnlineSubsystemGooglePlay
LogPluginManager: Mounting plugin OnlineSubsystemIOS
LogPluginManager: Mounting plugin OnlineSubsystem
LogPluginManager: Mounting plugin OnlineSubsystemNull
LogPluginManager: Mounting plugin OnlineSubsystemUtils
LogPluginManager: Mounting plugin AndroidDeviceProfileSelector
LogPluginManager: Mounting plugin AndroidMoviePlayer
LogPluginManager: Mounting plugin AndroidPermission
LogPluginManager: Mounting plugin AppleMoviePlayer
LogPluginManager: Mounting plugin ArchVisCharacter
LogPluginManager: Mounting plugin CableComponent
LogPluginManager: Mounting plugin CustomMeshComponent
LogPluginManager: Mounting plugin ExampleDeviceProfileSelector
LogPluginManager: Mounting plugin GoogleCloudMessaging
LogPluginManager: Mounting plugin ImmediatePhysics
LogPluginManager: Mounting plugin IOSDeviceProfileSelector
LogPluginManager: Mounting plugin LinuxDeviceProfileSelector
LogPluginManager: Mounting plugin LocationServicesBPLibrary
LogPluginManager: Mounting plugin MobilePatchingUtils
LogPluginManager: Mounting plugin OculusVR
LogPluginManager: Mounting plugin PhysXVehicles
LogPluginManager: Mounting plugin ProceduralMeshComponent
LogPluginManager: Mounting plugin RuntimePhysXCooking
LogPluginManager: Mounting plugin SteamVR
LogPluginManager: Mounting plugin WindowsMoviePlayer
LogInit: Using libcurl 7.47.1
LogInit:  - built for x86_64-pc-win32
LogInit:  - supports SSL with OpenSSL/1.0.2g
LogInit:  - supports HTTP deflate (compression) using libz 1.2.8
LogInit:  - other features:
LogInit:      CURL_VERSION_SSL
LogInit:      CURL_VERSION_LIBZ
LogInit:      CURL_VERSION_IPV6
LogInit:      CURL_VERSION_ASYNCHDNS
LogInit:      CURL_VERSION_LARGEFILE
LogInit:      CURL_VERSION_IDN
LogInit:  CurlRequestOptions (configurable via config and command line):
LogInit:  - bVerifyPeer = false  - Libcurl will NOT verify peer certificate
LogInit:  - bUseHttpProxy = false  - Libcurl will NOT use HTTP proxy
LogInit:  - bDontReuseConnections = false  - Libcurl will reuse connections
LogInit:  - CertBundlePath = nullptr  - Libcurl will use whatever was configured at build time.
LogInit: Build: ++UE4+Release-4.17-CL-3658906
LogInit: Engine Version: 4.17.2-3658906+++UE4+Release-4.17
LogInit: Compatible Engine Version: 4.17.0-3573198+++UE4+Release-4.17
LogInit: Net CL: 3573198
LogDevObjectVersion: Number of dev versions registered: 16
LogDevObjectVersion:   Dev-Blueprints (B0D832E4-1F89-4F0D-ACCF-7EB736FD4AA2): 10
LogDevObjectVersion:   Dev-Build (E1C64328-A22C-4D53-A36C-8E866417BD8C): 0
LogDevObjectVersion:   Dev-Core (375EC13C-06E4-48FB-B500-84F0262A717E): 2
LogDevObjectVersion:   Dev-Editor (E4B068ED-F494-42E9-A231-DA0B2E46BB41): 20
LogDevObjectVersion:   Dev-Framework (CFFC743F-43B0-4480-9391-14DF171D2073): 28
LogDevObjectVersion:   Dev-Mobile (B02B49B5-BB20-44E9-A304-32B752E40360): 0
LogDevObjectVersion:   Dev-Networking (A4E4105C-59A1-49B5-A7C5-40C4547EDFEE): 0
LogDevObjectVersion:   Dev-Online (39C831C9-5AE6-47DC-9A44-9C173E1C8E7C): 0
LogDevObjectVersion:   Dev-Physics (78F01B33-EBEA-4F98-B9B4-84EACCB95AA2): 0
LogDevObjectVersion:   Dev-Platform (6631380F-2D4D-43E0-8009-CF276956A95A): 0
LogDevObjectVersion:   Dev-Rendering (12F88B9F-8875-4AFC-A67C-D90C383ABD29): 19
LogDevObjectVersion:   Dev-Sequencer (7B5AE74C-D270-4C10-A958-57980B212A5A): 4
LogDevObjectVersion:   Dev-VR (D7296918-1DD6-4BDD-9DE2-64A83CC13884): 0
LogDevObjectVersion:   Dev-LoadTimes (C2A15278-BFE7-4AFE-6C17-90FF531DF755): 1
LogDevObjectVersion:   Private-Geometry (6EACA3D4-40EC-4CC1-B786-8BED09428FC5): 1
LogDevObjectVersion:   Dev-AnimPhys (29E575DD-E0A3-4627-9D10-D276232CDCEA): 7
LogInit: Compiled (64-bit): Sep 22 2017 13:47:16
LogInit: Compiled with Visual C++: 19.00.24215.01
LogInit: Build Configuration: Development
LogInit: Branch Name: ++UE4+Release-4.17
LogInit: Command line:  
LogInit: Base directory: D:/Program Files/Epic Games/UE_4.17/Engine/Binaries/Win64/
LogInit: Installed Engine Build: 1
LogInit: Presizing for max 8388607 objects, including 0 objects not considered by GC, pre-allocating 0 bytes for permanent pool.
LogInit: Object subsystem initialized
[2020.08.21-12.58.04:443][  0]LogInit: Selected Device Profile: [Windows]
[2020.08.21-12.58.04:443][  0]LogInit: Applying CVar settings loaded from the selected device profile: [Windows]
[2020.08.21-12.58.04:495][  0]LogInit: Computer: DESKTOP-629OVH4
[2020.08.21-12.58.04:496][  0]LogInit: User: 贾瑞
[2020.08.21-12.58.04:497][  0]LogInit: CPU Page size=4096, Cores=2
[2020.08.21-12.58.04:498][  0]LogInit: High frequency timer resolution =10.000000 MHz
[2020.08.21-12.58.04:503][  0]LogMemory: Memory total: Physical=7.9GB (8GB approx)
[2020.08.21-12.58.04:503][  0]LogMemory: Platform Memory Stats for Windows
[2020.08.21-12.58.04:503][  0]LogMemory: Process Physical Memory: 278.45 MB used, 278.45 MB peak
[2020.08.21-12.58.04:503][  0]LogMemory: Process Virtual Memory: 275.77 MB used, 275.77 MB peak
[2020.08.21-12.58.04:503][  0]LogMemory: Physical Memory: 3190.61 MB used,  4922.35 MB free, 8112.96 MB total
[2020.08.21-12.58.04:503][  0]LogMemory: Virtual Memory: 4785.48 MB used,  4922.35 MB free, 134217728.00 MB total
[2020.08.21-12.58.05:079][  0]LogInit: Overriding language with editor language configuration option (en).
[2020.08.21-12.58.05:079][  0]LogInit: Overriding locale with editor locale configuration option (en).
[2020.08.21-12.58.07:900][  0]LogD3D11RHI: D3D11 adapters:
[2020.08.21-12.58.08:581][  0]LogD3D11RHI:    0. 'AMD Radeon HD 8500M' (Feature Level 11_0)
[2020.08.21-12.58.08:581][  0]LogD3D11RHI:       1015/0/4056 MB DedicatedVideo/DedicatedSystem/SharedSystem, Outputs:1, VendorId:0x1002
[2020.08.21-12.58.08:599][  0]LogD3D11RHI:    1. 'Intel(R) HD Graphics Family' (Feature Level 11_0)
[2020.08.21-12.58.08:599][  0]LogD3D11RHI:       112/0/2048 MB DedicatedVideo/DedicatedSystem/SharedSystem, Outputs:0, VendorId:0x8086
[2020.08.21-12.58.08:606][  0]LogD3D11RHI:    2. 'Microsoft Basic Render Driver' (Feature Level 11_0)
[2020.08.21-12.58.08:606][  0]LogD3D11RHI:       0/0/4056 MB DedicatedVideo/DedicatedSystem/SharedSystem, Outputs:0, VendorId:0x1414
[2020.08.21-12.58.08:606][  0]LogD3D11RHI: Chosen D3D11 Adapter: 0
[2020.08.21-12.58.08:618][  0]LogD3D11RHI: Creating new Direct3DDevice
[2020.08.21-12.58.08:618][  0]LogD3D11RHI:     GPU DeviceId: 0x666f (for the marketing name, search the web for "GPU Device Id")
[2020.08.21-12.58.08:618][  0]LogWindows: EnumDisplayDevices:
[2020.08.21-12.58.08:618][  0]LogWindows:    0. 'Intel(R) HD Graphics Family' (P:1 D:1)
[2020.08.21-12.58.08:619][  0]LogWindows:    1. 'Intel(R) HD Graphics Family' (P:0 D:0)
[2020.08.21-12.58.08:620][  0]LogWindows:    2. 'Intel(R) HD Graphics Family' (P:0 D:0)
[2020.08.21-12.58.08:621][  0]LogWindows: DebugString: GetVideoDriverDetailsInvalid PrimaryIsNotTheChoosenAdapter GetVideoDriverDetailsInvalid PrimaryIsNotTheChoosenAdapter GetVideoDriverDetailsInvalid PrimaryIsNotTheChoosenAdapter FoundDriverCount:0 
[2020.08.21-12.58.08:621][  0]LogD3D11RHI:     Adapter Name: AMD Radeon HD 8500M
[2020.08.21-12.58.08:621][  0]LogD3D11RHI:   Driver Version: Unknown (internal:Unknown, unified:Unknown)
[2020.08.21-12.58.08:621][  0]LogD3D11RHI:      Driver Date: Unknown
[2020.08.21-12.58.08:621][  0]LogRHI: Texture pool is 710 MB (70% of 1015 MB)
[2020.08.21-12.58.08:738][  0]LogD3D11RHI: Async texture creation enabled
[2020.08.21-12.58.08:842][  0]LogD3D11RHI: GPU Timing Frequency: 27.000000 (Debug: 2 1)
[2020.08.21-12.58.08:861][  0]LogShaderCompilers: Guid format shader working directory is -1 characters bigger than the processId version (G:/Users/贾瑞/Documents/Unreal Projects/Metal/Intermediate/Shaders/WorkingDirectory/10460/).
[2020.08.21-12.58.08:862][  0]LogShaderCompilers: Cleaned the shader compiler working directory 'C:/Users/贾瑞/AppData/Local/Temp/UnrealShaderWorkingDir/5A0B8E0C4A1DFA48DCDFCF97757A6A5D/'.
[2020.08.21-12.58.08:863][  0]LogShaderCompilers: Display: Using Local Shader Compiler.
[2020.08.21-12.58.11:578][  0]LogTemp: Display: Loaded TP AllDesktopTargetPlatform
[2020.08.21-12.58.11:652][  0]LogTemp: Display: Loaded TP MacClientTargetPlatform
[2020.08.21-12.58.11:725][  0]LogTemp: Display: Loaded TP MacNoEditorTargetPlatform
[2020.08.21-12.58.11:804][  0]LogTemp: Display: Loaded TP MacServerTargetPlatform
[2020.08.21-12.58.11:885][  0]LogTemp: Display: Loaded TP MacTargetPlatform
[2020.08.21-12.58.11:967][  0]LogTemp: Display: Loaded TP WindowsClientTargetPlatform
[2020.08.21-12.58.12:051][  0]LogTemp: Display: Loaded TP WindowsNoEditorTargetPlatform
[2020.08.21-12.58.12:133][  0]LogTemp: Display: Loaded TP WindowsServerTargetPlatform
[2020.08.21-12.58.12:207][  0]LogTemp: Display: Loaded TP WindowsTargetPlatform
[2020.08.21-12.58.12:282][  0]LogTemp: Display: Loaded TP AndroidTargetPlatform
[2020.08.21-12.58.12:354][  0]LogTemp: Display: Loaded TP Android_ASTCTargetPlatform
[2020.08.21-12.58.12:428][  0]LogTemp: Display: Loaded TP Android_ATCTargetPlatform
[2020.08.21-12.58.12:520][  0]LogTemp: Display: Loaded TP Android_DXTTargetPlatform
[2020.08.21-12.58.12:597][  0]LogTemp: Display: Loaded TP Android_ETC1TargetPlatform
[2020.08.21-12.58.12:673][  0]LogTemp: Display: Loaded TP Android_ETC2TargetPlatform
[2020.08.21-12.58.12:845][  0]LogTemp: Display: Loaded TP Android_MultiTargetPlatform
[2020.08.21-12.58.12:845][  0]LogTemp: Display: Loaded TP Android_PVRTCTargetPlatform
[2020.08.21-12.58.12:914][  0]LogTemp: Display: Loaded TP HTML5TargetPlatform
[2020.08.21-12.58.13:079][  0]LogTemp: Display: Loaded TP IOSTargetPlatform
[2020.08.21-12.58.13:134][  0]LogTemp: Display: Loaded TP TVOSTargetPlatform
[2020.08.21-12.58.13:222][  0]LogTemp: Display: Loaded TP LinuxClientTargetPlatform
[2020.08.21-12.58.13:308][  0]LogTemp: Display: Loaded TP LinuxNoEditorTargetPlatform
[2020.08.21-12.58.13:396][  0]LogTemp: Display: Loaded TP LinuxServerTargetPlatform
[2020.08.21-12.58.13:485][  0]LogTemp: Display: Loaded TP LinuxTargetPlatform
[2020.08.21-12.58.13:485][  0]LogTargetPlatformManager: Display: Building Assets For Windows
[2020.08.21-12.58.14:535][  0]LogDerivedDataCache: Display: Max Cache Size: 512 MB
[2020.08.21-12.58.14:997][  0]LogDerivedDataCache: Loaded boot cache 0.46s 93MB C:/Users/贾瑞/AppData/Local/UnrealEngine/4.17/DerivedDataCache/Boot.ddc.
[2020.08.21-12.58.14:997][  0]LogDerivedDataCache: Display: Loaded Boot cache: C:/Users/贾瑞/AppData/Local/UnrealEngine/4.17/DerivedDataCache/Boot.ddc
[2020.08.21-12.58.14:997][  0]LogDerivedDataCache: FDerivedDataBackendGraph:  Pak pak cache file G:/Users/贾瑞/Documents/Unreal Projects/Metal/DerivedDataCache/DDC.ddp not found, will not use a pak cache.
[2020.08.21-12.58.14:997][  0]LogDerivedDataCache: Unable to find inner node Pak for hierarchical cache Hierarchy.
[2020.08.21-12.58.14:997][  0]LogDerivedDataCache: FDerivedDataBackendGraph:  CompressedPak pak cache file G:/Users/贾瑞/Documents/Unreal Projects/Metal/DerivedDataCache/Compressed.ddp not found, will not use a pak cache.
[2020.08.21-12.58.14:997][  0]LogDerivedDataCache: Unable to find inner node CompressedPak for hierarchical cache Hierarchy.
[2020.08.21-12.58.15:035][  0]LogDerivedDataCache: Display: Pak cache opened for reading ../../../Engine/DerivedDataCache/Compressed.ddp.
[2020.08.21-12.58.15:051][  0]LogDerivedDataCache: Using Local data cache path C:/Users/贾瑞/AppData/Local/UnrealEngine/Common/DerivedDataCache: Writable
[2020.08.21-12.58.15:074][  0]LogMaterial: Verifying Global Shaders for PCD3D_SM5
[2020.08.21-12.58.15:081][  0]LogSlate: Using Freetype 2.6.0
[2020.08.21-12.58.15:086][  0]LogSlate: SlateFontCache - WITH_FREETYPE: 1, WITH_HARFBUZZ: 1
[2020.08.21-12.58.15:087][  0]LogSlate: SlateFontCache - WITH_FREETYPE: 1, WITH_HARFBUZZ: 1
[2020.08.21-12.58.16:223][  0]LogAssetRegistry: FAssetRegistry took 0.0364 seconds to start up
[2020.08.21-12.58.16:552][  0]LogInit: Selected Device Profile: [Windows]
[2020.08.21-12.58.17:434][  0]LogSimplygon: Simplygon DLL not present - disabling.
[2020.08.21-12.58.17:508][  0]LogMeshReduction: Using SimplygonSwarm for distributed automatic mesh merging
[2020.08.21-12.58.17:509][  0]LogMeshReduction: Using QuadricMeshReduction for automatic static mesh reduction
[2020.08.21-12.58.17:509][  0]LogMeshReduction: No automatic skeletal mesh reduction module available
[2020.08.21-12.58.17:509][  0]LogMeshReduction: No automatic mesh merging module available
[2020.08.21-12.58.17:509][  0]LogMeshMerging: No automatic mesh merging module available
[2020.08.21-12.58.17:571][  0]LogContentStreaming: Texture pool size is 0.00 MB
[2020.08.21-12.58.18:552][  0]LogNetVersion: Metal , NetCL: 3573198, EngineNetVer: 2, GameNetVer: 0 (Checksum: 1549666389)
[2020.08.21-12.58.19:056][  0]LogPackageLocalizationCache: Processed 5 localized package path(s) for 1 prioritized culture(s) in 0.117557 seconds
[2020.08.21-12.58.19:068][  0]LogUObjectArray: 35825 objects as part of root set at end of initial load.
[2020.08.21-12.58.19:068][  0]LogUObjectAllocator: 7529112 out of 0 bytes used by permanent object pool.
[2020.08.21-12.58.19:068][  0]LogUObjectArray: CloseDisregardForGC: 0/0 objects in disregard for GC pool
[2020.08.21-12.58.19:167][  0]LogInit: WinSock: version 1.1 (2.2), MaxSocks=32767, MaxUdp=65467
[2020.08.21-12.58.25:313][  0]LogTcpMessaging: Initializing TcpMessaging bridge
[2020.08.21-12.58.25:377][  0]LogUdpMessaging: Initializing bridge on interface 0.0.0.0:0 to multicast group 230.0.0.1:6666.
[2020.08.21-12.58.26:586][  0]LogMaterial: Uniform references updated for custom material expression Custom.
[2020.08.21-12.58.27:280][  0]SourceControl: Source control is disabled
[2020.08.21-12.58.27:280][  0]SourceControl: Source control is disabled
[2020.08.21-12.58.27:368][  0]SourceControl: Source control is disabled
[2020.08.21-12.58.27:450][  0]SourceControl: Source control is disabled
[2020.08.21-12.58.28:433][  0]LogAndroidPermission: UAndroidPermissionCallbackProxy::GetInstance
[2020.08.21-12.58.28:816][  0]LogOcInput: OculusInput pre-init called
[2020.08.21-12.58.29:258][  0]LogEngine: Initializing Engine...
[2020.08.21-12.58.29:265][  0]LogHMD: Failed to initialize OpenVR with code 110
[2020.08.21-12.58.29:662][  0]LogStats: UGameplayTagsManager::ConstructGameplayTagTree: Construct from data asset -  0.000 s
[2020.08.21-12.58.29:663][  0]LogStats: UGameplayTagsManager::ConstructGameplayTagTree: GameplayTagTreeChangedEvent.Broadcast -  0.000 s
[2020.08.21-12.58.29:872][  0]LogAIModule: Creating AISystem for world Untitled
[2020.08.21-12.58.29:936][  0]LogInit: XAudio2 using '扬声器 (Realtek High Definition Audio)' : 2 channels at 48 kHz using 32 bits per sample (channel mask 0x3)
[2020.08.21-12.58.30:154][  0]LogInit: FAudioDevice initialized.
[2020.08.21-12.58.30:294][  0]LogDerivedDataCache: Saved boot cache 0.14s 93MB C:/Users/贾瑞/AppData/Local/UnrealEngine/4.17/DerivedDataCache/Boot.ddc.
[2020.08.21-12.58.30:307][  0]LogInit: Texture streaming: Enabled
[2020.08.21-12.58.30:519][  0]LogEngineSessionManager: EngineSessionManager initialized
[2020.08.21-12.58.31:449][  0]LogInit: Transaction tracking system initialized
[2020.08.21-12.58.32:313][  0]BlueprintLog: New page: Editor Load
[2020.08.21-12.58.34:742][  0]LocalizationService: Localization service is disabled
[2020.08.21-12.58.36:073][  0]LogConsoleResponse: Display: 
[2020.08.21-12.58.36:721][  0]LogCook: Display: Max memory allowance for cook 16384mb min free memory 0mb
[2020.08.21-12.58.36:721][  0]LogCook: Display: Mobile HDR setting 1
[2020.08.21-12.58.36:740][  0]LogFileCache: Scanning file cache for directory 'G:/Users/贾瑞/Documents/Unreal Projects/Metal/Content/' took 0.03s
[2020.08.21-12.58.36:740][  0]LogGameplayTags: Display: UGameplayTagsManager::DoneAddingNativeTags. DelegateIsBound: 0
[2020.08.21-12.58.39:132][  0]SourceControl: Source control is disabled
[2020.08.21-12.58.39:136][  0]Cmd: MAP LOAD FILE="G:/Users/贾瑞/Documents/Unreal Projects/Metal/Content/ThirdPersonBP/Maps/ThirdPersonExampleMap.umap" TEMPLATE=0 SHOWPROGRESS=1 FEATURELEVEL=3
[2020.08.21-12.58.39:138][  0]LightingResults: New page: Lighting Build
[2020.08.21-12.58.39:218][  0]MapCheck: New page: Map Check
[2020.08.21-12.58.39:218][  0]LightingResults: New page: Lighting Build
[2020.08.21-12.58.44:403][  0]LogAIModule: Creating AISystem for world ThirdPersonExampleMap
[2020.08.21-12.58.44:456][  0]LogEditorServer: Finished looking for orphan Actors (0.000 secs)
[2020.08.21-12.58.44:667][  0]Cmd: MAP CHECKDEP NOCLEARLOG
[2020.08.21-12.58.44:814][  0]MapCheck: Map check complete: 0 Error(s), 0 Warning(s), took 147.022ms to complete.
[2020.08.21-12.58.44:815][  0]LogFileHelpers: Loading map 'ThirdPersonExampleMap' took 5.681
[2020.08.21-12.58.45:245][  0]LogCollectionManager: Loaded 0 collections in 0.003545 seconds
[2020.08.21-12.58.45:407][  0]LogFileCache: Scanning file cache for directory 'G:/Users/贾瑞/Documents/Unreal Projects/Metal/Saved/Collections/' took 0.02s
[2020.08.21-12.58.45:407][  0]LogFileCache: Scanning file cache for directory 'G:/Users/贾瑞/Documents/Unreal Projects/Metal/Content/Developers/贾瑞/Collections/' took 0.01s
[2020.08.21-12.58.45:407][  0]LogFileCache: Scanning file cache for directory 'G:/Users/贾瑞/Documents/Unreal Projects/Metal/Content/Collections/' took 0.01s
[2020.08.21-12.58.45:407][  0]LogCollectionManager: Rebuilt the GUID cache for 0 collections in 0.000001 seconds
[2020.08.21-12.58.45:431][  0]LogContentBrowser: Native class hierarchy populated in 0.0210 seconds. Added 2386 classes and 500 folders.
[2020.08.21-12.58.45:618][  0]LogContentBrowser: Native class hierarchy updated for 'WidgetCarousel' in 0.0147 seconds. Added 0 classes and 0 folders.
[2020.08.21-12.58.46:134][  0]LogContentBrowser: Native class hierarchy updated for 'AddContentDialog' in 0.0016 seconds. Added 0 classes and 0 folders.
[2020.08.21-12.58.46:246][  0]LogContentBrowser: Native class hierarchy updated for 'SceneOutliner' in 0.0126 seconds. Added 1 classes and 2 folders.
[2020.08.21-12.58.46:749][  0]LogSlate: Took 0.005173 seconds to synchronously load lazily loaded font '../../../Engine/Content/Slate/Fonts/Roboto-Regular.ttf' (155K)
[2020.08.21-12.58.46:758][  0]LogSlate: Took 0.003663 seconds to synchronously load lazily loaded font '../../../Engine/Content/Slate/Fonts/Roboto-Bold.ttf' (160K)
[2020.08.21-12.58.46:777][  0]LogSlate: Took 0.003074 seconds to synchronously load lazily loaded font '../../../Engine/Content/Editor/Slate/Fonts/FontAwesome.ttf' (139K)
[2020.08.21-12.58.47:099][  0]LogRenderer: Reallocating scene render targets to support 788x404 Format 10 NumSamples 1 (Frame:1).
[2020.08.21-12.58.48:385][  0]LogContentBrowser: Native class hierarchy updated for 'HierarchicalLODOutliner' in 0.0018 seconds. Added 1 classes and 2 folders.
[2020.08.21-12.58.48:385][  0]LogLoad: (Engine Initialization) Total time: 49.04 seconds
[2020.08.21-12.58.48:385][  0]LogLoad: (Engine Initialization) Total Blueprint compile time: 0.00 seconds
[2020.08.21-12.58.48:386][  0]LogExternalProfiler: No external profilers were discovered.  External profiling features will not be available.
[2020.08.21-12.58.48:423][  0]LogContentStreaming: Texture pool size now 1000 MB
[2020.08.21-12.58.48:606][  1]LogSlate: Took 0.002377 seconds to synchronously load lazily loaded font '../../../Engine/Content/Slate/Fonts/Roboto-Light.ttf' (159K)
[2020.08.21-12.58.48:633][  1]LogSlate: Took 0.024756 seconds to synchronously load lazily loaded font '../../../Engine/Content/Slate/Fonts/DroidSansFallback.ttf' (3848K)
[2020.08.21-12.58.49:341][  4]LogAssetRegistry: Asset discovery search completed in 33.1425 seconds
[2020.08.21-12.58.49:344][  4]LogCollectionManager: Rebuilt the object cache for 0 collections in 0.000001 seconds (found 0 objects)
[2020.08.21-12.58.49:344][  4]LogCollectionManager: Fixed up redirectors for 0 collections in 0.000120 seconds (updated 0 objects)
[2020.08.21-12.58.49:539][  6]LogSlate: Took 0.000433 seconds to synchronously load lazily loaded font '../../../Engine/Content/Slate/Fonts/Roboto-Light.ttf' (159K)
[2020.08.21-12.58.50:880][ 17]LogD3D11RHI: Error: Result failed 
 at D:\Build\++UE4+Release-4.17+Compile\Sync\Engine\Source\Runtime\Windows\D3D11RHI\Private\D3D11Viewport.cpp:289 
 with error E_INVALIDARG
[2020.08.21-12.58.51:220][ 17]LogWindows: Windows GetLastError: 操作成功完成。 (0)
[2020.08.21-12.58.55:740][ 17]LogWindows: Windows GetLastError: 操作成功完成。 (0)
[2020.08.21-12.58.55:742][ 17]LogWindows: Error: === Critical error: ===
[2020.08.21-12.58.55:742][ 17]LogWindows: Error: 
[2020.08.21-12.58.55:742][ 17]LogWindows: Error: Fatal error: [File:D:\Build\++UE4+Release-4.17+Compile\Sync\Engine\Source\Runtime\RenderCore\Private\RenderingThread.cpp] [Line: 811] 
[2020.08.21-12.58.55:742][ 17]LogWindows: Error: Rendering thread exception:
[2020.08.21-12.58.55:742][ 17]LogWindows: Error: Fatal error: [File:D:\Build\++UE4+Release-4.17+Compile\Sync\Engine\Source\Runtime\Windows\D3D11RHI\Private\D3D11Util.cpp] [Line: 233] 
[2020.08.21-12.58.55:743][ 17]LogWindows: Error: Result failed 
[2020.08.21-12.58.55:743][ 17]LogWindows: Error:  at D:\Build\++UE4+Release-4.17+Compile\Sync\Engine\Source\Runtime\Windows\D3D11RHI\Private\D3D11Viewport.cpp:289 
[2020.08.21-12.58.55:743][ 17]LogWindows: Error:  with error E_INVALIDARG
[2020.08.21-12.58.55:743][ 17]LogWindows: Error: 
[2020.08.21-12.58.55:743][ 17]LogWindows: Error: 
[2020.08.21-12.58.55:743][ 17]LogWindows: Error: KERNELBASE.dll!0x00000000E81DA799
[2020.08.21-12.58.55:744][ 17]LogWindows: Error: UE4Editor-Core.dll!0x00000000AFD91CE4
[2020.08.21-12.58.55:745][ 17]LogWindows: Error: UE4Editor-Core.dll!0x00000000AFB7AD5B
[2020.08.21-12.58.55:745][ 17]LogWindows: Error: UE4Editor-Core.dll!0x00000000AFB10179
[2020.08.21-12.58.55:745][ 17]LogWindows: Error: UE4Editor-D3D11RHI.dll!0x00000000A3789766
[2020.08.21-12.58.55:745][ 17]LogWindows: Error: UE4Editor-D3D11RHI.dll!0x00000000A3769E57
[2020.08.21-12.58.55:745][ 17]LogWindows: Error: UE4Editor-D3D11RHI.dll!0x00000000A3769DB1
[2020.08.21-12.58.55:746][ 17]LogWindows: Error: UE4Editor-D3D11RHI.dll!0x00000000A3776304
[2020.08.21-12.58.55:746][ 17]LogWindows: Error: UE4Editor-RHI.dll!0x00000000C1539635
[2020.08.21-12.58.55:746][ 17]LogWindows: Error: UE4Editor-SlateRHIRenderer.dll!0x00000000A337E823
[2020.08.21-12.58.55:746][ 17]LogWindows: Error: UE4Editor-SlateRHIRenderer.dll!0x00000000A3383DAE
[2020.08.21-12.58.55:748][ 17]LogWindows: Error: UE4Editor-Core.dll!0x00000000AF9E24F5
[2020.08.21-12.58.55:748][ 17]LogWindows: Error: UE4Editor-Core.dll!0x00000000AF9E2ADA
[2020.08.21-12.58.55:748][ 17]LogWindows: Error: UE4Editor-RenderCore.dll!0x00000000CBD71FB1
[2020.08.21-12.58.55:749][ 17]LogWindows: Error: UE4Editor-RenderCore.dll!0x00000000CBD73076
[2020.08.21-12.58.55:750][ 17]LogWindows: Error: UE4Editor-Core.dll!0x00000000AFD90EA8
[2020.08.21-12.58.55:750][ 17]LogWindows: Error: UE4Editor-Core.dll!0x00000000AFD870AC
[2020.08.21-12.58.55:750][ 17]LogWindows: Error: KERNEL32.DLL!0x00000000EAEB7BD4
[2020.08.21-12.58.55:750][ 17]LogWindows: Error: ntdll.dll!0x00000000EB1ECE51
[2020.08.21-12.58.55:750][ 17]LogWindows: Error: ntdll.dll!0x00000000EB1ECE51
[2020.08.21-12.58.55:750][ 17]LogWindows: Error: 
[2020.08.21-12.58.55:750][ 17]LogWindows: Error: 
[2020.08.21-12.58.55:750][ 17]LogWindows: Error: 
[2020.08.21-12.58.55:750][ 17]LogWindows: Error: 
[2020.08.21-12.58.55:855][ 17]LogExit: Executing StaticShutdownAfterError
[2020.08.21-12.58.55:888][ 17]LogWindows: FPlatformMisc::RequestExit(1)
[2020.08.21-12.58.55:888][ 17]Log file closed, 08/21/20 20:58:55
