Log file open, 08/21/20 21:00:32
LogWindows: Failed to load 'aqProf.dll' (GetLastError=126)
LogWindows: File 'aqProf.dll' does not exist
LogWindows: Failed to load 'VSPerf140.dll' (GetLastError=126)
LogWindows: File 'VSPerf140.dll' does not exist
LogWindows: Failed to load 'VtuneApi.dll' (GetLastError=126)
LogWindows: File 'VtuneApi.dll' does not exist
LogWindows: Failed to load 'VtuneApi32e.dll' (GetLastError=126)
LogWindows: File 'VtuneApi32e.dll' does not exist
LogInit: Display: Running engine for game: ProceduralWall
LogPlatformFile: Not using cached read wrapper
LogInit: Display: RandInit(-1112403340) SRandInit(-1112403340).
LogTaskGraph: Started task graph with 5 named threads and 8 total threads with 3 sets of task threads.
LogStats: Stats thread started at 0.168232
LogD3D11RHI: Aftermath initialized
LogPluginManager: Mounting plugin Paper2D
LogPluginManager: Mounting plugin LightPropagationVolume
LogPluginManager: Mounting plugin CodeLiteSourceCodeAccess
LogPluginManager: Mounting plugin GitSourceControl
LogPluginManager: Mounting plugin KDevelopSourceCodeAccess
LogPluginManager: Mounting plugin NullSourceCodeAccess
LogPluginManager: Mounting plugin PerforceSourceControl
LogPluginManager: Mounting plugin SubversionSourceControl
LogPluginManager: Mounting plugin UObjectPlugin
LogPluginManager: Mounting plugin VisualStudioSourceCodeAccess
LogPluginManager: Mounting plugin XCodeSourceCodeAccess
LogPluginManager: Mounting plugin AssetManagerEditor
LogPluginManager: Mounting plugin AudioCapture
LogPluginManager: Mounting plugin FacialAnimation
LogPluginManager: Mounting plugin GameplayTagsEditor
LogPluginManager: Mounting plugin MobileLauncherProfileWizard
LogPluginManager: Mounting plugin PluginBrowser
LogPluginManager: Mounting plugin SpeedTreeImporter
LogPluginManager: Mounting plugin AlembicImporter
LogPluginManager: Mounting plugin CharacterAI
LogPluginManager: Mounting plugin HTML5Networking
LogPluginManager: Mounting plugin AndroidMedia
LogPluginManager: Mounting plugin AvfMedia
LogPluginManager: Mounting plugin MediaPlayerEditor
LogPluginManager: Mounting plugin WmfMedia
LogPluginManager: Mounting plugin TcpMessaging
LogPluginManager: Mounting plugin UdpMessaging
LogPluginManager: Mounting plugin LevelSequenceEditor
LogPluginManager: Mounting plugin MatineeToLevelSequence
LogPluginManager: Mounting plugin OnlineSubsystemGooglePlay
LogPluginManager: Mounting plugin OnlineSubsystemIOS
LogPluginManager: Mounting plugin OnlineSubsystem
LogPluginManager: Mounting plugin OnlineSubsystemNull
LogPluginManager: Mounting plugin OnlineSubsystemUtils
LogPluginManager: Mounting plugin AndroidDeviceProfileSelector
LogPluginManager: Mounting plugin AndroidMoviePlayer
LogPluginManager: Mounting plugin AndroidPermission
LogPluginManager: Mounting plugin AppleMoviePlayer
LogPluginManager: Mounting plugin ArchVisCharacter
LogPluginManager: Mounting plugin CableComponent
LogPluginManager: Mounting plugin CustomMeshComponent
LogPluginManager: Mounting plugin ExampleDeviceProfileSelector
LogPluginManager: Mounting plugin GoogleCloudMessaging
LogPluginManager: Mounting plugin ImmediatePhysics
LogPluginManager: Mounting plugin IOSDeviceProfileSelector
LogPluginManager: Mounting plugin LinuxDeviceProfileSelector
LogPluginManager: Mounting plugin LocationServicesBPLibrary
LogPluginManager: Mounting plugin MobilePatchingUtils
LogPluginManager: Mounting plugin OculusVR
LogPluginManager: Mounting plugin PhysXVehicles
LogPluginManager: Mounting plugin ProceduralMeshComponent
LogPluginManager: Mounting plugin RuntimePhysXCooking
LogPluginManager: Mounting plugin SteamVR
LogPluginManager: Mounting plugin WindowsMoviePlayer
LogInit: Using libcurl 7.47.1
LogInit:  - built for x86_64-pc-win32
LogInit:  - supports SSL with OpenSSL/1.0.2g
LogInit:  - supports HTTP deflate (compression) using libz 1.2.8
LogInit:  - other features:
LogInit:      CURL_VERSION_SSL
LogInit:      CURL_VERSION_LIBZ
LogInit:      CURL_VERSION_IPV6
LogInit:      CURL_VERSION_ASYNCHDNS
LogInit:      CURL_VERSION_LARGEFILE
LogInit:      CURL_VERSION_IDN
LogInit:  CurlRequestOptions (configurable via config and command line):
LogInit:  - bVerifyPeer = false  - Libcurl will NOT verify peer certificate
LogInit:  - bUseHttpProxy = false  - Libcurl will NOT use HTTP proxy
LogInit:  - bDontReuseConnections = false  - Libcurl will reuse connections
LogInit:  - CertBundlePath = nullptr  - Libcurl will use whatever was configured at build time.
LogInit: Build: ++UE4+Release-4.17-CL-3658906
LogInit: Engine Version: 4.17.2-3658906+++UE4+Release-4.17
LogInit: Compatible Engine Version: 4.17.0-3573198+++UE4+Release-4.17
LogInit: Net CL: 3573198
LogDevObjectVersion: Number of dev versions registered: 16
LogDevObjectVersion:   Dev-Blueprints (B0D832E4-1F89-4F0D-ACCF-7EB736FD4AA2): 10
LogDevObjectVersion:   Dev-Build (E1C64328-A22C-4D53-A36C-8E866417BD8C): 0
LogDevObjectVersion:   Dev-Core (375EC13C-06E4-48FB-B500-84F0262A717E): 2
LogDevObjectVersion:   Dev-Editor (E4B068ED-F494-42E9-A231-DA0B2E46BB41): 20
LogDevObjectVersion:   Dev-Framework (CFFC743F-43B0-4480-9391-14DF171D2073): 28
LogDevObjectVersion:   Dev-Mobile (B02B49B5-BB20-44E9-A304-32B752E40360): 0
LogDevObjectVersion:   Dev-Networking (A4E4105C-59A1-49B5-A7C5-40C4547EDFEE): 0
LogDevObjectVersion:   Dev-Online (39C831C9-5AE6-47DC-9A44-9C173E1C8E7C): 0
LogDevObjectVersion:   Dev-Physics (78F01B33-EBEA-4F98-B9B4-84EACCB95AA2): 0
LogDevObjectVersion:   Dev-Platform (6631380F-2D4D-43E0-8009-CF276956A95A): 0
LogDevObjectVersion:   Dev-Rendering (12F88B9F-8875-4AFC-A67C-D90C383ABD29): 19
LogDevObjectVersion:   Dev-Sequencer (7B5AE74C-D270-4C10-A958-57980B212A5A): 4
LogDevObjectVersion:   Dev-VR (D7296918-1DD6-4BDD-9DE2-64A83CC13884): 0
LogDevObjectVersion:   Dev-LoadTimes (C2A15278-BFE7-4AFE-6C17-90FF531DF755): 1
LogDevObjectVersion:   Private-Geometry (6EACA3D4-40EC-4CC1-B786-8BED09428FC5): 1
LogDevObjectVersion:   Dev-AnimPhys (29E575DD-E0A3-4627-9D10-D276232CDCEA): 7
LogInit: Compiled (64-bit): Sep 22 2017 13:47:16
LogInit: Compiled with Visual C++: 19.00.24215.01
LogInit: Build Configuration: Development
LogInit: Branch Name: ++UE4+Release-4.17
LogInit: Command line:  
LogInit: Base directory: D:/Program Files/Epic Games/UE_4.17/Engine/Binaries/Win64/
LogInit: Installed Engine Build: 1
LogInit: Presizing for max 8388607 objects, including 0 objects not considered by GC, pre-allocating 0 bytes for permanent pool.
LogInit: Object subsystem initialized
[2020.08.21-13.00.33:105][  0]LogInit: Selected Device Profile: [Windows]
[2020.08.21-13.00.33:105][  0]LogInit: Applying CVar settings loaded from the selected device profile: [Windows]
[2020.08.21-13.00.33:234][  0]LogInit: Computer: DESKTOP-629OVH4
[2020.08.21-13.00.33:234][  0]LogInit: User: 贾瑞
[2020.08.21-13.00.33:234][  0]LogInit: CPU Page size=4096, Cores=2
[2020.08.21-13.00.33:234][  0]LogInit: High frequency timer resolution =10.000000 MHz
[2020.08.21-13.00.33:234][  0]LogMemory: Memory total: Physical=7.9GB (8GB approx)
[2020.08.21-13.00.33:234][  0]LogMemory: Platform Memory Stats for Windows
[2020.08.21-13.00.33:234][  0]LogMemory: Process Physical Memory: 277.87 MB used, 277.87 MB peak
[2020.08.21-13.00.33:234][  0]LogMemory: Process Virtual Memory: 275.81 MB used, 275.81 MB peak
[2020.08.21-13.00.33:234][  0]LogMemory: Physical Memory: 3514.64 MB used,  4598.32 MB free, 8112.96 MB total
[2020.08.21-13.00.33:234][  0]LogMemory: Virtual Memory: 4785.48 MB used,  4598.32 MB free, 134217728.00 MB total
[2020.08.21-13.00.33:434][  0]LogInit: Overriding language with editor language configuration option (en).
[2020.08.21-13.00.33:434][  0]LogInit: Overriding locale with editor locale configuration option (en).
[2020.08.21-13.00.34:707][  0]LogD3D11RHI: D3D11 adapters:
[2020.08.21-13.00.35:265][  0]LogD3D11RHI:    0. 'AMD Radeon HD 8500M' (Feature Level 11_0)
[2020.08.21-13.00.35:266][  0]LogD3D11RHI:       1015/0/4056 MB DedicatedVideo/DedicatedSystem/SharedSystem, Outputs:1, VendorId:0x1002
[2020.08.21-13.00.35:325][  0]LogD3D11RHI:    1. 'Intel(R) HD Graphics Family' (Feature Level 11_0)
[2020.08.21-13.00.35:326][  0]LogD3D11RHI:       112/0/2048 MB DedicatedVideo/DedicatedSystem/SharedSystem, Outputs:0, VendorId:0x8086
[2020.08.21-13.00.35:336][  0]LogD3D11RHI:    2. 'Microsoft Basic Render Driver' (Feature Level 11_0)
[2020.08.21-13.00.35:336][  0]LogD3D11RHI:       0/0/4056 MB DedicatedVideo/DedicatedSystem/SharedSystem, Outputs:0, VendorId:0x1414
[2020.08.21-13.00.35:337][  0]LogD3D11RHI: Chosen D3D11 Adapter: 0
[2020.08.21-13.00.35:349][  0]LogD3D11RHI: Creating new Direct3DDevice
[2020.08.21-13.00.35:350][  0]LogD3D11RHI:     GPU DeviceId: 0x666f (for the marketing name, search the web for "GPU Device Id")
[2020.08.21-13.00.35:350][  0]LogWindows: EnumDisplayDevices:
[2020.08.21-13.00.35:350][  0]LogWindows:    0. 'Intel(R) HD Graphics Family' (P:1 D:1)
[2020.08.21-13.00.35:351][  0]LogWindows:    1. 'Intel(R) HD Graphics Family' (P:0 D:0)
[2020.08.21-13.00.35:352][  0]LogWindows:    2. 'Intel(R) HD Graphics Family' (P:0 D:0)
[2020.08.21-13.00.35:353][  0]LogWindows: DebugString: GetVideoDriverDetailsInvalid PrimaryIsNotTheChoosenAdapter GetVideoDriverDetailsInvalid PrimaryIsNotTheChoosenAdapter GetVideoDriverDetailsInvalid PrimaryIsNotTheChoosenAdapter FoundDriverCount:0 
[2020.08.21-13.00.35:353][  0]LogD3D11RHI:     Adapter Name: AMD Radeon HD 8500M
[2020.08.21-13.00.35:353][  0]LogD3D11RHI:   Driver Version: Unknown (internal:Unknown, unified:Unknown)
[2020.08.21-13.00.35:353][  0]LogD3D11RHI:      Driver Date: Unknown
[2020.08.21-13.00.35:353][  0]LogRHI: Texture pool is 710 MB (70% of 1015 MB)
[2020.08.21-13.00.35:715][  0]LogD3D11RHI: Async texture creation enabled
[2020.08.21-13.00.35:860][  0]LogD3D11RHI: GPU Timing Frequency: 27.000000 (Debug: 2 1)
[2020.08.21-13.00.35:871][  0]LogShaderCompilers: Guid format shader working directory is -9 characters bigger than the processId version (G:/Users/贾瑞/Documents/Unreal Projects/ProceduralWall/Intermediate/Shaders/WorkingDirectory/7772/).
[2020.08.21-13.00.35:872][  0]LogShaderCompilers: Cleaned the shader compiler working directory 'C:/Users/贾瑞/AppData/Local/Temp/UnrealShaderWorkingDir/8B9E33324690D940D2FA45AC46237055/'.
[2020.08.21-13.00.35:872][  0]LogShaderCompilers: Display: Using Local Shader Compiler.
[2020.08.21-13.00.37:657][  0]LogTemp: Display: Loaded TP AllDesktopTargetPlatform
[2020.08.21-13.00.37:727][  0]LogTemp: Display: Loaded TP MacClientTargetPlatform
[2020.08.21-13.00.37:809][  0]LogTemp: Display: Loaded TP MacNoEditorTargetPlatform
[2020.08.21-13.00.37:880][  0]LogTemp: Display: Loaded TP MacServerTargetPlatform
[2020.08.21-13.00.37:965][  0]LogTemp: Display: Loaded TP MacTargetPlatform
[2020.08.21-13.00.38:060][  0]LogTemp: Display: Loaded TP WindowsClientTargetPlatform
[2020.08.21-13.00.38:133][  0]LogTemp: Display: Loaded TP WindowsNoEditorTargetPlatform
[2020.08.21-13.00.38:199][  0]LogTemp: Display: Loaded TP WindowsServerTargetPlatform
[2020.08.21-13.00.38:273][  0]LogTemp: Display: Loaded TP WindowsTargetPlatform
[2020.08.21-13.00.38:344][  0]LogTemp: Display: Loaded TP AndroidTargetPlatform
[2020.08.21-13.00.38:414][  0]LogTemp: Display: Loaded TP Android_ASTCTargetPlatform
[2020.08.21-13.00.38:480][  0]LogTemp: Display: Loaded TP Android_ATCTargetPlatform
[2020.08.21-13.00.38:545][  0]LogTemp: Display: Loaded TP Android_DXTTargetPlatform
[2020.08.21-13.00.38:622][  0]LogTemp: Display: Loaded TP Android_ETC1TargetPlatform
[2020.08.21-13.00.38:682][  0]LogTemp: Display: Loaded TP Android_ETC2TargetPlatform
[2020.08.21-13.00.38:821][  0]LogTemp: Display: Loaded TP Android_MultiTargetPlatform
[2020.08.21-13.00.38:821][  0]LogTemp: Display: Loaded TP Android_PVRTCTargetPlatform
[2020.08.21-13.00.38:876][  0]LogTemp: Display: Loaded TP HTML5TargetPlatform
[2020.08.21-13.00.38:998][  0]LogTemp: Display: Loaded TP IOSTargetPlatform
[2020.08.21-13.00.39:057][  0]LogTemp: Display: Loaded TP TVOSTargetPlatform
[2020.08.21-13.00.39:127][  0]LogTemp: Display: Loaded TP LinuxClientTargetPlatform
[2020.08.21-13.00.39:203][  0]LogTemp: Display: Loaded TP LinuxNoEditorTargetPlatform
[2020.08.21-13.00.39:290][  0]LogTemp: Display: Loaded TP LinuxServerTargetPlatform
[2020.08.21-13.00.39:353][  0]LogTemp: Display: Loaded TP LinuxTargetPlatform
[2020.08.21-13.00.39:353][  0]LogTargetPlatformManager: Display: Building Assets For Windows
[2020.08.21-13.00.40:392][  0]LogDerivedDataCache: Display: Max Cache Size: 512 MB
[2020.08.21-13.00.40:511][  0]LogDerivedDataCache: Loaded boot cache 0.12s 93MB C:/Users/贾瑞/AppData/Local/UnrealEngine/4.17/DerivedDataCache/Boot.ddc.
[2020.08.21-13.00.40:511][  0]LogDerivedDataCache: Display: Loaded Boot cache: C:/Users/贾瑞/AppData/Local/UnrealEngine/4.17/DerivedDataCache/Boot.ddc
[2020.08.21-13.00.40:511][  0]LogDerivedDataCache: FDerivedDataBackendGraph:  Pak pak cache file G:/Users/贾瑞/Documents/Unreal Projects/ProceduralWall/DerivedDataCache/DDC.ddp not found, will not use a pak cache.
[2020.08.21-13.00.40:511][  0]LogDerivedDataCache: Unable to find inner node Pak for hierarchical cache Hierarchy.
[2020.08.21-13.00.40:511][  0]LogDerivedDataCache: FDerivedDataBackendGraph:  CompressedPak pak cache file G:/Users/贾瑞/Documents/Unreal Projects/ProceduralWall/DerivedDataCache/Compressed.ddp not found, will not use a pak cache.
[2020.08.21-13.00.40:511][  0]LogDerivedDataCache: Unable to find inner node CompressedPak for hierarchical cache Hierarchy.
[2020.08.21-13.00.40:548][  0]LogDerivedDataCache: Display: Pak cache opened for reading ../../../Engine/DerivedDataCache/Compressed.ddp.
[2020.08.21-13.00.40:564][  0]LogDerivedDataCache: Using Local data cache path C:/Users/贾瑞/AppData/Local/UnrealEngine/Common/DerivedDataCache: Writable
[2020.08.21-13.00.40:642][  0]LogMaterial: Verifying Global Shaders for PCD3D_SM5
[2020.08.21-13.00.40:643][  0]LogSlate: Using Freetype 2.6.0
[2020.08.21-13.00.40:644][  0]LogSlate: SlateFontCache - WITH_FREETYPE: 1, WITH_HARFBUZZ: 1
[2020.08.21-13.00.40:644][  0]LogSlate: SlateFontCache - WITH_FREETYPE: 1, WITH_HARFBUZZ: 1
[2020.08.21-13.00.41:085][  0]LogAssetRegistry: FAssetRegistry took 0.0291 seconds to start up
[2020.08.21-13.00.41:672][  0]LogInit: Selected Device Profile: [Windows]
[2020.08.21-13.00.42:793][  0]LogSimplygon: Simplygon DLL not present - disabling.
[2020.08.21-13.00.42:842][  0]LogMeshReduction: Using SimplygonSwarm for distributed automatic mesh merging
[2020.08.21-13.00.42:842][  0]LogMeshReduction: Using QuadricMeshReduction for automatic static mesh reduction
[2020.08.21-13.00.42:842][  0]LogMeshReduction: No automatic skeletal mesh reduction module available
[2020.08.21-13.00.42:842][  0]LogMeshReduction: No automatic mesh merging module available
[2020.08.21-13.00.42:842][  0]LogMeshMerging: No automatic mesh merging module available
[2020.08.21-13.00.42:874][  0]LogContentStreaming: Texture pool size is 0.00 MB
[2020.08.21-13.00.44:019][  0]LogNetVersion: ProceduralWall , NetCL: 3573198, EngineNetVer: 2, GameNetVer: 0 (Checksum: 692644792)
[2020.08.21-13.00.44:853][  0]LogPackageLocalizationCache: Processed 5 localized package path(s) for 1 prioritized culture(s) in 0.149675 seconds
[2020.08.21-13.00.44:862][  0]LogUObjectArray: 35825 objects as part of root set at end of initial load.
[2020.08.21-13.00.44:862][  0]LogUObjectAllocator: 7529112 out of 0 bytes used by permanent object pool.
[2020.08.21-13.00.44:862][  0]LogUObjectArray: CloseDisregardForGC: 0/0 objects in disregard for GC pool
[2020.08.21-13.00.44:932][  0]LogInit: WinSock: version 1.1 (2.2), MaxSocks=32767, MaxUdp=65467
[2020.08.21-13.00.48:932][  0]LogTcpMessaging: Initializing TcpMessaging bridge
[2020.08.21-13.00.48:991][  0]LogUdpMessaging: Initializing bridge on interface 0.0.0.0:0 to multicast group 230.0.0.1:6666.
[2020.08.21-13.00.49:903][  0]LogMaterial: Uniform references updated for custom material expression Custom.
[2020.08.21-13.00.50:501][  0]SourceControl: Source control is disabled
[2020.08.21-13.00.50:502][  0]SourceControl: Source control is disabled
[2020.08.21-13.00.50:571][  0]SourceControl: Source control is disabled
[2020.08.21-13.00.50:638][  0]SourceControl: Source control is disabled
[2020.08.21-13.00.51:710][  0]LogAndroidPermission: UAndroidPermissionCallbackProxy::GetInstance
[2020.08.21-13.00.52:183][  0]LogOcInput: OculusInput pre-init called
[2020.08.21-13.00.52:718][  0]LogEngine: Initializing Engine...
[2020.08.21-13.00.52:723][  0]LogHMD: Failed to initialize OpenVR with code 110
[2020.08.21-13.00.53:283][  0]LogStats: UGameplayTagsManager::ConstructGameplayTagTree: Construct from data asset -  0.000 s
[2020.08.21-13.00.53:283][  0]LogStats: UGameplayTagsManager::ConstructGameplayTagTree: GameplayTagTreeChangedEvent.Broadcast -  0.000 s
[2020.08.21-13.00.53:485][  0]LogAIModule: Creating AISystem for world Untitled
[2020.08.21-13.00.53:530][  0]LogInit: XAudio2 using '扬声器 (Realtek High Definition Audio)' : 2 channels at 48 kHz using 32 bits per sample (channel mask 0x3)
[2020.08.21-13.00.53:807][  0]LogInit: FAudioDevice initialized.
[2020.08.21-13.00.53:951][  0]LogDerivedDataCache: Saved boot cache 0.14s 93MB C:/Users/贾瑞/AppData/Local/UnrealEngine/4.17/DerivedDataCache/Boot.ddc.
[2020.08.21-13.00.53:967][  0]LogInit: Texture streaming: Enabled
[2020.08.21-13.00.54:194][  0]LogEngineSessionManager: EngineSessionManager initialized
[2020.08.21-13.00.54:855][  0]LogInit: Transaction tracking system initialized
[2020.08.21-13.00.55:435][  0]BlueprintLog: New page: Editor Load
[2020.08.21-13.00.57:208][  0]LocalizationService: Localization service is disabled
[2020.08.21-13.00.58:599][  0]LogConsoleResponse: Display: 
[2020.08.21-13.00.59:185][  0]LogCook: Display: Max memory allowance for cook 16384mb min free memory 0mb
[2020.08.21-13.00.59:185][  0]LogCook: Display: Mobile HDR setting 1
[2020.08.21-13.00.59:185][  0]LogGameplayTags: Display: UGameplayTagsManager::DoneAddingNativeTags. DelegateIsBound: 0
[2020.08.21-13.00.59:412][  0]LogFileCache: Scanning file cache for directory 'G:/Users/贾瑞/Documents/Unreal Projects/ProceduralWall/Content/' took 0.07s
[2020.08.21-13.01.00:880][  0]SourceControl: Source control is disabled
[2020.08.21-13.01.00:880][  0]Cmd: MAP LOAD FILE="G:/Users/贾瑞/Documents/Unreal Projects/ProceduralWall/Content/ThirdPersonBP/Maps/ThirdPersonExampleMap.umap" TEMPLATE=0 SHOWPROGRESS=1 FEATURELEVEL=3
[2020.08.21-13.01.00:881][  0]LightingResults: New page: Lighting Build
[2020.08.21-13.01.00:948][  0]MapCheck: New page: Map Check
[2020.08.21-13.01.00:948][  0]LightingResults: New page: Lighting Build
[2020.08.21-13.01.13:421][  0]LogTexture: Display: Building textures: T_Weapon_Set2_BaseColor (AutoDXT, 4096X4096)
[2020.08.21-13.01.13:422][  0]LogTexture: Display: Building textures: T_Weapon_Set2_Normal (BC5, 4096X4096)
[2020.08.21-13.01.30:769][  0]LogTexture: Display: Building textures: prohibition (AutoDXT, 128X128)
[2020.08.21-13.01.30:769][  0]LogTexture: Display: Building textures: axe_79 (BGRA8, 79X127)
[2020.08.21-13.01.30:769][  0]LogTexture: Display: Building textures: axe_110 (BGRA8, 110X127)
[2020.08.21-13.01.30:769][  0]LogTexture: Display: Building textures: Target (AutoDXT, 72X72)
[2020.08.21-13.01.30:769][  0]LogTexture: Display: Building textures: MapPic (BGRA8, 397X395)
[2020.08.21-13.01.30:769][  0]LogTexture: Display: Building textures: T_Weapon_Set2_OcclusionRoughnessMetallic (AutoDXT, 4096X4096)
[2020.08.21-13.01.46:444][  0]LogMaterial: Missing cached shader map for material M_WeaponSet_2, compiling. 
[2020.08.21-13.01.46:722][  0]LogStaticMesh: Building static mesh SM_GreatAxe...
[2020.08.21-13.01.46:772][  0]LogStaticMesh: Built static mesh [0.05s] /Game/Weapon_Pack/Mesh/Weapons/Weapons_Kit/SM_GreatAxe.SM_GreatAxe
[2020.08.21-13.01.47:341][  0]LogAIModule: Creating AISystem for world ThirdPersonExampleMap
[2020.08.21-13.01.47:365][  0]LogEditorServer: Finished looking for orphan Actors (0.000 secs)
[2020.08.21-13.01.47:534][  0]Cmd: MAP CHECKDEP NOCLEARLOG
[2020.08.21-13.01.47:676][  0]MapCheck: Map check complete: 0 Error(s), 0 Warning(s), took 142.221ms to complete.
[2020.08.21-13.01.47:676][  0]LogFileHelpers: Loading map 'ThirdPersonExampleMap' took 46.797
[2020.08.21-13.01.48:095][  0]LogCollectionManager: Loaded 0 collections in 0.005148 seconds
[2020.08.21-13.01.48:252][  0]LogFileCache: Scanning file cache for directory 'G:/Users/贾瑞/Documents/Unreal Projects/ProceduralWall/Saved/Collections/' took 0.01s
[2020.08.21-13.01.48:252][  0]LogFileCache: Scanning file cache for directory 'G:/Users/贾瑞/Documents/Unreal Projects/ProceduralWall/Content/Developers/贾瑞/Collections/' took 0.01s
[2020.08.21-13.01.48:253][  0]LogFileCache: Scanning file cache for directory 'G:/Users/贾瑞/Documents/Unreal Projects/ProceduralWall/Content/Collections/' took 0.01s
[2020.08.21-13.01.48:253][  0]LogCollectionManager: Rebuilt the GUID cache for 0 collections in 0.000001 seconds
[2020.08.21-13.01.48:278][  0]LogContentBrowser: Native class hierarchy populated in 0.0249 seconds. Added 2386 classes and 500 folders.
[2020.08.21-13.01.48:444][  0]LogContentBrowser: Native class hierarchy updated for 'WidgetCarousel' in 0.0031 seconds. Added 0 classes and 0 folders.
[2020.08.21-13.01.48:629][  0]LogContentBrowser: Native class hierarchy updated for 'AddContentDialog' in 0.0022 seconds. Added 0 classes and 0 folders.
[2020.08.21-13.01.48:732][  0]LogContentBrowser: Native class hierarchy updated for 'SceneOutliner' in 0.0023 seconds. Added 1 classes and 2 folders.
[2020.08.21-13.01.48:975][  0]LogSlate: Took 0.000356 seconds to synchronously load lazily loaded font '../../../Engine/Content/Slate/Fonts/Roboto-Regular.ttf' (155K)
[2020.08.21-13.01.48:980][  0]LogSlate: Took 0.000267 seconds to synchronously load lazily loaded font '../../../Engine/Content/Slate/Fonts/Roboto-Bold.ttf' (160K)
[2020.08.21-13.01.48:993][  0]LogSlate: Took 0.000486 seconds to synchronously load lazily loaded font '../../../Engine/Content/Editor/Slate/Fonts/FontAwesome.ttf' (139K)
[2020.08.21-13.01.49:337][  0]LogRenderer: Reallocating scene render targets to support 788x404 Format 10 NumSamples 1 (Frame:1).
[2020.08.21-13.01.50:946][  0]LogContentBrowser: Native class hierarchy updated for 'HierarchicalLODOutliner' in 0.0039 seconds. Added 1 classes and 2 folders.
[2020.08.21-13.01.50:948][  0]LogLoad: (Engine Initialization) Total time: 80.98 seconds
[2020.08.21-13.01.50:949][  0]LogLoad: (Engine Initialization) Total Blueprint compile time: 0.00 seconds
[2020.08.21-13.01.50:950][  0]LogExternalProfiler: No external profilers were discovered.  External profiling features will not be available.
[2020.08.21-13.01.50:987][  0]LogContentStreaming: Texture pool size now 1000 MB
[2020.08.21-13.01.51:014][  0]LogSlate: Took 0.000319 seconds to synchronously load lazily loaded font '../../../Engine/Content/Slate/Fonts/Roboto-Light.ttf' (159K)
[2020.08.21-13.01.51:855][  6]LogAssetRegistry: Asset discovery search completed in 70.7927 seconds
[2020.08.21-13.01.51:863][  6]LogCollectionManager: Rebuilt the object cache for 0 collections in 0.000001 seconds (found 0 objects)
[2020.08.21-13.01.51:863][  6]LogCollectionManager: Fixed up redirectors for 0 collections in 0.000115 seconds (updated 0 objects)
[2020.08.21-13.01.52:040][ 10]LogSlate: Took 0.000375 seconds to synchronously load lazily loaded font '../../../Engine/Content/Slate/Fonts/Roboto-Light.ttf' (159K)
[2020.08.21-13.01.59:915][361]LogTemp: Repeating last play command: Selected Viewport
[2020.08.21-13.02.11:045][361]LogBlueprintUserMessages: Early PlayInEditor Detection: Level '/Game/ThirdPersonBP/Maps/ThirdPersonExampleMap.ThirdPersonExampleMap:PersistentLevel' has LevelScriptBlueprint '/Game/ThirdPersonBP/Maps/ThirdPersonExampleMap.ThirdPersonExampleMap:PersistentLevel.ThirdPersonExampleMap' with GeneratedClass '/Game/ThirdPersonBP/Maps/ThirdPersonExampleMap.ThirdPersonExampleMap_C' with ClassGeneratedBy '/Game/ThirdPersonBP/Maps/ThirdPersonExampleMap.ThirdPersonExampleMap:PersistentLevel.ThirdPersonExampleMap'
[2020.08.21-13.02.11:045][361]LogPlayLevel: PlayLevel: No blueprints needed recompiling
[2020.08.21-13.02.11:046][361]PIE: New page: PIE session: ThirdPersonExampleMap (Aug 22, 2020, 5:02:11 AM)
[2020.08.21-13.02.11:046][361]LogPlayLevel: Creating play world package: /Game/ThirdPersonBP/Maps/UEDPIE_0_ThirdPersonExampleMap
[2020.08.21-13.02.11:088][361]LogPlayLevel: PIE: StaticDuplicateObject took: (0.042263s)
[2020.08.21-13.02.11:090][361]LogAIModule: Creating AISystem for world ThirdPersonExampleMap
[2020.08.21-13.02.11:090][361]LogPlayLevel: PIE: World Init took: (0.001996s)
[2020.08.21-13.02.11:092][361]LogPlayLevel: PIE: Created PIE world by copying editor world from /Game/ThirdPersonBP/Maps/ThirdPersonExampleMap.ThirdPersonExampleMap to /Game/ThirdPersonBP/Maps/UEDPIE_0_ThirdPersonExampleMap.ThirdPersonExampleMap (0.045661s)
[2020.08.21-13.02.11:161][361]LogInit: XAudio2 using '扬声器 (Realtek High Definition Audio)' : 2 channels at 48 kHz using 32 bits per sample (channel mask 0x3)
[2020.08.21-13.02.11:259][361]LogInit: FAudioDevice initialized.
[2020.08.21-13.02.11:396][361]LogLoad: Game class is 'ThirdPersonGameMode_C'
[2020.08.21-13.02.11:402][361]LogWorld: Bringing World /Game/ThirdPersonBP/Maps/UEDPIE_0_ThirdPersonExampleMap.ThirdPersonExampleMap up for play (max tick rate 0) at 2020.08.21-21.02.11
[2020.08.21-13.02.11:403][361]LogWorld: Bringing up level for play took: 0.005022
[2020.08.21-13.02.11:515][361]LogContentBrowser: Native class hierarchy updated for 'MovieSceneCapture' in 0.0024 seconds. Added 11 classes and 0 folders.
[2020.08.21-13.02.11:524][361]PIE: Play in editor start time for /Game/ThirdPersonBP/Maps/UEDPIE_0_ThirdPersonExampleMap -0.502
[2020.08.21-13.02.11:524][361]LogBlueprintUserMessages: Late PlayInEditor Detection: Level '/Game/ThirdPersonBP/Maps/ThirdPersonExampleMap.ThirdPersonExampleMap:PersistentLevel' has LevelScriptBlueprint '/Game/ThirdPersonBP/Maps/ThirdPersonExampleMap.ThirdPersonExampleMap:PersistentLevel.ThirdPersonExampleMap' with GeneratedClass '/Game/ThirdPersonBP/Maps/ThirdPersonExampleMap.ThirdPersonExampleMap_C' with ClassGeneratedBy '/Game/ThirdPersonBP/Maps/ThirdPersonExampleMap.ThirdPersonExampleMap:PersistentLevel.ThirdPersonExampleMap'
[2020.08.21-13.08.10:578][955]LogWindowsTextInputMethodSystem: Display: IME system now activated using TSF (微软拼音).
[2020.08.21-13.08.11:007][955]LogBlueprintUserMessages: Early EndPlayMap Detection: Level '/Game/ThirdPersonBP/Maps/ThirdPersonExampleMap.ThirdPersonExampleMap:PersistentLevel' has LevelScriptBlueprint '/Game/ThirdPersonBP/Maps/ThirdPersonExampleMap.ThirdPersonExampleMap:PersistentLevel.ThirdPersonExampleMap' with GeneratedClass '/Game/ThirdPersonBP/Maps/ThirdPersonExampleMap.ThirdPersonExampleMap_C' with ClassGeneratedBy '/Game/ThirdPersonBP/Maps/ThirdPersonExampleMap.ThirdPersonExampleMap:PersistentLevel.ThirdPersonExampleMap'
[2020.08.21-13.08.11:054][955]LogBlueprintUserMessages: Late EndPlayMap Detection: Level '/Game/ThirdPersonBP/Maps/ThirdPersonExampleMap.ThirdPersonExampleMap:PersistentLevel' has LevelScriptBlueprint '/Game/ThirdPersonBP/Maps/ThirdPersonExampleMap.ThirdPersonExampleMap:PersistentLevel.ThirdPersonExampleMap' with GeneratedClass '/Game/ThirdPersonBP/Maps/ThirdPersonExampleMap.ThirdPersonExampleMap_C' with ClassGeneratedBy '/Game/ThirdPersonBP/Maps/ThirdPersonExampleMap.ThirdPersonExampleMap:PersistentLevel.ThirdPersonExampleMap'
[2020.08.21-13.08.11:239][956]Cmd: QUIT_EDITOR
[2020.08.21-13.08.11:798][956]LogExit: Preparing to exit.
[2020.08.21-13.08.12:359][956]LogExit: Editor shut down
[2020.08.21-13.08.12:366][956]LogExit: Transaction tracking system shut down
[2020.08.21-13.08.12:607][956]LogDirectoryWatcher: A directory notification for '../../../Engine/Content/' was aborted.
[2020.08.21-13.08.12:608][956]LogDirectoryWatcher: A directory notification for 'G:/Users/贾瑞/Documents/Unreal Projects/ProceduralWall/Content/' was aborted.
[2020.08.21-13.08.12:608][956]LogDirectoryWatcher: A directory notification for '../../../Engine/Plugins/2D/Paper2D/Content/' was aborted.
[2020.08.21-13.08.12:608][956]LogDirectoryWatcher: A directory notification for '../../../Engine/Plugins/Runtime/Oculus/OculusVR/Content/' was aborted.
[2020.08.21-13.08.12:608][956]LogDirectoryWatcher: A directory notification for '../../../Engine/Plugins/Runtime/Steam/SteamVR/Content/' was aborted.
[2020.08.21-13.08.12:694][956]LogExit: Object subsystem successfully closed.
[2020.08.21-13.08.12:719][956]LogD3D11RHI: Shutdown
[2020.08.21-13.08.12:719][956]LogD3D11RHI: CleanupD3DDevice
[2020.08.21-13.08.13:137][956]LogD3D11RHI: ~FD3D11DynamicRHI
[2020.08.21-13.08.13:150][956]LogModuleManager: Shutting down and abandoning module MovieSceneCapture (532)
[2020.08.21-13.08.13:151][956]LogModuleManager: Shutting down and abandoning module HierarchicalLODOutliner (530)
[2020.08.21-13.08.13:151][956]LogModuleManager: Shutting down and abandoning module SceneOutliner (528)
[2020.08.21-13.08.13:151][956]LogModuleManager: Shutting down and abandoning module AddContentDialog (526)
[2020.08.21-13.08.13:151][956]LogDirectoryWatcher: A directory notification for 'D:/Program Files/Epic Games/UE_4.17/FeaturePacks/' was aborted.
[2020.08.21-13.08.13:152][956]LogModuleManager: Shutting down and abandoning module WidgetCarousel (525)
[2020.08.21-13.08.13:152][956]LogModuleManager: Shutting down and abandoning module EditorWidgets (522)
[2020.08.21-13.08.13:152][956]LogModuleManager: Shutting down and abandoning module CollectionManager (520)
[2020.08.21-13.08.13:152][956]LogDirectoryWatcher: A directory notification for 'G:/Users/贾瑞/Documents/Unreal Projects/ProceduralWall/Content/Collections/' was aborted.
[2020.08.21-13.08.13:153][956]LogDirectoryWatcher: A directory notification for 'G:/Users/贾瑞/Documents/Unreal Projects/ProceduralWall/Content/Developers/贾瑞/Collections/' was aborted.
[2020.08.21-13.08.13:153][956]LogDirectoryWatcher: A directory notification for 'G:/Users/贾瑞/Documents/Unreal Projects/ProceduralWall/Saved/Collections/' was aborted.
[2020.08.21-13.08.13:153][956]LogModuleManager: Shutting down and abandoning module StatsViewer (518)
[2020.08.21-13.08.13:153][956]LogModuleManager: Shutting down and abandoning module FoliageEdit (516)
[2020.08.21-13.08.13:153][956]LogModuleManager: Shutting down and abandoning module LandscapeEditor (514)
[2020.08.21-13.08.13:153][956]LogModuleManager: Shutting down and abandoning module MeshPaintMode (512)
[2020.08.21-13.08.13:153][956]LogModuleManager: Shutting down and abandoning module SceneDepthPickerMode (510)
[2020.08.21-13.08.13:153][956]LogModuleManager: Shutting down and abandoning module ActorPickerMode (508)
[2020.08.21-13.08.13:153][956]LogModuleManager: Shutting down and abandoning module GeometryMode (506)
[2020.08.21-13.08.13:153][956]LogModuleManager: Shutting down and abandoning module TextureAlignMode (504)
[2020.08.21-13.08.13:153][956]LogModuleManager: Shutting down and abandoning module BspMode (502)
[2020.08.21-13.08.13:154][956]LogModuleManager: Shutting down and abandoning module PIEPreviewDeviceProfileSelector (500)
[2020.08.21-13.08.13:154][956]LogModuleManager: Shutting down and abandoning module HardwareSurvey (498)
[2020.08.21-13.08.13:154][956]LogModuleManager: Shutting down and abandoning module SequenceRecorderSections (496)
[2020.08.21-13.08.13:154][956]LogModuleManager: Shutting down and abandoning module AutomationWorker (494)
[2020.08.21-13.08.13:154][956]LogModuleManager: Shutting down and abandoning module MatineeToLevelSequence (492)
[2020.08.21-13.08.13:154][956]LogModuleManager: Shutting down and abandoning module LevelSequenceEditor (490)
[2020.08.21-13.08.13:154][956]LogModuleManager: Shutting down and abandoning module PlacementMode (489)
[2020.08.21-13.08.13:154][956]LogModuleManager: Shutting down and abandoning module WmfMediaFactory (486)
[2020.08.21-13.08.13:154][956]LogModuleManager: Shutting down and abandoning module WmfMediaEditor (484)
[2020.08.21-13.08.13:154][956]LogModuleManager: Shutting down and abandoning module AvfMediaFactory (482)
[2020.08.21-13.08.13:154][956]LogModuleManager: Shutting down and abandoning module AvfMediaEditor (480)
[2020.08.21-13.08.13:154][956]LogModuleManager: Shutting down and abandoning module AndroidMediaFactory (478)
[2020.08.21-13.08.13:154][956]LogModuleManager: Shutting down and abandoning module Media (477)
[2020.08.21-13.08.13:154][956]LogModuleManager: Shutting down and abandoning module AndroidMediaEditor (474)
[2020.08.21-13.08.13:154][956]LogModuleManager: Shutting down and abandoning module CharacterAI (472)
[2020.08.21-13.08.13:154][956]LogModuleManager: Shutting down and abandoning module AudioCapture (470)
[2020.08.21-13.08.13:154][956]LogModuleManager: Shutting down and abandoning module SequenceRecorder (469)
[2020.08.21-13.08.13:154][956]LogModuleManager: Shutting down and abandoning module SmartSnapping (466)
[2020.08.21-13.08.13:154][956]LogModuleManager: Shutting down and abandoning module SessionServices (464)
[2020.08.21-13.08.13:154][956]LogModuleManager: Shutting down and abandoning module ViewportSnapping (462)
[2020.08.21-13.08.13:154][956]LogModuleManager: Shutting down and abandoning module ViewportInteraction (460)
[2020.08.21-13.08.13:154][956]LogModuleManager: Shutting down and abandoning module ClothPainter (458)
[2020.08.21-13.08.13:155][956]LogModuleManager: Shutting down and abandoning module LogVisualizer (456)
[2020.08.21-13.08.13:155][956]LogModuleManager: Shutting down and abandoning module IntroTutorials (454)
[2020.08.21-13.08.13:155][956]LogModuleManager: Shutting down and abandoning module GameProjectGeneration (453)
[2020.08.21-13.08.13:155][956]LogModuleManager: Shutting down and abandoning module IOSPlatformEditor (450)
[2020.08.21-13.08.13:155][956]LogModuleManager: Shutting down and abandoning module HTML5PlatformEditor (448)
[2020.08.21-13.08.13:155][956]LogModuleManager: Shutting down and abandoning module AndroidPlatformEditor (446)
[2020.08.21-13.08.13:155][956]LogModuleManager: Shutting down and abandoning module AndroidDeviceDetection (445)
[2020.08.21-13.08.13:241][956]LogModuleManager: Shutting down and abandoning module WindowsPlatformEditor (442)
[2020.08.21-13.08.13:241][956]LogModuleManager: Shutting down and abandoning module IOSRuntimeSettings (440)
[2020.08.21-13.08.13:241][956]LogModuleManager: Shutting down and abandoning module AndroidRuntimeSettings (438)
[2020.08.21-13.08.13:241][956]LogModuleManager: Shutting down and abandoning module InputBindingEditor (436)
[2020.08.21-13.08.13:241][956]LogModuleManager: Shutting down and abandoning module MergeActors (434)
[2020.08.21-13.08.13:241][956]LogModuleManager: Shutting down and abandoning module SizeMap (432)
[2020.08.21-13.08.13:242][956]LogModuleManager: Shutting down and abandoning module TreeMap (430)
[2020.08.21-13.08.13:242][956]LogModuleManager: Shutting down and abandoning module ReferenceViewer (428)
[2020.08.21-13.08.13:242][956]LogModuleManager: Shutting down and abandoning module LocalizationDashboard (426)
[2020.08.21-13.08.13:242][956]LogModuleManager: Shutting down and abandoning module LocalizationService (425)
[2020.08.21-13.08.13:242][956]LogModuleManager: Shutting down and abandoning module HardwareTargeting (422)
[2020.08.21-13.08.13:242][956]LogModuleManager: Shutting down and abandoning module DeviceProfileEditor (420)
[2020.08.21-13.08.13:242][956]LogModuleManager: Shutting down and abandoning module UndoHistory (418)
[2020.08.21-13.08.13:242][956]LogModuleManager: Shutting down and abandoning module XmlParser (416)
[2020.08.21-13.08.13:242][956]LogModuleManager: Shutting down and abandoning module Blutility (414)
[2020.08.21-13.08.13:242][956]LogModuleManager: Shutting down and abandoning module ProjectSettingsViewer (412)
[2020.08.21-13.08.13:242][956]LogModuleManager: Shutting down and abandoning module ProjectTargetPlatformEditor (411)
[2020.08.21-13.08.13:242][956]LogModuleManager: Shutting down and abandoning module EditorSettingsViewer (408)
[2020.08.21-13.08.13:242][956]LogModuleManager: Shutting down and abandoning module SettingsEditor (406)
[2020.08.21-13.08.13:242][956]LogModuleManager: Shutting down and abandoning module ProjectLauncher (404)
[2020.08.21-13.08.13:242][956]LogModuleManager: Shutting down and abandoning module SessionFrontend (402)
[2020.08.21-13.08.13:242][956]LogModuleManager: Shutting down and abandoning module ProfilerClient (400)
[2020.08.21-13.08.13:242][956]LogModuleManager: Shutting down and abandoning module DeviceManager (398)
[2020.08.21-13.08.13:242][956]LogModuleManager: Shutting down and abandoning module TargetDeviceServices (397)
[2020.08.21-13.08.13:298][956]LogModuleManager: Shutting down and abandoning module AutomationController (394)
[2020.08.21-13.08.13:298][956]LogModuleManager: Shutting down and abandoning module AutomationWindow (392)
[2020.08.21-13.08.13:298][956]LogModuleManager: Shutting down and abandoning module Layers (390)
[2020.08.21-13.08.13:298][956]LogModuleManager: Shutting down and abandoning module ComponentVisualizers (388)
[2020.08.21-13.08.13:298][956]LogModuleManager: Shutting down and abandoning module DetailCustomizations (386)
[2020.08.21-13.08.13:298][956]LogModuleManager: Shutting down and abandoning module PackagesDialog (384)
[2020.08.21-13.08.13:298][956]LogModuleManager: Shutting down and abandoning module Persona (382)
[2020.08.21-13.08.13:298][956]LogModuleManager: Shutting down and abandoning module AdvancedPreviewScene (381)
[2020.08.21-13.08.13:298][956]LogModuleManager: Shutting down and abandoning module AnimGraph (379)
[2020.08.21-13.08.13:298][956]LogModuleManager: Shutting down and abandoning module Kismet (376)
[2020.08.21-13.08.13:299][956]LogModuleManager: Shutting down and abandoning module ClassViewer (374)
[2020.08.21-13.08.13:299][956]LogModuleManager: Shutting down and abandoning module Toolbox (372)
[2020.08.21-13.08.13:299][956]LogModuleManager: Shutting down and abandoning module ModuleUI (370)
[2020.08.21-13.08.13:299][956]LogModuleManager: Shutting down and abandoning module MovieSceneTools (368)
[2020.08.21-13.08.13:299][956]LogModuleManager: Shutting down and abandoning module OutputLog (366)
[2020.08.21-13.08.13:299][956]LogModuleManager: Shutting down and abandoning module GammaUI (364)
[2020.08.21-13.08.13:299][956]LogModuleManager: Shutting down and abandoning module Documentation (362)
[2020.08.21-13.08.13:299][956]LogModuleManager: Shutting down and abandoning module MovieSceneTracks (360)
[2020.08.21-13.08.13:299][956]LogModuleManager: Shutting down and abandoning module MovieScene (358)
[2020.08.21-13.08.13:299][956]LogModuleManager: Shutting down and abandoning module Niagara (356)
[2020.08.21-13.08.13:299][956]LogModuleManager: Shutting down and abandoning module NiagaraEditor (355)
[2020.08.21-13.08.13:300][956]LogModuleManager: Shutting down and abandoning module StreamingPauseRendering (352)
[2020.08.21-13.08.13:300][956]LogModuleManager: Shutting down and abandoning module LauncherPlatform (350)
[2020.08.21-13.08.13:300][956]LogModuleManager: Shutting down and abandoning module AnalyticsET (348)
[2020.08.21-13.08.13:300][956]LogModuleManager: Shutting down and abandoning module PortalServices (346)
[2020.08.21-13.08.13:300][956]LogModuleManager: Shutting down and abandoning module PortalRpc (344)
[2020.08.21-13.08.13:300][956]LogModuleManager: Shutting down and abandoning module MessagingRpc (342)
[2020.08.21-13.08.13:300][956]LogModuleManager: Shutting down and abandoning module AIModule (340)
[2020.08.21-13.08.13:300][956]LogModuleManager: Shutting down and abandoning module GameplayDebugger (339)
[2020.08.21-13.08.13:300][956]LogModuleManager: Shutting down and abandoning module AITestSuite (337)
[2020.08.21-13.08.13:300][956]LogModuleManager: Shutting down and abandoning module ProfilerService (334)
[2020.08.21-13.08.13:303][956]LogModuleManager: Shutting down and abandoning module TaskGraph (332)
[2020.08.21-13.08.13:303][956]LogModuleManager: Shutting down and abandoning module SteamVRController (330)
[2020.08.21-13.08.13:303][956]LogModuleManager: Shutting down and abandoning module ProceduralMeshComponentEditor (328)
[2020.08.21-13.08.13:303][956]LogModuleManager: Shutting down and abandoning module ProceduralMeshComponent (326)
[2020.08.21-13.08.13:303][956]LogModuleManager: Shutting down and abandoning module OculusInput (324)
[2020.08.21-13.08.13:303][956]LogModuleManager: Shutting down and abandoning module MobilePatchingUtils (322)
[2020.08.21-13.08.13:303][956]LogModuleManager: Shutting down and abandoning module CustomMeshComponent (320)
[2020.08.21-13.08.13:303][956]LogModuleManager: Shutting down and abandoning module CableComponent (318)
[2020.08.21-13.08.13:303][956]LogModuleManager: Shutting down and abandoning module ArchVisCharacter (316)
[2020.08.21-13.08.13:303][956]LogModuleManager: Shutting down and abandoning module AndroidPermission (314)
[2020.08.21-13.08.13:303][956]LogModuleManager: Shutting down and abandoning module MediaPlayerEditor (310)
[2020.08.21-13.08.13:303][956]LogModuleManager: Shutting down and abandoning module HTML5Networking (308)
[2020.08.21-13.08.13:303][956]LogModuleManager: Shutting down and abandoning module AlembicImporter (306)
[2020.08.21-13.08.13:303][956]LogModuleManager: Shutting down and abandoning module AlembicLibrary (305)
[2020.08.21-13.08.13:303][956]LogModuleManager: Shutting down and abandoning module GeometryCache (304)
[2020.08.21-13.08.13:303][956]LogModuleManager: Shutting down and abandoning module GeometryCacheEd (303)
[2020.08.21-13.08.13:303][956]LogModuleManager: Shutting down and abandoning module SpeedTreeImporter (298)
[2020.08.21-13.08.13:303][956]LogModuleManager: Shutting down and abandoning module PluginBrowser (296)
[2020.08.21-13.08.13:303][956]LogModuleManager: Shutting down and abandoning module MobileLauncherProfileWizard (294)
[2020.08.21-13.08.13:303][956]LogModuleManager: Shutting down and abandoning module VisualStudioSourceCodeAccess (292)
[2020.08.21-13.08.13:303][956]LogModuleManager: Shutting down and abandoning module DesktopPlatform (291)
[2020.08.21-13.08.13:303][956]LogModuleManager: Shutting down and abandoning module UObjectPlugin (288)
[2020.08.21-13.08.13:303][956]LogModuleManager: Shutting down and abandoning module SubversionSourceControl (286)
[2020.08.21-13.08.13:304][956]LogModuleManager: Shutting down and abandoning module PerforceSourceControl (284)
[2020.08.21-13.08.13:304][956]LogModuleManager: Shutting down and abandoning module GitSourceControl (282)
[2020.08.21-13.08.13:304][956]LogModuleManager: Shutting down and abandoning module SourceControl (281)
[2020.08.21-13.08.13:304][956]LogModuleManager: Shutting down and abandoning module LightPropagationVolumeEditor (278)
[2020.08.21-13.08.13:304][956]LogModuleManager: Shutting down and abandoning module PaperTiledImporter (276)
[2020.08.21-13.08.13:304][956]LogModuleManager: Shutting down and abandoning module PaperSpriteSheetImporter (274)
[2020.08.21-13.08.13:304][956]LogModuleManager: Shutting down and abandoning module Paper2DEditor (272)
[2020.08.21-13.08.13:304][956]LogModuleManager: Shutting down and abandoning module MeshPaint (271)
[2020.08.21-13.08.13:304][956]LogModuleManager: Shutting down and abandoning module LevelEditor (269)
[2020.08.21-13.08.13:305][956]LogModuleManager: Shutting down and abandoning module PixelInspectorModule (268)
[2020.08.21-13.08.13:305][956]LogModuleManager: Shutting down and abandoning module MainFrame (266)
[2020.08.21-13.08.13:305][956]LogModuleManager: Shutting down and abandoning module HotReload (265)
[2020.08.21-13.08.13:306][956]LogModuleManager: Shutting down and abandoning module RuntimePhysXCooking (260)
[2020.08.21-13.08.13:306][956]LogModuleManager: Shutting down and abandoning module PhysXVehiclesEditor (258)
[2020.08.21-13.08.13:306][956]LogModuleManager: Shutting down and abandoning module PhysXVehicles (256)
[2020.08.21-13.08.13:306][956]LogModuleManager: Shutting down and abandoning module OculusEditor (254)
[2020.08.21-13.08.13:306][956]LogModuleManager: Shutting down and abandoning module LocationServicesBPLibrary (252)
[2020.08.21-13.08.13:306][956]LogModuleManager: Shutting down and abandoning module ImmediatePhysicsEditor (250)
[2020.08.21-13.08.13:306][956]LogModuleManager: Shutting down and abandoning module ImmediatePhysics (248)
[2020.08.21-13.08.13:306][956]LogModuleManager: Shutting down and abandoning module UdpMessaging (246)
[2020.08.21-13.08.13:407][956]LogModuleManager: Shutting down and abandoning module TcpMessaging (244)
[2020.08.21-13.08.13:508][956]LogModuleManager: Shutting down and abandoning module GameplayTagsEditor (242)
[2020.08.21-13.08.13:508][956]LogModuleManager: Shutting down and abandoning module FacialAnimationEditor (240)
[2020.08.21-13.08.13:508][956]LogModuleManager: Shutting down and abandoning module FacialAnimation (238)
[2020.08.21-13.08.13:508][956]LogModuleManager: Shutting down and abandoning module AssetManagerEditor (236)
[2020.08.21-13.08.13:508][956]LogModuleManager: Shutting down and abandoning module GraphEditor (235)
[2020.08.21-13.08.13:508][956]LogModuleManager: Shutting down and abandoning module ContentBrowser (233)
[2020.08.21-13.08.13:510][956]LogModuleManager: Shutting down and abandoning module LightPropagationVolumeRuntime (230)
[2020.08.21-13.08.13:510][956]LogModuleManager: Shutting down and abandoning module Paper2D (228)
[2020.08.21-13.08.13:510][956]LogModuleManager: Shutting down and abandoning module WindowsMoviePlayer (226)
[2020.08.21-13.08.13:510][956]LogModuleManager: Shutting down and abandoning module WmfMedia (224)
[2020.08.21-13.08.13:518][956]LogModuleManager: Shutting down and abandoning module PacketHandler (222)
[2020.08.21-13.08.13:518][956]LogModuleManager: Shutting down and abandoning module ClothingSystemEditor (220)
[2020.08.21-13.08.13:518][956]LogModuleManager: Shutting down and abandoning module ClothingSystemRuntime (218)
[2020.08.21-13.08.13:518][956]LogModuleManager: Shutting down and abandoning module Overlay (216)
[2020.08.21-13.08.13:519][956]LogModuleManager: Shutting down and abandoning module OverlayEditor (215)
[2020.08.21-13.08.13:519][956]LogModuleManager: Shutting down and abandoning module MediaAssets (212)
[2020.08.21-13.08.13:519][956]LogModuleManager: Shutting down and abandoning module VREditor (210)
[2020.08.21-13.08.13:519][956]LogModuleManager: Shutting down and abandoning module StringTableEditor (208)
[2020.08.21-13.08.13:519][956]LogModuleManager: Shutting down and abandoning module GameplayTasksEditor (206)
[2020.08.21-13.08.13:519][956]LogModuleManager: Shutting down and abandoning module BehaviorTreeEditor (204)
[2020.08.21-13.08.13:519][956]LogModuleManager: Shutting down and abandoning module FunctionalTesting (202)
[2020.08.21-13.08.13:519][956]LogModuleManager: Shutting down and abandoning module CollisionAnalyzer (200)
[2020.08.21-13.08.13:519][956]LogModuleManager: Shutting down and abandoning module WorkspaceMenuStructure (199)
[2020.08.21-13.08.13:519][956]LogModuleManager: Shutting down and abandoning module UMG (196)
[2020.08.21-13.08.13:519][956]LogModuleManager: Shutting down and abandoning module UMGEditor (195)
[2020.08.21-13.08.13:519][956]LogModuleManager: Shutting down and abandoning module Sequencer (194)
[2020.08.21-13.08.13:519][956]LogModuleManager: Shutting down and abandoning module MessageLog (191)
[2020.08.21-13.08.13:519][956]LogModuleManager: Shutting down and abandoning module SlateReflector (186)
[2020.08.21-13.08.13:519][956]LogModuleManager: Shutting down and abandoning module Slate (184)
[2020.08.21-13.08.13:519][956]LogModuleManager: Shutting down and abandoning module EditorStyle (182)
[2020.08.21-13.08.13:522][956]LogModuleManager: Shutting down and abandoning module MRMesh (180)
[2020.08.21-13.08.13:522][956]LogModuleManager: Shutting down and abandoning module SourceCodeAccess (178)
[2020.08.21-13.08.13:522][956]LogModuleManager: Shutting down and abandoning module HeadMountedDisplay (176)
[2020.08.21-13.08.13:522][956]LogModuleManager: Shutting down and abandoning module XAudio2 (174)
[2020.08.21-13.08.13:522][956]LogModuleManager: Shutting down and abandoning module Networking (172)
[2020.08.21-13.08.13:522][956]LogModuleManager: Shutting down and abandoning module Core (168)
[2020.08.21-13.08.13:522][956]LogModuleManager: Shutting down and abandoning module KismetCompiler (164)
[2020.08.21-13.08.13:522][956]LogModuleManager: Shutting down and abandoning module LevelSequence (162)
[2020.08.21-13.08.13:522][956]LogModuleManager: Shutting down and abandoning module MeshUtilities (160)
[2020.08.21-13.08.13:522][956]LogModuleManager: Shutting down and abandoning module MeshMergeUtilities (159)
[2020.08.21-13.08.13:522][956]LogModuleManager: Shutting down and abandoning module MeshReductionInterface (158)
[2020.08.21-13.08.13:522][956]LogModuleManager: Shutting down and abandoning module SimplygonSwarm (157)
[2020.08.21-13.08.13:522][956]LogModuleManager: Shutting down and abandoning module SimplygonMeshReduction (155)
[2020.08.21-13.08.13:522][956]LogModuleManager: Shutting down and abandoning module QuadricMeshReduction (153)
[2020.08.21-13.08.13:522][956]LogModuleManager: Shutting down and abandoning module MaterialBaking (149)
[2020.08.21-13.08.13:522][956]LogModuleManager: Shutting down and abandoning module DirectoryWatcher (146)
[2020.08.21-13.08.13:523][956]LogModuleManager: Shutting down and abandoning module DerivedDataCache (144)
[2020.08.21-13.08.13:565][956]LogDerivedDataCache: Shutdown
[2020.08.21-13.08.13:565][956]LogModuleManager: Shutting down and abandoning module TargetPlatform (142)
[2020.08.21-13.08.13:565][956]LogModuleManager: Shutting down and abandoning module VulkanShaderFormat (141)
[2020.08.21-13.08.13:565][956]LogModuleManager: Shutting down and abandoning module ShaderFormatVectorVM (139)
[2020.08.21-13.08.13:565][956]LogModuleManager: Shutting down and abandoning module ShaderFormatOpenGL (137)
[2020.08.21-13.08.13:565][956]LogModuleManager: Shutting down and abandoning module ShaderFormatD3D (135)
[2020.08.21-13.08.13:565][956]LogModuleManager: Shutting down and abandoning module MetalShaderFormat (133)
[2020.08.21-13.08.13:565][956]LogModuleManager: Shutting down and abandoning module TextureFormatUncompressed (131)
[2020.08.21-13.08.13:565][956]LogModuleManager: Shutting down and abandoning module TextureFormatPVR (129)
[2020.08.21-13.08.13:565][956]LogModuleManager: Shutting down and abandoning module TextureFormatDXT (127)
[2020.08.21-13.08.13:565][956]LogModuleManager: Shutting down and abandoning module TextureFormatIntelISPCTexComp (125)
[2020.08.21-13.08.13:565][956]LogModuleManager: Shutting down and abandoning module TextureFormatASTC (123)
[2020.08.21-13.08.13:565][956]LogModuleManager: Shutting down and abandoning module ImageWrapper (122)
[2020.08.21-13.08.13:565][956]LogModuleManager: Shutting down and abandoning module TextureFormatAndroid (119)
[2020.08.21-13.08.13:565][956]LogModuleManager: Shutting down and abandoning module AudioFormatOpus (117)
[2020.08.21-13.08.13:565][956]LogModuleManager: Shutting down and abandoning module AudioFormatOgg (115)
[2020.08.21-13.08.13:566][956]LogModuleManager: Shutting down and abandoning module AudioFormatADPCM (113)
[2020.08.21-13.08.13:566][956]LogModuleManager: Shutting down and abandoning module LinuxTargetPlatform (111)
[2020.08.21-13.08.13:566][956]LogModuleManager: Shutting down and abandoning module LinuxServerTargetPlatform (109)
[2020.08.21-13.08.13:566][956]LogModuleManager: Shutting down and abandoning module LinuxNoEditorTargetPlatform (107)
[2020.08.21-13.08.13:566][956]LogModuleManager: Shutting down and abandoning module LinuxClientTargetPlatform (105)
[2020.08.21-13.08.13:566][956]LogModuleManager: Shutting down and abandoning module TVOSTargetPlatform (103)
[2020.08.21-13.08.13:566][956]LogModuleManager: Shutting down and abandoning module Messaging (101)
[2020.08.21-13.08.13:566][956]LogModuleManager: Shutting down and abandoning module IOSTargetPlatform (99)
[2020.08.21-13.08.13:566][956]LogModuleManager: Shutting down and abandoning module HTML5TargetPlatform (97)
[2020.08.21-13.08.13:566][956]LogModuleManager: Shutting down and abandoning module Android_PVRTCTargetPlatform (95)
[2020.08.21-13.08.13:566][956]LogModuleManager: Shutting down and abandoning module Android_MultiTargetPlatform (93)
[2020.08.21-13.08.13:566][956]LogModuleManager: Shutting down and abandoning module Android_ETC2TargetPlatform (91)
[2020.08.21-13.08.13:566][956]LogModuleManager: Shutting down and abandoning module Android_ETC1TargetPlatform (89)
[2020.08.21-13.08.13:566][956]LogModuleManager: Shutting down and abandoning module Android_DXTTargetPlatform (87)
[2020.08.21-13.08.13:566][956]LogModuleManager: Shutting down and abandoning module Android_ATCTargetPlatform (85)
[2020.08.21-13.08.13:566][956]LogModuleManager: Shutting down and abandoning module Android_ASTCTargetPlatform (83)
[2020.08.21-13.08.13:566][956]LogModuleManager: Shutting down and abandoning module AndroidTargetPlatform (81)
[2020.08.21-13.08.13:566][956]LogModuleManager: Shutting down and abandoning module WindowsTargetPlatform (79)
[2020.08.21-13.08.13:566][956]LogModuleManager: Shutting down and abandoning module WindowsServerTargetPlatform (77)
[2020.08.21-13.08.13:566][956]LogModuleManager: Shutting down and abandoning module WindowsNoEditorTargetPlatform (75)
[2020.08.21-13.08.13:566][956]LogModuleManager: Shutting down and abandoning module WindowsClientTargetPlatform (73)
[2020.08.21-13.08.13:566][956]LogModuleManager: Shutting down and abandoning module MacTargetPlatform (71)
[2020.08.21-13.08.13:566][956]LogModuleManager: Shutting down and abandoning module MacServerTargetPlatform (69)
[2020.08.21-13.08.13:566][956]LogModuleManager: Shutting down and abandoning module MacNoEditorTargetPlatform (67)
[2020.08.21-13.08.13:566][956]LogModuleManager: Shutting down and abandoning module MacClientTargetPlatform (65)
[2020.08.21-13.08.13:566][956]LogModuleManager: Shutting down and abandoning module AllDesktopTargetPlatform (63)
[2020.08.21-13.08.13:566][956]LogModuleManager: Shutting down and abandoning module InputCore (60)
[2020.08.21-13.08.13:566][956]LogModuleManager: Shutting down and abandoning module Settings (58)
[2020.08.21-13.08.13:566][956]LogModuleManager: Shutting down and abandoning module PhysXCooking (56)
[2020.08.21-13.08.13:566][956]LogModuleManager: Shutting down and abandoning module SteamVR (54)
[2020.08.21-13.08.13:566][956]LogModuleManager: Shutting down and abandoning module OculusHMD (52)
[2020.08.21-13.08.13:566][956]LogModuleManager: Shutting down and abandoning module ExampleDeviceProfileSelector (50)
[2020.08.21-13.08.13:566][956]LogModuleManager: Shutting down and abandoning module OnlineBlueprintSupport (48)
[2020.08.21-13.08.13:566][956]LogModuleManager: Shutting down and abandoning module OnlineSubsystem (44)
[2020.08.21-13.08.13:567][956]LogOnline: Display: Unloading online subsystem: NULL
[2020.08.21-13.08.13:567][956]LogModuleManager: Shutting down and abandoning module XMPP (43)
[2020.08.21-13.08.13:567][956]LogModuleManager: Shutting down and abandoning module HTTP (41)
[2020.08.21-13.08.13:567][956]LogHttp: Display: Http module shutting down, but needs to wait on 1 outstanding Http requests:
[2020.08.21-13.08.13:567][956]LogHttp: Display: 	verb=[POST] url=[https://datarouter.ol.epicgames.com/datarouter/api/v1/public/data?SessionID=%7B06DB9BC6-4224-7E18-2B51-28A827DA61FE%7D&AppID=UEEditor.Rocket.Release&AppVersion=4.17.2-3658906%2B%2B%2BUE4%2BRelease-4.17&UserID=6e98d8234e88ea4ebbfa8abd8d1f208b%7Ce39cd4c2c81743f6be89f1e50758bc19%7Cb4b75c51-3376-4319-a5c7-672685f3b267&AppEnvironment=datacollector-binary&UploadType=eteventstream] status=Processing
[2020.08.21-13.08.13:567][956]LogHttp: Display: Sleeping 0.5s to wait for 1 outstanding Http requests.
[2020.08.21-13.08.14:069][956]LogHttp: Display: Sleeping 0.5s to wait for 1 outstanding Http requests.
[2020.08.21-13.08.14:581][956]LogModuleManager: Shutting down and abandoning module SSL (40)
[2020.08.21-13.08.14:584][956]LogModuleManager: Shutting down and abandoning module AnimationModifiers (36)
[2020.08.21-13.08.14:584][956]LogModuleManager: Shutting down and abandoning module PropertyEditor (35)
[2020.08.21-13.08.14:585][956]LogModuleManager: Shutting down and abandoning module AudioEditor (32)
[2020.08.21-13.08.14:585][956]LogModuleManager: Shutting down and abandoning module TextureCompressor (30)
[2020.08.21-13.08.14:585][956]LogModuleManager: Shutting down and abandoning module ShaderCore (28)
[2020.08.21-13.08.14:585][956]LogModuleManager: Shutting down and abandoning module Landscape (26)
[2020.08.21-13.08.14:585][956]LogModuleManager: Shutting down and abandoning module SlateRHIRenderer (24)
[2020.08.21-13.08.14:586][956]LogModuleManager: Shutting down and abandoning module OpenGLDrv (22)
[2020.08.21-13.08.14:586][956]LogModuleManager: Shutting down and abandoning module D3D11RHI (20)
[2020.08.21-13.08.14:586][956]LogModuleManager: Shutting down and abandoning module AnimGraphRuntime (18)
[2020.08.21-13.08.14:586][956]LogModuleManager: Shutting down and abandoning module Renderer (16)
[2020.08.21-13.08.14:586][956]LogModuleManager: Shutting down and abandoning module Engine (14)
[2020.08.21-13.08.14:586][956]LogModuleManager: Shutting down and abandoning module CoreUObject (12)
[2020.08.21-13.08.14:586][956]LogModuleManager: Shutting down and abandoning module NetworkFile (10)
[2020.08.21-13.08.14:586][956]LogModuleManager: Shutting down and abandoning module CookedIterativeFile (8)
[2020.08.21-13.08.14:586][956]LogModuleManager: Shutting down and abandoning module StreamingFile (6)
[2020.08.21-13.08.14:586][956]LogModuleManager: Shutting down and abandoning module SandboxFile (4)
[2020.08.21-13.08.14:586][956]LogModuleManager: Shutting down and abandoning module PakFile (2)
[2020.08.21-13.08.14:589][956]LogExit: Exiting.
[2020.08.21-13.08.14:603][956]Log file closed, 08/21/20 21:08:14
