Log file open, 07/09/20 22:00:50
LogWindows: Failed to load 'aqProf.dll' (GetLastError=126)
LogWindows: File 'aqProf.dll' does not exist
LogWindows: Failed to load 'VSPerf140.dll' (GetLastError=126)
LogWindows: File 'VSPerf140.dll' does not exist
LogWindows: Failed to load 'VtuneApi.dll' (GetLastError=126)
LogWindows: File 'VtuneApi.dll' does not exist
LogWindows: Failed to load 'VtuneApi32e.dll' (GetLastError=126)
LogWindows: File 'VtuneApi32e.dll' does not exist
LogInit: Display: Running engine for game: Sun
LogPlatformFile: Not using cached read wrapper
LogInit: Display: RandInit(1549153874) SRandInit(1549153875).
LogTaskGraph: Started task graph with 5 named threads and 8 total threads with 3 sets of task threads.
LogStats: Stats thread started at 0.352508
LogD3D11RHI: Aftermath initialized
LogPluginManager: Mounting plugin Paper2D
LogPluginManager: Mounting plugin LightPropagationVolume
LogPluginManager: Mounting plugin CodeLiteSourceCodeAccess
LogPluginManager: Mounting plugin GitSourceControl
LogPluginManager: Mounting plugin KDevelopSourceCodeAccess
LogPluginManager: Mounting plugin NullSourceCodeAccess
LogPluginManager: Mounting plugin PerforceSourceControl
LogPluginManager: Mounting plugin SubversionSourceControl
LogPluginManager: Mounting plugin UObjectPlugin
LogPluginManager: Mounting plugin VisualStudioSourceCodeAccess
LogPluginManager: Mounting plugin XCodeSourceCodeAccess
LogPluginManager: Mounting plugin AssetManagerEditor
LogPluginManager: Mounting plugin AudioCapture
LogPluginManager: Mounting plugin FacialAnimation
LogPluginManager: Mounting plugin GameplayTagsEditor
LogPluginManager: Mounting plugin MobileLauncherProfileWizard
LogPluginManager: Mounting plugin PluginBrowser
LogPluginManager: Mounting plugin SpeedTreeImporter
LogPluginManager: Mounting plugin AlembicImporter
LogPluginManager: Mounting plugin CharacterAI
LogPluginManager: Mounting plugin HTML5Networking
LogPluginManager: Mounting plugin AndroidMedia
LogPluginManager: Mounting plugin AvfMedia
LogPluginManager: Mounting plugin MediaPlayerEditor
LogPluginManager: Mounting plugin WmfMedia
LogPluginManager: Mounting plugin TcpMessaging
LogPluginManager: Mounting plugin UdpMessaging
LogPluginManager: Mounting plugin LevelSequenceEditor
LogPluginManager: Mounting plugin MatineeToLevelSequence
LogPluginManager: Mounting plugin OnlineSubsystemGooglePlay
LogPluginManager: Mounting plugin OnlineSubsystemIOS
LogPluginManager: Mounting plugin OnlineSubsystem
LogPluginManager: Mounting plugin OnlineSubsystemNull
LogPluginManager: Mounting plugin OnlineSubsystemUtils
LogPluginManager: Mounting plugin AndroidDeviceProfileSelector
LogPluginManager: Mounting plugin AndroidMoviePlayer
LogPluginManager: Mounting plugin AndroidPermission
LogPluginManager: Mounting plugin AppleMoviePlayer
LogPluginManager: Mounting plugin ArchVisCharacter
LogPluginManager: Mounting plugin CableComponent
LogPluginManager: Mounting plugin CustomMeshComponent
LogPluginManager: Mounting plugin ExampleDeviceProfileSelector
LogPluginManager: Mounting plugin GoogleCloudMessaging
LogPluginManager: Mounting plugin ImmediatePhysics
LogPluginManager: Mounting plugin IOSDeviceProfileSelector
LogPluginManager: Mounting plugin LinuxDeviceProfileSelector
LogPluginManager: Mounting plugin LocationServicesBPLibrary
LogPluginManager: Mounting plugin MobilePatchingUtils
LogPluginManager: Mounting plugin OculusVR
LogPluginManager: Mounting plugin PhysXVehicles
LogPluginManager: Mounting plugin ProceduralMeshComponent
LogPluginManager: Mounting plugin RuntimePhysXCooking
LogPluginManager: Mounting plugin SteamVR
LogPluginManager: Mounting plugin WindowsMoviePlayer
LogInit: Using libcurl 7.47.1
LogInit:  - built for x86_64-pc-win32
LogInit:  - supports SSL with OpenSSL/1.0.2g
LogInit:  - supports HTTP deflate (compression) using libz 1.2.8
LogInit:  - other features:
LogInit:      CURL_VERSION_SSL
LogInit:      CURL_VERSION_LIBZ
LogInit:      CURL_VERSION_IPV6
LogInit:      CURL_VERSION_ASYNCHDNS
LogInit:      CURL_VERSION_LARGEFILE
LogInit:      CURL_VERSION_IDN
LogInit:  CurlRequestOptions (configurable via config and command line):
LogInit:  - bVerifyPeer = false  - Libcurl will NOT verify peer certificate
LogInit:  - bUseHttpProxy = false  - Libcurl will NOT use HTTP proxy
LogInit:  - bDontReuseConnections = false  - Libcurl will reuse connections
LogInit:  - CertBundlePath = nullptr  - Libcurl will use whatever was configured at build time.
LogInit: Build: ++UE4+Release-4.17-CL-3658906
LogInit: Engine Version: 4.17.2-3658906+++UE4+Release-4.17
LogInit: Compatible Engine Version: 4.17.0-3573198+++UE4+Release-4.17
LogInit: Net CL: 3573198
LogDevObjectVersion: Number of dev versions registered: 16
LogDevObjectVersion:   Dev-Blueprints (B0D832E4-1F89-4F0D-ACCF-7EB736FD4AA2): 10
LogDevObjectVersion:   Dev-Build (E1C64328-A22C-4D53-A36C-8E866417BD8C): 0
LogDevObjectVersion:   Dev-Core (375EC13C-06E4-48FB-B500-84F0262A717E): 2
LogDevObjectVersion:   Dev-Editor (E4B068ED-F494-42E9-A231-DA0B2E46BB41): 20
LogDevObjectVersion:   Dev-Framework (CFFC743F-43B0-4480-9391-14DF171D2073): 28
LogDevObjectVersion:   Dev-Mobile (B02B49B5-BB20-44E9-A304-32B752E40360): 0
LogDevObjectVersion:   Dev-Networking (A4E4105C-59A1-49B5-A7C5-40C4547EDFEE): 0
LogDevObjectVersion:   Dev-Online (39C831C9-5AE6-47DC-9A44-9C173E1C8E7C): 0
LogDevObjectVersion:   Dev-Physics (78F01B33-EBEA-4F98-B9B4-84EACCB95AA2): 0
LogDevObjectVersion:   Dev-Platform (6631380F-2D4D-43E0-8009-CF276956A95A): 0
LogDevObjectVersion:   Dev-Rendering (12F88B9F-8875-4AFC-A67C-D90C383ABD29): 19
LogDevObjectVersion:   Dev-Sequencer (7B5AE74C-D270-4C10-A958-57980B212A5A): 4
LogDevObjectVersion:   Dev-VR (D7296918-1DD6-4BDD-9DE2-64A83CC13884): 0
LogDevObjectVersion:   Dev-LoadTimes (C2A15278-BFE7-4AFE-6C17-90FF531DF755): 1
LogDevObjectVersion:   Private-Geometry (6EACA3D4-40EC-4CC1-B786-8BED09428FC5): 1
LogDevObjectVersion:   Dev-AnimPhys (29E575DD-E0A3-4627-9D10-D276232CDCEA): 7
LogInit: Compiled (64-bit): Sep 22 2017 13:47:16
LogInit: Compiled with Visual C++: 19.00.24215.01
LogInit: Build Configuration: Development
LogInit: Branch Name: ++UE4+Release-4.17
LogInit: Command line: -EpicPortal  -epicusername="jerry199412" -epicuserid=e39cd4c2c81743f6be89f1e50758bc19 -epiclocale=zh-CN
LogInit: Base directory: D:/Program Files/Epic Games/UE_4.17/Engine/Binaries/Win64/
LogInit: Installed Engine Build: 1
LogInit: Presizing for max 8388607 objects, including 0 objects not considered by GC, pre-allocating 0 bytes for permanent pool.
LogInit: Object subsystem initialized
[2020.07.09-14.00.53:358][  0]LogInit: Selected Device Profile: [Windows]
[2020.07.09-14.00.53:358][  0]LogInit: Applying CVar settings loaded from the selected device profile: [Windows]
[2020.07.09-14.00.53:481][  0]LogInit: Computer: DESKTOP-629OVH4
[2020.07.09-14.00.53:482][  0]LogInit: User: 贾瑞
[2020.07.09-14.00.53:482][  0]LogInit: CPU Page size=4096, Cores=2
[2020.07.09-14.00.53:482][  0]LogInit: High frequency timer resolution =10.000000 MHz
[2020.07.09-14.00.53:483][  0]LogMemory: Memory total: Physical=7.9GB (8GB approx)
[2020.07.09-14.00.53:483][  0]LogMemory: Platform Memory Stats for Windows
[2020.07.09-14.00.53:483][  0]LogMemory: Process Physical Memory: 278.43 MB used, 278.43 MB peak
[2020.07.09-14.00.53:483][  0]LogMemory: Process Virtual Memory: 275.77 MB used, 275.77 MB peak
[2020.07.09-14.00.53:483][  0]LogMemory: Physical Memory: 3408.44 MB used,  4704.52 MB free, 8112.96 MB total
[2020.07.09-14.00.53:483][  0]LogMemory: Virtual Memory: 4785.46 MB used,  4704.52 MB free, 134217728.00 MB total
[2020.07.09-14.00.54:101][  0]LogInit: Overriding language with editor language configuration option (en).
[2020.07.09-14.00.54:101][  0]LogInit: Overriding locale with editor locale configuration option (en).
[2020.07.09-14.00.57:173][  0]LogD3D11RHI: D3D11 adapters:
[2020.07.09-14.00.57:734][  0]LogD3D11RHI:    0. 'AMD Radeon HD 8500M' (Feature Level 11_0)
[2020.07.09-14.00.57:734][  0]LogD3D11RHI:       1015/0/4056 MB DedicatedVideo/DedicatedSystem/SharedSystem, Outputs:1, VendorId:0x1002
[2020.07.09-14.00.57:840][  0]LogD3D11RHI:    1. 'Intel(R) HD Graphics Family' (Feature Level 11_0)
[2020.07.09-14.00.57:840][  0]LogD3D11RHI:       112/0/2048 MB DedicatedVideo/DedicatedSystem/SharedSystem, Outputs:0, VendorId:0x8086
[2020.07.09-14.00.57:853][  0]LogD3D11RHI:    2. 'Microsoft Basic Render Driver' (Feature Level 11_0)
[2020.07.09-14.00.57:854][  0]LogD3D11RHI:       0/0/4056 MB DedicatedVideo/DedicatedSystem/SharedSystem, Outputs:0, VendorId:0x1414
[2020.07.09-14.00.57:855][  0]LogD3D11RHI: Chosen D3D11 Adapter: 0
[2020.07.09-14.00.57:878][  0]LogD3D11RHI: Creating new Direct3DDevice
[2020.07.09-14.00.57:879][  0]LogD3D11RHI:     GPU DeviceId: 0x666f (for the marketing name, search the web for "GPU Device Id")
[2020.07.09-14.00.57:879][  0]LogWindows: EnumDisplayDevices:
[2020.07.09-14.00.57:880][  0]LogWindows:    0. 'Intel(R) HD Graphics Family' (P:1 D:1)
[2020.07.09-14.00.57:882][  0]LogWindows:    1. 'Intel(R) HD Graphics Family' (P:0 D:0)
[2020.07.09-14.00.57:885][  0]LogWindows:    2. 'Intel(R) HD Graphics Family' (P:0 D:0)
[2020.07.09-14.00.57:887][  0]LogWindows: DebugString: GetVideoDriverDetailsInvalid PrimaryIsNotTheChoosenAdapter GetVideoDriverDetailsInvalid PrimaryIsNotTheChoosenAdapter GetVideoDriverDetailsInvalid PrimaryIsNotTheChoosenAdapter FoundDriverCount:0 
[2020.07.09-14.00.57:887][  0]LogD3D11RHI:     Adapter Name: AMD Radeon HD 8500M
[2020.07.09-14.00.57:887][  0]LogD3D11RHI:   Driver Version: Unknown (internal:Unknown, unified:Unknown)
[2020.07.09-14.00.57:887][  0]LogD3D11RHI:      Driver Date: Unknown
[2020.07.09-14.00.57:887][  0]LogRHI: Texture pool is 710 MB (70% of 1015 MB)
[2020.07.09-14.00.58:059][  0]LogD3D11RHI: Async texture creation enabled
[2020.07.09-14.00.58:135][  0]LogD3D11RHI: GPU Timing Frequency: 27.000000 (Debug: 2 1)
[2020.07.09-14.00.58:143][  0]LogShaderCompilers: Guid format shader working directory is 2 characters bigger than the processId version (G:/Users/贾瑞/Documents/Unreal Projects/Sun/Intermediate/Shaders/WorkingDirectory/9728/).
[2020.07.09-14.00.58:144][  0]LogShaderCompilers: Cleaned the shader compiler working directory 'C:/Users/贾瑞/AppData/Local/Temp/UnrealShaderWorkingDir/9C43A0BB459BF2652A610EA0F5E43796/'.
[2020.07.09-14.00.58:144][  0]LogShaderCompilers: Display: Using Local Shader Compiler.
[2020.07.09-14.01.02:828][  0]LogTemp: Display: Loaded TP AllDesktopTargetPlatform
[2020.07.09-14.01.03:084][  0]LogTemp: Display: Loaded TP MacClientTargetPlatform
[2020.07.09-14.01.03:286][  0]LogTemp: Display: Loaded TP MacNoEditorTargetPlatform
[2020.07.09-14.01.03:487][  0]LogTemp: Display: Loaded TP MacServerTargetPlatform
[2020.07.09-14.01.03:689][  0]LogTemp: Display: Loaded TP MacTargetPlatform
[2020.07.09-14.01.03:897][  0]LogTemp: Display: Loaded TP WindowsClientTargetPlatform
[2020.07.09-14.01.04:097][  0]LogTemp: Display: Loaded TP WindowsNoEditorTargetPlatform
[2020.07.09-14.01.04:302][  0]LogTemp: Display: Loaded TP WindowsServerTargetPlatform
[2020.07.09-14.01.04:467][  0]LogTemp: Display: Loaded TP WindowsTargetPlatform
[2020.07.09-14.01.04:662][  0]LogTemp: Display: Loaded TP AndroidTargetPlatform
[2020.07.09-14.01.04:869][  0]LogTemp: Display: Loaded TP Android_ASTCTargetPlatform
[2020.07.09-14.01.05:063][  0]LogTemp: Display: Loaded TP Android_ATCTargetPlatform
[2020.07.09-14.01.05:256][  0]LogTemp: Display: Loaded TP Android_DXTTargetPlatform
[2020.07.09-14.01.05:485][  0]LogTemp: Display: Loaded TP Android_ETC1TargetPlatform
[2020.07.09-14.01.05:696][  0]LogTemp: Display: Loaded TP Android_ETC2TargetPlatform
[2020.07.09-14.01.06:094][  0]LogTemp: Display: Loaded TP Android_MultiTargetPlatform
[2020.07.09-14.01.06:095][  0]LogTemp: Display: Loaded TP Android_PVRTCTargetPlatform
[2020.07.09-14.01.06:241][  0]LogTemp: Display: Loaded TP HTML5TargetPlatform
[2020.07.09-14.01.06:586][  0]LogTemp: Display: Loaded TP IOSTargetPlatform
[2020.07.09-14.01.06:767][  0]LogTemp: Display: Loaded TP TVOSTargetPlatform
[2020.07.09-14.01.06:989][  0]LogTemp: Display: Loaded TP LinuxClientTargetPlatform
[2020.07.09-14.01.07:180][  0]LogTemp: Display: Loaded TP LinuxNoEditorTargetPlatform
[2020.07.09-14.01.07:382][  0]LogTemp: Display: Loaded TP LinuxServerTargetPlatform
[2020.07.09-14.01.07:582][  0]LogTemp: Display: Loaded TP LinuxTargetPlatform
[2020.07.09-14.01.07:582][  0]LogTargetPlatformManager: Display: Building Assets For Windows
[2020.07.09-14.01.09:650][  0]LogDerivedDataCache: Display: Max Cache Size: 512 MB
[2020.07.09-14.01.09:919][  0]LogDerivedDataCache: Loaded boot cache 0.27s 93MB C:/Users/贾瑞/AppData/Local/UnrealEngine/4.17/DerivedDataCache/Boot.ddc.
[2020.07.09-14.01.09:919][  0]LogDerivedDataCache: Display: Loaded Boot cache: C:/Users/贾瑞/AppData/Local/UnrealEngine/4.17/DerivedDataCache/Boot.ddc
[2020.07.09-14.01.09:919][  0]LogDerivedDataCache: FDerivedDataBackendGraph:  Pak pak cache file G:/Users/贾瑞/Documents/Unreal Projects/Sun/DerivedDataCache/DDC.ddp not found, will not use a pak cache.
[2020.07.09-14.01.09:919][  0]LogDerivedDataCache: Unable to find inner node Pak for hierarchical cache Hierarchy.
[2020.07.09-14.01.09:920][  0]LogDerivedDataCache: FDerivedDataBackendGraph:  CompressedPak pak cache file G:/Users/贾瑞/Documents/Unreal Projects/Sun/DerivedDataCache/Compressed.ddp not found, will not use a pak cache.
[2020.07.09-14.01.09:920][  0]LogDerivedDataCache: Unable to find inner node CompressedPak for hierarchical cache Hierarchy.
[2020.07.09-14.01.10:004][  0]LogDerivedDataCache: Display: Pak cache opened for reading ../../../Engine/DerivedDataCache/Compressed.ddp.
[2020.07.09-14.01.10:024][  0]LogDerivedDataCache: Using Local data cache path C:/Users/贾瑞/AppData/Local/UnrealEngine/Common/DerivedDataCache: Writable
[2020.07.09-14.01.10:066][  0]LogMaterial: Verifying Global Shaders for PCD3D_SM5
[2020.07.09-14.01.10:067][  0]LogSlate: Using Freetype 2.6.0
[2020.07.09-14.01.10:069][  0]LogSlate: SlateFontCache - WITH_FREETYPE: 1, WITH_HARFBUZZ: 1
[2020.07.09-14.01.10:070][  0]LogSlate: SlateFontCache - WITH_FREETYPE: 1, WITH_HARFBUZZ: 1
[2020.07.09-14.01.11:194][  0]LogAssetRegistry: FAssetRegistry took 0.0428 seconds to start up
[2020.07.09-14.01.11:967][  0]LogInit: Selected Device Profile: [Windows]
[2020.07.09-14.01.13:205][  0]LogContentStreaming: Texture pool size is 0.00 MB
[2020.07.09-14.01.14:559][  0]LogSimplygon: Simplygon DLL not present - disabling.
[2020.07.09-14.01.14:711][  0]LogMeshReduction: Using SimplygonSwarm for distributed automatic mesh merging
[2020.07.09-14.01.14:712][  0]LogMeshReduction: Using QuadricMeshReduction for automatic static mesh reduction
[2020.07.09-14.01.14:712][  0]LogMeshReduction: No automatic skeletal mesh reduction module available
[2020.07.09-14.01.14:712][  0]LogMeshReduction: No automatic mesh merging module available
[2020.07.09-14.01.14:712][  0]LogMeshMerging: No automatic mesh merging module available
[2020.07.09-14.01.17:397][  0]LogNetVersion: Sun , NetCL: 3573198, EngineNetVer: 2, GameNetVer: 0 (Checksum: 3287252748)
[2020.07.09-14.01.18:924][  0]LogPackageLocalizationCache: Processed 5 localized package path(s) for 1 prioritized culture(s) in 0.167394 seconds
[2020.07.09-14.01.18:945][  0]LogUObjectArray: 35825 objects as part of root set at end of initial load.
[2020.07.09-14.01.18:945][  0]LogUObjectAllocator: 7529112 out of 0 bytes used by permanent object pool.
[2020.07.09-14.01.18:945][  0]LogUObjectArray: CloseDisregardForGC: 0/0 objects in disregard for GC pool
[2020.07.09-14.01.19:193][  0]LogInit: WinSock: version 1.1 (2.2), MaxSocks=32767, MaxUdp=65467
[2020.07.09-14.01.30:577][  0]LogTcpMessaging: Initializing TcpMessaging bridge
[2020.07.09-14.01.30:736][  0]LogUdpMessaging: Initializing bridge on interface 0.0.0.0:0 to multicast group 230.0.0.1:6666.
[2020.07.09-14.01.33:220][  0]LogMaterial: Uniform references updated for custom material expression Custom.
[2020.07.09-14.01.35:024][  0]SourceControl: Source control is disabled
[2020.07.09-14.01.35:026][  0]SourceControl: Source control is disabled
[2020.07.09-14.01.35:228][  0]SourceControl: Source control is disabled
[2020.07.09-14.01.35:407][  0]SourceControl: Source control is disabled
[2020.07.09-14.01.37:464][  0]LogAndroidPermission: UAndroidPermissionCallbackProxy::GetInstance
[2020.07.09-14.01.38:304][  0]LogOcInput: OculusInput pre-init called
[2020.07.09-14.01.39:218][  0]LogEngine: Initializing Engine...
[2020.07.09-14.01.39:236][  0]LogHMD: Failed to initialize OpenVR with code 110
[2020.07.09-14.01.40:377][  0]LogStats: UGameplayTagsManager::ConstructGameplayTagTree: Construct from data asset -  0.000 s
[2020.07.09-14.01.40:377][  0]LogStats: UGameplayTagsManager::ConstructGameplayTagTree: GameplayTagTreeChangedEvent.Broadcast -  0.000 s
[2020.07.09-14.01.40:812][  0]LogAIModule: Creating AISystem for world Untitled
[2020.07.09-14.01.40:912][  0]LogInit: XAudio2 using '扬声器 (Realtek High Definition Audio)' : 2 channels at 48 kHz using 32 bits per sample (channel mask 0x3)
[2020.07.09-14.01.41:526][  0]LogInit: FAudioDevice initialized.
[2020.07.09-14.01.41:812][  0]LogDerivedDataCache: Saved boot cache 0.28s 93MB C:/Users/贾瑞/AppData/Local/UnrealEngine/4.17/DerivedDataCache/Boot.ddc.
[2020.07.09-14.01.41:832][  0]LogInit: Texture streaming: Enabled
[2020.07.09-14.01.42:229][  0]LogEngineSessionManager: EngineSessionManager initialized
[2020.07.09-14.01.42:994][  0]LogInit: Transaction tracking system initialized
[2020.07.09-14.01.44:071][  0]BlueprintLog: New page: Editor Load
[2020.07.09-14.01.47:286][  0]LocalizationService: Localization service is disabled
[2020.07.09-14.01.49:805][  0]LogConsoleResponse: Display: 
[2020.07.09-14.01.50:867][  0]LogCook: Display: Max memory allowance for cook 16384mb min free memory 0mb
[2020.07.09-14.01.50:868][  0]LogCook: Display: Mobile HDR setting 1
[2020.07.09-14.01.50:868][  0]LogGameplayTags: Display: UGameplayTagsManager::DoneAddingNativeTags. DelegateIsBound: 0
[2020.07.09-14.01.51:403][  0]LogFileCache: Scanning file cache for directory 'G:/Users/贾瑞/Documents/Unreal Projects/Sun/Content/' took 0.04s
[2020.07.09-14.01.54:838][  0]SourceControl: Source control is disabled
[2020.07.09-14.01.54:839][  0]Cmd: MAP LOAD FILE="G:/Users/贾瑞/Documents/Unreal Projects/Sun/Content/ThirdPersonBP/Maps/ThirdPersonExampleMap.umap" TEMPLATE=0 SHOWPROGRESS=1 FEATURELEVEL=3
[2020.07.09-14.01.54:919][  0]LightingResults: New page: Lighting Build
[2020.07.09-14.01.55:058][  0]MapCheck: New page: Map Check
[2020.07.09-14.01.55:058][  0]LightingResults: New page: Lighting Build
[2020.07.09-14.01.58:434][  0]LogAIModule: Creating AISystem for world ThirdPersonExampleMap
[2020.07.09-14.01.58:490][  0]LogEditorServer: Finished looking for orphan Actors (0.000 secs)
[2020.07.09-14.01.58:702][  0]Cmd: MAP CHECKDEP NOCLEARLOG
[2020.07.09-14.01.58:965][  0]MapCheck: Map check complete: 0 Error(s), 0 Warning(s), took 262.169ms to complete.
[2020.07.09-14.01.58:968][  0]LogFileHelpers: Loading map 'ThirdPersonExampleMap' took 4.128
[2020.07.09-14.01.59:669][  0]LogCollectionManager: Loaded 0 collections in 0.006381 seconds
[2020.07.09-14.01.59:976][  0]LogFileCache: Scanning file cache for directory 'G:/Users/贾瑞/Documents/Unreal Projects/Sun/Saved/Collections/' took 0.02s
[2020.07.09-14.01.59:976][  0]LogFileCache: Scanning file cache for directory 'G:/Users/贾瑞/Documents/Unreal Projects/Sun/Content/Developers/贾瑞/Collections/' took 0.02s
[2020.07.09-14.01.59:976][  0]LogFileCache: Scanning file cache for directory 'G:/Users/贾瑞/Documents/Unreal Projects/Sun/Content/Collections/' took 0.02s
[2020.07.09-14.01.59:976][  0]LogCollectionManager: Rebuilt the GUID cache for 0 collections in 0.000001 seconds
[2020.07.09-14.02.00:064][  0]LogContentBrowser: Native class hierarchy populated in 0.0835 seconds. Added 2386 classes and 500 folders.
[2020.07.09-14.02.00:347][  0]LogContentBrowser: Native class hierarchy updated for 'WidgetCarousel' in 0.0043 seconds. Added 0 classes and 0 folders.
[2020.07.09-14.02.00:868][  0]LogContentBrowser: Native class hierarchy updated for 'AddContentDialog' in 0.0048 seconds. Added 0 classes and 0 folders.
[2020.07.09-14.02.01:089][  0]LogContentBrowser: Native class hierarchy updated for 'SceneOutliner' in 0.0042 seconds. Added 1 classes and 2 folders.
[2020.07.09-14.02.01:709][  0]LogSlate: Took 0.000750 seconds to synchronously load lazily loaded font '../../../Engine/Content/Slate/Fonts/Roboto-Regular.ttf' (155K)
[2020.07.09-14.02.01:721][  0]LogSlate: Took 0.000929 seconds to synchronously load lazily loaded font '../../../Engine/Content/Slate/Fonts/Roboto-Bold.ttf' (160K)
[2020.07.09-14.02.01:755][  0]LogSlate: Took 0.004553 seconds to synchronously load lazily loaded font '../../../Engine/Content/Editor/Slate/Fonts/FontAwesome.ttf' (139K)
[2020.07.09-14.02.02:360][  0]LogRenderer: Reallocating scene render targets to support 808x396 Format 10 NumSamples 1 (Frame:1).
[2020.07.09-14.02.04:835][  0]LogContentBrowser: Native class hierarchy updated for 'HierarchicalLODOutliner' in 0.0035 seconds. Added 1 classes and 2 folders.
[2020.07.09-14.02.04:835][  0]LogLoad: (Engine Initialization) Total time: 78.42 seconds
[2020.07.09-14.02.04:835][  0]LogLoad: (Engine Initialization) Total Blueprint compile time: 0.00 seconds
[2020.07.09-14.02.04:836][  0]LogExternalProfiler: No external profilers were discovered.  External profiling features will not be available.
[2020.07.09-14.02.04:916][  0]LogContentStreaming: Texture pool size now 1000 MB
[2020.07.09-14.02.05:225][  1]LogSlate: Took 0.013653 seconds to synchronously load lazily loaded font '../../../Engine/Content/Slate/Fonts/Roboto-Light.ttf' (159K)
[2020.07.09-14.02.05:743][  6]LogAssetRegistry: Asset discovery search completed in 54.5730 seconds
[2020.07.09-14.02.05:751][  6]LogCollectionManager: Rebuilt the object cache for 0 collections in 0.000002 seconds (found 0 objects)
[2020.07.09-14.02.05:751][  6]LogCollectionManager: Fixed up redirectors for 0 collections in 0.000207 seconds (updated 0 objects)
[2020.07.09-14.15.21:841][573]Cmd: TRANSACTION UNDO
[2020.07.09-14.15.21:841][573]LogEditorTransaction: Undo Clicking on Actors
[2020.07.09-14.15.21:876][573]LogSlate: Took 0.000631 seconds to synchronously load lazily loaded font '../../../Engine/Content/Slate/Fonts/Roboto-Light.ttf' (159K)
[2020.07.09-14.27.08:611][776]LogSlate: Took 0.005136 seconds to synchronously load lazily loaded font '../../../Engine/Content/Slate/Fonts/Roboto-Light.ttf' (159K)
[2020.07.09-14.27.09:496][776]LogSavePackage: Save=595.41ms
[2020.07.09-14.27.09:496][776]LogSavePackage: Moving 'G:/Users/贾瑞/Documents/Unreal Projects/Sun/Saved/ThirdPersonExampleMap_Auto1625838F448B14505866A0BB88CE4EB72.tmp' to 'G:/Users/贾瑞/Documents/Unreal Projects/Sun/Saved/Autosaves/Game/ThirdPersonBP/Maps/ThirdPersonExampleMap_Auto1.umap'
[2020.07.09-14.27.09:516][776]LogSavePackage: Display: Finished SavePackage G:/Users/贾瑞/Documents/Unreal Projects/Sun/Saved/Autosaves/Game/ThirdPersonBP/Maps/ThirdPersonExampleMap_Auto1.umap
[2020.07.09-14.27.09:527][776]LogFileHelpers: Editor autosave (incl. sublevels) for '/Game/ThirdPersonBP/Maps/ThirdPersonExampleMap' took 0.751
[2020.07.09-14.27.09:528][776]LogFileHelpers: Editor autosave (incl. sublevels) for all levels took 0.751
[2020.07.09-14.27.19:484][101]LogEditorViewport: Clicking on Actor (LMB): StaticMeshActor (Wall9)
[2020.07.09-14.27.45:125][928]LogSlate: Took 0.000588 seconds to synchronously load lazily loaded font '../../../Engine/Content/Slate/Fonts/Roboto-Regular.ttf' (155K)
[2020.07.09-14.27.46:077][928]LogContentBrowser: Native class hierarchy updated for 'BlueprintGraph' in 0.0070 seconds. Added 113 classes and 0 folders.
[2020.07.09-14.27.49:277][928]LogSlate: Took 0.003019 seconds to synchronously load lazily loaded font '../../../Engine/Content/Editor/Slate/Fonts/Roboto-BoldCondensed.ttf' (158K)
[2020.07.09-14.42.13:138][807]LogSlate: Took 0.009054 seconds to synchronously load lazily loaded font '../../../Engine/Content/Editor/Slate/Fonts/Roboto-Italic.ttf' (157K)
[2020.07.09-14.42.19:499][908]LogSavePackage: Save=392.38ms
[2020.07.09-14.42.19:499][908]LogSavePackage: Moving 'G:/Users/贾瑞/Documents/Unreal Projects/Sun/Saved/ThirdPersonExampleMap_Auto2A5ECE4874DD2D2AD2C5C22AC43BA69EF.tmp' to 'G:/Users/贾瑞/Documents/Unreal Projects/Sun/Saved/Autosaves/Game/ThirdPersonBP/Maps/ThirdPersonExampleMap_Auto2.umap'
[2020.07.09-14.42.19:516][908]LogSavePackage: Display: Finished SavePackage G:/Users/贾瑞/Documents/Unreal Projects/Sun/Saved/Autosaves/Game/ThirdPersonBP/Maps/ThirdPersonExampleMap_Auto2.umap
[2020.07.09-14.42.19:535][908]LogFileHelpers: Editor autosave (incl. sublevels) for '/Game/ThirdPersonBP/Maps/ThirdPersonExampleMap' took 0.626
[2020.07.09-14.42.19:535][908]LogFileHelpers: Editor autosave (incl. sublevels) for all levels took 0.626
[2020.07.09-14.52.01:172][141]LogSlate: Took 0.005885 seconds to synchronously load lazily loaded font '../../../Engine/Content/Editor/Slate/Fonts/Roboto-BoldCondensedItalic.ttf' (160K)
[2020.07.09-14.52.06:688][261]BlueprintLog: New page: Compile ThirdPersonExampleMap
[2020.07.09-14.54.27:548][630]LogSavePackage: Save=375.78ms
[2020.07.09-14.54.27:548][630]LogSavePackage: Moving 'G:/Users/贾瑞/Documents/Unreal Projects/Sun/Saved/ThirdPersonExampleMap_Auto323831B784CFEE291414C118043835825.tmp' to 'G:/Users/贾瑞/Documents/Unreal Projects/Sun/Saved/Autosaves/Game/ThirdPersonBP/Maps/ThirdPersonExampleMap_Auto3.umap'
[2020.07.09-14.54.27:568][630]LogSavePackage: Display: Finished SavePackage G:/Users/贾瑞/Documents/Unreal Projects/Sun/Saved/Autosaves/Game/ThirdPersonBP/Maps/ThirdPersonExampleMap_Auto3.umap
[2020.07.09-14.54.27:586][630]LogFileHelpers: Editor autosave (incl. sublevels) for '/Game/ThirdPersonBP/Maps/ThirdPersonExampleMap' took 0.702
[2020.07.09-14.54.27:587][630]LogFileHelpers: Editor autosave (incl. sublevels) for all levels took 0.702
[2020.07.09-14.58.27:865][340]LogTemp: Repeating last play command: Selected Viewport
[2020.07.09-14.58.33:023][340]LogBlueprintUserMessages: Early PlayInEditor Detection: Level '/Game/ThirdPersonBP/Maps/ThirdPersonExampleMap.ThirdPersonExampleMap:PersistentLevel' has LevelScriptBlueprint '/Game/ThirdPersonBP/Maps/ThirdPersonExampleMap.ThirdPersonExampleMap:PersistentLevel.ThirdPersonExampleMap' with GeneratedClass '/Game/ThirdPersonBP/Maps/ThirdPersonExampleMap.ThirdPersonExampleMap_C' with ClassGeneratedBy '/Game/ThirdPersonBP/Maps/ThirdPersonExampleMap.ThirdPersonExampleMap:PersistentLevel.ThirdPersonExampleMap'
[2020.07.09-14.58.33:023][340]LogPlayLevel: PlayLevel: No blueprints needed recompiling
[2020.07.09-14.58.33:033][340]PIE: New page: PIE session: ThirdPersonExampleMap (Jul 10, 2020, 6:58:33 AM)
[2020.07.09-14.58.33:035][340]LogPlayLevel: Creating play world package: /Game/ThirdPersonBP/Maps/UEDPIE_0_ThirdPersonExampleMap
[2020.07.09-14.58.33:105][340]LogPlayLevel: PIE: StaticDuplicateObject took: (0.068930s)
[2020.07.09-14.58.33:109][340]LogAIModule: Creating AISystem for world ThirdPersonExampleMap
[2020.07.09-14.58.33:109][340]LogPlayLevel: PIE: World Init took: (0.003826s)
[2020.07.09-14.58.33:110][340]LogPlayLevel: PIE: Created PIE world by copying editor world from /Game/ThirdPersonBP/Maps/ThirdPersonExampleMap.ThirdPersonExampleMap to /Game/ThirdPersonBP/Maps/UEDPIE_0_ThirdPersonExampleMap.ThirdPersonExampleMap (0.074866s)
[2020.07.09-14.58.33:291][340]LogInit: XAudio2 using '扬声器 (Realtek High Definition Audio)' : 2 channels at 48 kHz using 32 bits per sample (channel mask 0x3)
[2020.07.09-14.58.33:466][340]LogInit: FAudioDevice initialized.
[2020.07.09-14.58.33:538][340]LogLoad: Game class is 'ThirdPersonGameMode_C'
[2020.07.09-14.58.33:565][340]LogWorld: Bringing World /Game/ThirdPersonBP/Maps/UEDPIE_0_ThirdPersonExampleMap.ThirdPersonExampleMap up for play (max tick rate 60) at 2020.07.09-22.58.33
[2020.07.09-14.58.33:571][340]LogWorld: Bringing up level for play took: 0.029004
[2020.07.09-14.58.33:822][340]LogContentBrowser: Native class hierarchy updated for 'MovieSceneCapture' in 0.0037 seconds. Added 11 classes and 0 folders.
[2020.07.09-14.58.33:825][340]PIE: Play in editor start time for /Game/ThirdPersonBP/Maps/UEDPIE_0_ThirdPersonExampleMap 0.953
[2020.07.09-14.58.33:826][340]LogBlueprintUserMessages: Late PlayInEditor Detection: Level '/Game/ThirdPersonBP/Maps/ThirdPersonExampleMap.ThirdPersonExampleMap:PersistentLevel' has LevelScriptBlueprint '/Game/ThirdPersonBP/Maps/ThirdPersonExampleMap.ThirdPersonExampleMap:PersistentLevel.ThirdPersonExampleMap' with GeneratedClass '/Game/ThirdPersonBP/Maps/ThirdPersonExampleMap.ThirdPersonExampleMap_C' with ClassGeneratedBy '/Game/ThirdPersonBP/Maps/ThirdPersonExampleMap.ThirdPersonExampleMap:PersistentLevel.ThirdPersonExampleMap'
[2020.07.09-15.02.06:615][220]LogBlueprintUserMessages: Early EndPlayMap Detection: Level '/Game/ThirdPersonBP/Maps/ThirdPersonExampleMap.ThirdPersonExampleMap:PersistentLevel' has LevelScriptBlueprint '/Game/ThirdPersonBP/Maps/ThirdPersonExampleMap.ThirdPersonExampleMap:PersistentLevel.ThirdPersonExampleMap' with GeneratedClass '/Game/ThirdPersonBP/Maps/ThirdPersonExampleMap.ThirdPersonExampleMap_C' with ClassGeneratedBy '/Game/ThirdPersonBP/Maps/ThirdPersonExampleMap.ThirdPersonExampleMap:PersistentLevel.ThirdPersonExampleMap'
[2020.07.09-15.02.06:797][220]LogBlueprintUserMessages: Late EndPlayMap Detection: Level '/Game/ThirdPersonBP/Maps/ThirdPersonExampleMap.ThirdPersonExampleMap:PersistentLevel' has LevelScriptBlueprint '/Game/ThirdPersonBP/Maps/ThirdPersonExampleMap.ThirdPersonExampleMap:PersistentLevel.ThirdPersonExampleMap' with GeneratedClass '/Game/ThirdPersonBP/Maps/ThirdPersonExampleMap.ThirdPersonExampleMap_C' with ClassGeneratedBy '/Game/ThirdPersonBP/Maps/ThirdPersonExampleMap.ThirdPersonExampleMap:PersistentLevel.ThirdPersonExampleMap'
[2020.07.09-15.05.41:591][960]LogSavePackage: Save=377.91ms
[2020.07.09-15.05.41:591][960]LogSavePackage: Moving 'G:/Users/贾瑞/Documents/Unreal Projects/Sun/Saved/ThirdPersonExampleMapA8AAA09A4532037335F646B279C043BE.tmp' to 'G:/Users/贾瑞/Documents/Unreal Projects/Sun/Content/ThirdPersonBP/Maps/ThirdPersonExampleMap.umap'
[2020.07.09-15.05.41:618][960]LogSavePackage: Display: Finished SavePackage G:/Users/贾瑞/Documents/Unreal Projects/Sun/Content/ThirdPersonBP/Maps/ThirdPersonExampleMap.umap
[2020.07.09-15.05.41:685][960]LogFileHelpers: Saving map 'ThirdPersonExampleMap' took 0.842
[2020.07.09-15.05.41:898][960]LogWindowsTextInputMethodSystem: Display: IME system now activated using TSF (微软拼音).
[2020.07.09-15.05.42:539][961]Cmd: QUIT_EDITOR
[2020.07.09-15.05.42:703][961]LogExit: Preparing to exit.
[2020.07.09-15.05.44:175][961]LogExit: Editor shut down
[2020.07.09-15.05.44:217][961]LogExit: Transaction tracking system shut down
[2020.07.09-15.05.44:639][961]LogDirectoryWatcher: A directory notification for '../../../Engine/Content/' was aborted.
[2020.07.09-15.05.44:639][961]LogDirectoryWatcher: A directory notification for 'G:/Users/贾瑞/Documents/Unreal Projects/Sun/Content/' was aborted.
[2020.07.09-15.05.44:640][961]LogDirectoryWatcher: A directory notification for '../../../Engine/Plugins/2D/Paper2D/Content/' was aborted.
[2020.07.09-15.05.44:642][961]LogDirectoryWatcher: A directory notification for '../../../Engine/Plugins/Runtime/Oculus/OculusVR/Content/' was aborted.
[2020.07.09-15.05.44:643][961]LogDirectoryWatcher: A directory notification for '../../../Engine/Plugins/Runtime/Steam/SteamVR/Content/' was aborted.
[2020.07.09-15.05.45:227][961]LogExit: Object subsystem successfully closed.
[2020.07.09-15.05.45:280][961]LogD3D11RHI: Shutdown
[2020.07.09-15.05.45:280][961]LogD3D11RHI: CleanupD3DDevice
[2020.07.09-15.05.45:698][961]LogD3D11RHI: ~FD3D11DynamicRHI
[2020.07.09-15.05.45:767][961]LogModuleManager: Shutting down and abandoning module MovieSceneCapture (536)
[2020.07.09-15.05.45:767][961]LogModuleManager: Shutting down and abandoning module BlueprintGraph (534)
[2020.07.09-15.05.45:767][961]LogModuleManager: Shutting down and abandoning module BlueprintProfiler (532)
[2020.07.09-15.05.45:768][961]LogModuleManager: Shutting down and abandoning module HierarchicalLODOutliner (530)
[2020.07.09-15.05.45:768][961]LogModuleManager: Shutting down and abandoning module SceneOutliner (528)
[2020.07.09-15.05.45:769][961]LogModuleManager: Shutting down and abandoning module AddContentDialog (526)
[2020.07.09-15.05.45:769][961]LogDirectoryWatcher: A directory notification for 'D:/Program Files/Epic Games/UE_4.17/FeaturePacks/' was aborted.
[2020.07.09-15.05.45:778][961]LogModuleManager: Shutting down and abandoning module WidgetCarousel (525)
[2020.07.09-15.05.45:779][961]LogModuleManager: Shutting down and abandoning module EditorWidgets (522)
[2020.07.09-15.05.45:779][961]LogModuleManager: Shutting down and abandoning module CollectionManager (520)
[2020.07.09-15.05.45:779][961]LogDirectoryWatcher: A directory notification for 'G:/Users/贾瑞/Documents/Unreal Projects/Sun/Content/Collections/' was aborted.
[2020.07.09-15.05.45:779][961]LogDirectoryWatcher: A directory notification for 'G:/Users/贾瑞/Documents/Unreal Projects/Sun/Content/Developers/贾瑞/Collections/' was aborted.
[2020.07.09-15.05.45:780][961]LogDirectoryWatcher: A directory notification for 'G:/Users/贾瑞/Documents/Unreal Projects/Sun/Saved/Collections/' was aborted.
[2020.07.09-15.05.45:780][961]LogModuleManager: Shutting down and abandoning module StatsViewer (518)
[2020.07.09-15.05.45:780][961]LogModuleManager: Shutting down and abandoning module FoliageEdit (516)
[2020.07.09-15.05.45:780][961]LogModuleManager: Shutting down and abandoning module LandscapeEditor (514)
[2020.07.09-15.05.45:781][961]LogModuleManager: Shutting down and abandoning module MeshPaintMode (512)
[2020.07.09-15.05.45:781][961]LogModuleManager: Shutting down and abandoning module SceneDepthPickerMode (510)
[2020.07.09-15.05.45:781][961]LogModuleManager: Shutting down and abandoning module ActorPickerMode (508)
[2020.07.09-15.05.45:781][961]LogModuleManager: Shutting down and abandoning module GeometryMode (506)
[2020.07.09-15.05.45:781][961]LogModuleManager: Shutting down and abandoning module TextureAlignMode (504)
[2020.07.09-15.05.45:781][961]LogModuleManager: Shutting down and abandoning module BspMode (502)
[2020.07.09-15.05.45:782][961]LogModuleManager: Shutting down and abandoning module PIEPreviewDeviceProfileSelector (500)
[2020.07.09-15.05.45:782][961]LogModuleManager: Shutting down and abandoning module HardwareSurvey (498)
[2020.07.09-15.05.45:782][961]LogModuleManager: Shutting down and abandoning module SequenceRecorderSections (496)
[2020.07.09-15.05.45:782][961]LogModuleManager: Shutting down and abandoning module AutomationWorker (494)
[2020.07.09-15.05.45:782][961]LogModuleManager: Shutting down and abandoning module MatineeToLevelSequence (492)
[2020.07.09-15.05.45:782][961]LogModuleManager: Shutting down and abandoning module LevelSequenceEditor (490)
[2020.07.09-15.05.45:783][961]LogModuleManager: Shutting down and abandoning module PlacementMode (489)
[2020.07.09-15.05.45:783][961]LogModuleManager: Shutting down and abandoning module WmfMediaFactory (486)
[2020.07.09-15.05.45:783][961]LogModuleManager: Shutting down and abandoning module WmfMediaEditor (484)
[2020.07.09-15.05.45:783][961]LogModuleManager: Shutting down and abandoning module AvfMediaFactory (482)
[2020.07.09-15.05.45:783][961]LogModuleManager: Shutting down and abandoning module AvfMediaEditor (480)
[2020.07.09-15.05.45:783][961]LogModuleManager: Shutting down and abandoning module AndroidMediaFactory (478)
[2020.07.09-15.05.45:784][961]LogModuleManager: Shutting down and abandoning module Media (477)
[2020.07.09-15.05.45:784][961]LogModuleManager: Shutting down and abandoning module AndroidMediaEditor (474)
[2020.07.09-15.05.45:784][961]LogModuleManager: Shutting down and abandoning module CharacterAI (472)
[2020.07.09-15.05.45:784][961]LogModuleManager: Shutting down and abandoning module AudioCapture (470)
[2020.07.09-15.05.45:784][961]LogModuleManager: Shutting down and abandoning module SequenceRecorder (469)
[2020.07.09-15.05.45:802][961]LogModuleManager: Shutting down and abandoning module SmartSnapping (466)
[2020.07.09-15.05.45:803][961]LogModuleManager: Shutting down and abandoning module SessionServices (464)
[2020.07.09-15.05.45:803][961]LogModuleManager: Shutting down and abandoning module ViewportSnapping (462)
[2020.07.09-15.05.45:803][961]LogModuleManager: Shutting down and abandoning module ViewportInteraction (460)
[2020.07.09-15.05.45:803][961]LogModuleManager: Shutting down and abandoning module ClothPainter (458)
[2020.07.09-15.05.45:803][961]LogModuleManager: Shutting down and abandoning module LogVisualizer (456)
[2020.07.09-15.05.45:804][961]LogModuleManager: Shutting down and abandoning module IntroTutorials (454)
[2020.07.09-15.05.45:804][961]LogModuleManager: Shutting down and abandoning module GameProjectGeneration (453)
[2020.07.09-15.05.45:804][961]LogModuleManager: Shutting down and abandoning module IOSPlatformEditor (450)
[2020.07.09-15.05.45:804][961]LogModuleManager: Shutting down and abandoning module HTML5PlatformEditor (448)
[2020.07.09-15.05.45:804][961]LogModuleManager: Shutting down and abandoning module AndroidPlatformEditor (446)
[2020.07.09-15.05.45:804][961]LogModuleManager: Shutting down and abandoning module AndroidDeviceDetection (445)
[2020.07.09-15.05.46:805][961]LogModuleManager: Shutting down and abandoning module WindowsPlatformEditor (442)
[2020.07.09-15.05.46:806][961]LogModuleManager: Shutting down and abandoning module IOSRuntimeSettings (440)
[2020.07.09-15.05.46:806][961]LogModuleManager: Shutting down and abandoning module AndroidRuntimeSettings (438)
[2020.07.09-15.05.46:806][961]LogModuleManager: Shutting down and abandoning module InputBindingEditor (436)
[2020.07.09-15.05.46:806][961]LogModuleManager: Shutting down and abandoning module MergeActors (434)
[2020.07.09-15.05.46:806][961]LogModuleManager: Shutting down and abandoning module SizeMap (432)
[2020.07.09-15.05.46:806][961]LogModuleManager: Shutting down and abandoning module TreeMap (430)
[2020.07.09-15.05.46:808][961]LogModuleManager: Shutting down and abandoning module ReferenceViewer (428)
[2020.07.09-15.05.46:808][961]LogModuleManager: Shutting down and abandoning module LocalizationDashboard (426)
[2020.07.09-15.05.46:808][961]LogModuleManager: Shutting down and abandoning module LocalizationService (425)
[2020.07.09-15.05.46:808][961]LogModuleManager: Shutting down and abandoning module HardwareTargeting (422)
[2020.07.09-15.05.46:808][961]LogModuleManager: Shutting down and abandoning module DeviceProfileEditor (420)
[2020.07.09-15.05.46:808][961]LogModuleManager: Shutting down and abandoning module UndoHistory (418)
[2020.07.09-15.05.46:809][961]LogModuleManager: Shutting down and abandoning module XmlParser (416)
[2020.07.09-15.05.46:809][961]LogModuleManager: Shutting down and abandoning module Blutility (414)
[2020.07.09-15.05.46:809][961]LogModuleManager: Shutting down and abandoning module ProjectSettingsViewer (412)
[2020.07.09-15.05.46:809][961]LogModuleManager: Shutting down and abandoning module ProjectTargetPlatformEditor (411)
[2020.07.09-15.05.46:810][961]LogModuleManager: Shutting down and abandoning module EditorSettingsViewer (408)
[2020.07.09-15.05.46:811][961]LogModuleManager: Shutting down and abandoning module SettingsEditor (406)
[2020.07.09-15.05.46:811][961]LogModuleManager: Shutting down and abandoning module ProjectLauncher (404)
[2020.07.09-15.05.46:811][961]LogModuleManager: Shutting down and abandoning module SessionFrontend (402)
[2020.07.09-15.05.46:811][961]LogModuleManager: Shutting down and abandoning module ProfilerClient (400)
[2020.07.09-15.05.46:811][961]LogModuleManager: Shutting down and abandoning module DeviceManager (398)
[2020.07.09-15.05.46:811][961]LogModuleManager: Shutting down and abandoning module TargetDeviceServices (397)
[2020.07.09-15.05.46:867][961]LogModuleManager: Shutting down and abandoning module AutomationController (394)
[2020.07.09-15.05.46:867][961]LogModuleManager: Shutting down and abandoning module AutomationWindow (392)
[2020.07.09-15.05.46:867][961]LogModuleManager: Shutting down and abandoning module Layers (390)
[2020.07.09-15.05.46:867][961]LogModuleManager: Shutting down and abandoning module ComponentVisualizers (388)
[2020.07.09-15.05.46:867][961]LogModuleManager: Shutting down and abandoning module DetailCustomizations (386)
[2020.07.09-15.05.46:868][961]LogModuleManager: Shutting down and abandoning module PackagesDialog (384)
[2020.07.09-15.05.46:868][961]LogModuleManager: Shutting down and abandoning module Persona (382)
[2020.07.09-15.05.46:868][961]LogModuleManager: Shutting down and abandoning module AdvancedPreviewScene (381)
[2020.07.09-15.05.46:869][961]LogModuleManager: Shutting down and abandoning module AnimGraph (379)
[2020.07.09-15.05.46:869][961]LogModuleManager: Shutting down and abandoning module Kismet (376)
[2020.07.09-15.05.46:898][961]LogModuleManager: Shutting down and abandoning module ClassViewer (374)
[2020.07.09-15.05.46:898][961]LogModuleManager: Shutting down and abandoning module Toolbox (372)
[2020.07.09-15.05.46:898][961]LogModuleManager: Shutting down and abandoning module ModuleUI (370)
[2020.07.09-15.05.46:899][961]LogModuleManager: Shutting down and abandoning module MovieSceneTools (368)
[2020.07.09-15.05.46:899][961]LogModuleManager: Shutting down and abandoning module OutputLog (366)
[2020.07.09-15.05.46:899][961]LogModuleManager: Shutting down and abandoning module GammaUI (364)
[2020.07.09-15.05.46:899][961]LogModuleManager: Shutting down and abandoning module Documentation (362)
[2020.07.09-15.05.46:899][961]LogModuleManager: Shutting down and abandoning module MovieSceneTracks (360)
[2020.07.09-15.05.46:899][961]LogModuleManager: Shutting down and abandoning module MovieScene (358)
[2020.07.09-15.05.46:900][961]LogModuleManager: Shutting down and abandoning module Niagara (356)
[2020.07.09-15.05.46:900][961]LogModuleManager: Shutting down and abandoning module NiagaraEditor (355)
[2020.07.09-15.05.46:900][961]LogModuleManager: Shutting down and abandoning module StreamingPauseRendering (352)
[2020.07.09-15.05.46:900][961]LogModuleManager: Shutting down and abandoning module LauncherPlatform (350)
[2020.07.09-15.05.46:900][961]LogModuleManager: Shutting down and abandoning module AnalyticsET (348)
[2020.07.09-15.05.46:900][961]LogModuleManager: Shutting down and abandoning module PortalServices (346)
[2020.07.09-15.05.46:900][961]LogModuleManager: Shutting down and abandoning module PortalRpc (344)
[2020.07.09-15.05.46:900][961]LogModuleManager: Shutting down and abandoning module MessagingRpc (342)
[2020.07.09-15.05.46:901][961]LogModuleManager: Shutting down and abandoning module AIModule (340)
[2020.07.09-15.05.46:901][961]LogModuleManager: Shutting down and abandoning module GameplayDebugger (339)
[2020.07.09-15.05.46:901][961]LogModuleManager: Shutting down and abandoning module AITestSuite (337)
[2020.07.09-15.05.46:901][961]LogModuleManager: Shutting down and abandoning module ProfilerService (334)
[2020.07.09-15.05.47:096][961]LogModuleManager: Shutting down and abandoning module TaskGraph (332)
[2020.07.09-15.05.47:096][961]LogModuleManager: Shutting down and abandoning module SteamVRController (330)
[2020.07.09-15.05.47:096][961]LogModuleManager: Shutting down and abandoning module ProceduralMeshComponentEditor (328)
[2020.07.09-15.05.47:096][961]LogModuleManager: Shutting down and abandoning module ProceduralMeshComponent (326)
[2020.07.09-15.05.47:096][961]LogModuleManager: Shutting down and abandoning module OculusInput (324)
[2020.07.09-15.05.47:096][961]LogModuleManager: Shutting down and abandoning module MobilePatchingUtils (322)
[2020.07.09-15.05.47:096][961]LogModuleManager: Shutting down and abandoning module CustomMeshComponent (320)
[2020.07.09-15.05.47:096][961]LogModuleManager: Shutting down and abandoning module CableComponent (318)
[2020.07.09-15.05.47:096][961]LogModuleManager: Shutting down and abandoning module ArchVisCharacter (316)
[2020.07.09-15.05.47:096][961]LogModuleManager: Shutting down and abandoning module AndroidPermission (314)
[2020.07.09-15.05.47:096][961]LogModuleManager: Shutting down and abandoning module MediaPlayerEditor (310)
[2020.07.09-15.05.47:097][961]LogModuleManager: Shutting down and abandoning module HTML5Networking (308)
[2020.07.09-15.05.47:097][961]LogModuleManager: Shutting down and abandoning module AlembicImporter (306)
[2020.07.09-15.05.47:097][961]LogModuleManager: Shutting down and abandoning module AlembicLibrary (305)
[2020.07.09-15.05.47:097][961]LogModuleManager: Shutting down and abandoning module GeometryCache (304)
[2020.07.09-15.05.47:097][961]LogModuleManager: Shutting down and abandoning module GeometryCacheEd (303)
[2020.07.09-15.05.47:097][961]LogModuleManager: Shutting down and abandoning module SpeedTreeImporter (298)
[2020.07.09-15.05.47:097][961]LogModuleManager: Shutting down and abandoning module PluginBrowser (296)
[2020.07.09-15.05.47:098][961]LogModuleManager: Shutting down and abandoning module MobileLauncherProfileWizard (294)
[2020.07.09-15.05.47:098][961]LogModuleManager: Shutting down and abandoning module VisualStudioSourceCodeAccess (292)
[2020.07.09-15.05.47:098][961]LogModuleManager: Shutting down and abandoning module DesktopPlatform (291)
[2020.07.09-15.05.47:098][961]LogModuleManager: Shutting down and abandoning module UObjectPlugin (288)
[2020.07.09-15.05.47:098][961]LogModuleManager: Shutting down and abandoning module SubversionSourceControl (286)
[2020.07.09-15.05.47:098][961]LogModuleManager: Shutting down and abandoning module PerforceSourceControl (284)
[2020.07.09-15.05.47:099][961]LogModuleManager: Shutting down and abandoning module GitSourceControl (282)
[2020.07.09-15.05.47:099][961]LogModuleManager: Shutting down and abandoning module SourceControl (281)
[2020.07.09-15.05.47:099][961]LogModuleManager: Shutting down and abandoning module LightPropagationVolumeEditor (278)
[2020.07.09-15.05.47:099][961]LogModuleManager: Shutting down and abandoning module PaperTiledImporter (276)
[2020.07.09-15.05.47:099][961]LogModuleManager: Shutting down and abandoning module PaperSpriteSheetImporter (274)
[2020.07.09-15.05.47:099][961]LogModuleManager: Shutting down and abandoning module Paper2DEditor (272)
[2020.07.09-15.05.47:100][961]LogModuleManager: Shutting down and abandoning module MeshPaint (271)
[2020.07.09-15.05.47:100][961]LogModuleManager: Shutting down and abandoning module LevelEditor (269)
[2020.07.09-15.05.47:102][961]LogModuleManager: Shutting down and abandoning module PixelInspectorModule (268)
[2020.07.09-15.05.47:102][961]LogModuleManager: Shutting down and abandoning module MainFrame (266)
[2020.07.09-15.05.47:102][961]LogModuleManager: Shutting down and abandoning module HotReload (265)
[2020.07.09-15.05.47:103][961]LogModuleManager: Shutting down and abandoning module RuntimePhysXCooking (260)
[2020.07.09-15.05.47:103][961]LogModuleManager: Shutting down and abandoning module PhysXVehiclesEditor (258)
[2020.07.09-15.05.47:103][961]LogModuleManager: Shutting down and abandoning module PhysXVehicles (256)
[2020.07.09-15.05.47:104][961]LogModuleManager: Shutting down and abandoning module OculusEditor (254)
[2020.07.09-15.05.47:104][961]LogModuleManager: Shutting down and abandoning module LocationServicesBPLibrary (252)
[2020.07.09-15.05.47:104][961]LogModuleManager: Shutting down and abandoning module ImmediatePhysicsEditor (250)
[2020.07.09-15.05.47:104][961]LogModuleManager: Shutting down and abandoning module ImmediatePhysics (248)
[2020.07.09-15.05.47:104][961]LogModuleManager: Shutting down and abandoning module UdpMessaging (246)
[2020.07.09-15.05.47:205][961]LogModuleManager: Shutting down and abandoning module TcpMessaging (244)
[2020.07.09-15.05.47:306][961]LogModuleManager: Shutting down and abandoning module GameplayTagsEditor (242)
[2020.07.09-15.05.47:306][961]LogModuleManager: Shutting down and abandoning module FacialAnimationEditor (240)
[2020.07.09-15.05.47:306][961]LogModuleManager: Shutting down and abandoning module FacialAnimation (238)
[2020.07.09-15.05.47:306][961]LogModuleManager: Shutting down and abandoning module AssetManagerEditor (236)
[2020.07.09-15.05.47:306][961]LogModuleManager: Shutting down and abandoning module GraphEditor (235)
[2020.07.09-15.05.47:307][961]LogModuleManager: Shutting down and abandoning module ContentBrowser (233)
[2020.07.09-15.05.47:310][961]LogModuleManager: Shutting down and abandoning module LightPropagationVolumeRuntime (230)
[2020.07.09-15.05.47:310][961]LogModuleManager: Shutting down and abandoning module Paper2D (228)
[2020.07.09-15.05.47:310][961]LogModuleManager: Shutting down and abandoning module WindowsMoviePlayer (226)
[2020.07.09-15.05.47:310][961]LogModuleManager: Shutting down and abandoning module WmfMedia (224)
[2020.07.09-15.05.47:314][961]LogModuleManager: Shutting down and abandoning module PacketHandler (222)
[2020.07.09-15.05.47:314][961]LogModuleManager: Shutting down and abandoning module ClothingSystemEditor (220)
[2020.07.09-15.05.47:314][961]LogModuleManager: Shutting down and abandoning module ClothingSystemRuntime (218)
[2020.07.09-15.05.47:314][961]LogModuleManager: Shutting down and abandoning module Overlay (216)
[2020.07.09-15.05.47:314][961]LogModuleManager: Shutting down and abandoning module OverlayEditor (215)
[2020.07.09-15.05.47:314][961]LogModuleManager: Shutting down and abandoning module MediaAssets (212)
[2020.07.09-15.05.47:314][961]LogModuleManager: Shutting down and abandoning module VREditor (210)
[2020.07.09-15.05.47:314][961]LogModuleManager: Shutting down and abandoning module StringTableEditor (208)
[2020.07.09-15.05.47:314][961]LogModuleManager: Shutting down and abandoning module GameplayTasksEditor (206)
[2020.07.09-15.05.47:314][961]LogModuleManager: Shutting down and abandoning module BehaviorTreeEditor (204)
[2020.07.09-15.05.47:314][961]LogModuleManager: Shutting down and abandoning module FunctionalTesting (202)
[2020.07.09-15.05.47:314][961]LogModuleManager: Shutting down and abandoning module CollisionAnalyzer (200)
[2020.07.09-15.05.47:315][961]LogModuleManager: Shutting down and abandoning module WorkspaceMenuStructure (199)
[2020.07.09-15.05.47:315][961]LogModuleManager: Shutting down and abandoning module UMG (196)
[2020.07.09-15.05.47:315][961]LogModuleManager: Shutting down and abandoning module UMGEditor (195)
[2020.07.09-15.05.47:315][961]LogModuleManager: Shutting down and abandoning module Sequencer (194)
[2020.07.09-15.05.47:315][961]LogModuleManager: Shutting down and abandoning module MessageLog (191)
[2020.07.09-15.05.47:315][961]LogModuleManager: Shutting down and abandoning module SlateReflector (186)
[2020.07.09-15.05.47:315][961]LogModuleManager: Shutting down and abandoning module Slate (184)
[2020.07.09-15.05.47:315][961]LogModuleManager: Shutting down and abandoning module EditorStyle (182)
[2020.07.09-15.05.47:321][961]LogModuleManager: Shutting down and abandoning module MRMesh (180)
[2020.07.09-15.05.47:321][961]LogModuleManager: Shutting down and abandoning module SourceCodeAccess (178)
[2020.07.09-15.05.47:321][961]LogModuleManager: Shutting down and abandoning module HeadMountedDisplay (176)
[2020.07.09-15.05.47:321][961]LogModuleManager: Shutting down and abandoning module XAudio2 (174)
[2020.07.09-15.05.47:321][961]LogModuleManager: Shutting down and abandoning module Networking (172)
[2020.07.09-15.05.47:321][961]LogModuleManager: Shutting down and abandoning module Core (168)
[2020.07.09-15.05.47:321][961]LogModuleManager: Shutting down and abandoning module KismetCompiler (164)
[2020.07.09-15.05.47:321][961]LogModuleManager: Shutting down and abandoning module LevelSequence (162)
[2020.07.09-15.05.47:322][961]LogModuleManager: Shutting down and abandoning module MeshUtilities (160)
[2020.07.09-15.05.47:322][961]LogModuleManager: Shutting down and abandoning module MeshMergeUtilities (159)
[2020.07.09-15.05.47:322][961]LogModuleManager: Shutting down and abandoning module MeshReductionInterface (158)
[2020.07.09-15.05.47:322][961]LogModuleManager: Shutting down and abandoning module SimplygonSwarm (157)
[2020.07.09-15.05.47:322][961]LogModuleManager: Shutting down and abandoning module SimplygonMeshReduction (155)
[2020.07.09-15.05.47:322][961]LogModuleManager: Shutting down and abandoning module QuadricMeshReduction (153)
[2020.07.09-15.05.47:322][961]LogModuleManager: Shutting down and abandoning module MaterialBaking (149)
[2020.07.09-15.05.47:322][961]LogModuleManager: Shutting down and abandoning module DirectoryWatcher (146)
[2020.07.09-15.05.47:329][961]LogModuleManager: Shutting down and abandoning module DerivedDataCache (144)
[2020.07.09-15.05.47:388][961]LogDerivedDataCache: Shutdown
[2020.07.09-15.05.47:389][961]LogModuleManager: Shutting down and abandoning module TargetPlatform (142)
[2020.07.09-15.05.47:389][961]LogModuleManager: Shutting down and abandoning module VulkanShaderFormat (141)
[2020.07.09-15.05.47:389][961]LogModuleManager: Shutting down and abandoning module ShaderFormatVectorVM (139)
[2020.07.09-15.05.47:389][961]LogModuleManager: Shutting down and abandoning module ShaderFormatOpenGL (137)
[2020.07.09-15.05.47:389][961]LogModuleManager: Shutting down and abandoning module ShaderFormatD3D (135)
[2020.07.09-15.05.47:389][961]LogModuleManager: Shutting down and abandoning module MetalShaderFormat (133)
[2020.07.09-15.05.47:389][961]LogModuleManager: Shutting down and abandoning module TextureFormatUncompressed (131)
[2020.07.09-15.05.47:389][961]LogModuleManager: Shutting down and abandoning module TextureFormatPVR (129)
[2020.07.09-15.05.47:390][961]LogModuleManager: Shutting down and abandoning module TextureFormatDXT (127)
[2020.07.09-15.05.47:390][961]LogModuleManager: Shutting down and abandoning module TextureFormatIntelISPCTexComp (125)
[2020.07.09-15.05.47:391][961]LogModuleManager: Shutting down and abandoning module TextureFormatASTC (123)
[2020.07.09-15.05.47:391][961]LogModuleManager: Shutting down and abandoning module ImageWrapper (122)
[2020.07.09-15.05.47:391][961]LogModuleManager: Shutting down and abandoning module TextureFormatAndroid (119)
[2020.07.09-15.05.47:391][961]LogModuleManager: Shutting down and abandoning module AudioFormatOpus (117)
[2020.07.09-15.05.47:391][961]LogModuleManager: Shutting down and abandoning module AudioFormatOgg (115)
[2020.07.09-15.05.47:391][961]LogModuleManager: Shutting down and abandoning module AudioFormatADPCM (113)
[2020.07.09-15.05.47:391][961]LogModuleManager: Shutting down and abandoning module LinuxTargetPlatform (111)
[2020.07.09-15.05.47:391][961]LogModuleManager: Shutting down and abandoning module LinuxServerTargetPlatform (109)
[2020.07.09-15.05.47:391][961]LogModuleManager: Shutting down and abandoning module LinuxNoEditorTargetPlatform (107)
[2020.07.09-15.05.47:391][961]LogModuleManager: Shutting down and abandoning module LinuxClientTargetPlatform (105)
[2020.07.09-15.05.47:391][961]LogModuleManager: Shutting down and abandoning module TVOSTargetPlatform (103)
[2020.07.09-15.05.47:391][961]LogModuleManager: Shutting down and abandoning module Messaging (101)
[2020.07.09-15.05.47:392][961]LogModuleManager: Shutting down and abandoning module IOSTargetPlatform (99)
[2020.07.09-15.05.47:392][961]LogModuleManager: Shutting down and abandoning module HTML5TargetPlatform (97)
[2020.07.09-15.05.47:392][961]LogModuleManager: Shutting down and abandoning module Android_PVRTCTargetPlatform (95)
[2020.07.09-15.05.47:392][961]LogModuleManager: Shutting down and abandoning module Android_MultiTargetPlatform (93)
[2020.07.09-15.05.47:392][961]LogModuleManager: Shutting down and abandoning module Android_ETC2TargetPlatform (91)
[2020.07.09-15.05.47:392][961]LogModuleManager: Shutting down and abandoning module Android_ETC1TargetPlatform (89)
[2020.07.09-15.05.47:392][961]LogModuleManager: Shutting down and abandoning module Android_DXTTargetPlatform (87)
[2020.07.09-15.05.47:392][961]LogModuleManager: Shutting down and abandoning module Android_ATCTargetPlatform (85)
[2020.07.09-15.05.47:392][961]LogModuleManager: Shutting down and abandoning module Android_ASTCTargetPlatform (83)
[2020.07.09-15.05.47:392][961]LogModuleManager: Shutting down and abandoning module AndroidTargetPlatform (81)
[2020.07.09-15.05.47:393][961]LogModuleManager: Shutting down and abandoning module WindowsTargetPlatform (79)
[2020.07.09-15.05.47:393][961]LogModuleManager: Shutting down and abandoning module WindowsServerTargetPlatform (77)
[2020.07.09-15.05.47:393][961]LogModuleManager: Shutting down and abandoning module WindowsNoEditorTargetPlatform (75)
[2020.07.09-15.05.47:393][961]LogModuleManager: Shutting down and abandoning module WindowsClientTargetPlatform (73)
[2020.07.09-15.05.47:393][961]LogModuleManager: Shutting down and abandoning module MacTargetPlatform (71)
[2020.07.09-15.05.47:393][961]LogModuleManager: Shutting down and abandoning module MacServerTargetPlatform (69)
[2020.07.09-15.05.47:393][961]LogModuleManager: Shutting down and abandoning module MacNoEditorTargetPlatform (67)
[2020.07.09-15.05.47:393][961]LogModuleManager: Shutting down and abandoning module MacClientTargetPlatform (65)
[2020.07.09-15.05.47:393][961]LogModuleManager: Shutting down and abandoning module AllDesktopTargetPlatform (63)
[2020.07.09-15.05.47:394][961]LogModuleManager: Shutting down and abandoning module InputCore (60)
[2020.07.09-15.05.47:394][961]LogModuleManager: Shutting down and abandoning module Settings (58)
[2020.07.09-15.05.47:394][961]LogModuleManager: Shutting down and abandoning module PhysXCooking (56)
[2020.07.09-15.05.47:394][961]LogModuleManager: Shutting down and abandoning module SteamVR (54)
[2020.07.09-15.05.47:394][961]LogModuleManager: Shutting down and abandoning module OculusHMD (52)
[2020.07.09-15.05.47:394][961]LogModuleManager: Shutting down and abandoning module ExampleDeviceProfileSelector (50)
[2020.07.09-15.05.47:394][961]LogModuleManager: Shutting down and abandoning module OnlineBlueprintSupport (48)
[2020.07.09-15.05.47:394][961]LogModuleManager: Shutting down and abandoning module OnlineSubsystem (44)
[2020.07.09-15.05.47:394][961]LogOnline: Display: Unloading online subsystem: NULL
[2020.07.09-15.05.47:394][961]LogModuleManager: Shutting down and abandoning module XMPP (43)
[2020.07.09-15.05.47:394][961]LogModuleManager: Shutting down and abandoning module HTTP (41)
[2020.07.09-15.05.47:394][961]LogHttp: Display: Http module shutting down, but needs to wait on 1 outstanding Http requests:
[2020.07.09-15.05.47:395][961]LogHttp: Display: 	verb=[POST] url=[https://datarouter.ol.epicgames.com/datarouter/api/v1/public/data?SessionID=%7BD10630C4-4361-9750-4C4A-628D34C649FF%7D&AppID=UEEditor.Rocket.Release&AppVersion=4.17.2-3658906%2B%2B%2BUE4%2BRelease-4.17&UserID=6e98d8234e88ea4ebbfa8abd8d1f208b%7Ce39cd4c2c81743f6be89f1e50758bc19%7Cb4b75c51-3376-4319-a5c7-672685f3b267&AppEnvironment=datacollector-binary&UploadType=eteventstream] status=Processing
[2020.07.09-15.05.47:415][961]LogModuleManager: Shutting down and abandoning module SSL (40)
[2020.07.09-15.05.47:421][961]LogModuleManager: Shutting down and abandoning module AnimationModifiers (36)
[2020.07.09-15.05.47:421][961]LogModuleManager: Shutting down and abandoning module PropertyEditor (35)
[2020.07.09-15.05.47:421][961]LogModuleManager: Shutting down and abandoning module AudioEditor (32)
[2020.07.09-15.05.47:421][961]LogModuleManager: Shutting down and abandoning module TextureCompressor (30)
[2020.07.09-15.05.47:422][961]LogModuleManager: Shutting down and abandoning module ShaderCore (28)
[2020.07.09-15.05.47:422][961]LogModuleManager: Shutting down and abandoning module Landscape (26)
[2020.07.09-15.05.47:422][961]LogModuleManager: Shutting down and abandoning module SlateRHIRenderer (24)
[2020.07.09-15.05.47:428][961]LogModuleManager: Shutting down and abandoning module OpenGLDrv (22)
[2020.07.09-15.05.47:428][961]LogModuleManager: Shutting down and abandoning module D3D11RHI (20)
[2020.07.09-15.05.47:429][961]LogModuleManager: Shutting down and abandoning module AnimGraphRuntime (18)
[2020.07.09-15.05.47:429][961]LogModuleManager: Shutting down and abandoning module Renderer (16)
[2020.07.09-15.05.47:429][961]LogModuleManager: Shutting down and abandoning module Engine (14)
[2020.07.09-15.05.47:429][961]LogModuleManager: Shutting down and abandoning module CoreUObject (12)
[2020.07.09-15.05.47:429][961]LogModuleManager: Shutting down and abandoning module NetworkFile (10)
[2020.07.09-15.05.47:429][961]LogModuleManager: Shutting down and abandoning module CookedIterativeFile (8)
[2020.07.09-15.05.47:429][961]LogModuleManager: Shutting down and abandoning module StreamingFile (6)
[2020.07.09-15.05.47:429][961]LogModuleManager: Shutting down and abandoning module SandboxFile (4)
[2020.07.09-15.05.47:429][961]LogModuleManager: Shutting down and abandoning module PakFile (2)
[2020.07.09-15.05.47:436][961]LogExit: Exiting.
[2020.07.09-15.05.47:498][961]Log file closed, 07/09/20 23:05:47
