Log file open, 07/16/20 20:39:27
LogWindows: Failed to load 'aqProf.dll' (GetLastError=126)
LogWindows: File 'aqProf.dll' does not exist
LogWindows: Failed to load 'VSPerf140.dll' (GetLastError=126)
LogWindows: File 'VSPerf140.dll' does not exist
LogWindows: Failed to load 'VtuneApi.dll' (GetLastError=126)
LogWindows: File 'VtuneApi.dll' does not exist
LogWindows: Failed to load 'VtuneApi32e.dll' (GetLastError=126)
LogWindows: File 'VtuneApi32e.dll' does not exist
LogInit: Display: Running engine for game: Sun
LogPlatformFile: Not using cached read wrapper
LogInit: Display: RandInit(150564591) SRandInit(150564591).
LogTaskGraph: Started task graph with 5 named threads and 8 total threads with 3 sets of task threads.
LogStats: Stats thread started at 0.152202
LogD3D11RHI: Aftermath initialized
LogPluginManager: Mounting plugin Paper2D
LogPluginManager: Mounting plugin LightPropagationVolume
LogPluginManager: Mounting plugin CodeLiteSourceCodeAccess
LogPluginManager: Mounting plugin GitSourceControl
LogPluginManager: Mounting plugin KDevelopSourceCodeAccess
LogPluginManager: Mounting plugin NullSourceCodeAccess
LogPluginManager: Mounting plugin PerforceSourceControl
LogPluginManager: Mounting plugin SubversionSourceControl
LogPluginManager: Mounting plugin UObjectPlugin
LogPluginManager: Mounting plugin VisualStudioSourceCodeAccess
LogPluginManager: Mounting plugin XCodeSourceCodeAccess
LogPluginManager: Mounting plugin AssetManagerEditor
LogPluginManager: Mounting plugin AudioCapture
LogPluginManager: Mounting plugin FacialAnimation
LogPluginManager: Mounting plugin GameplayTagsEditor
LogPluginManager: Mounting plugin MobileLauncherProfileWizard
LogPluginManager: Mounting plugin PluginBrowser
LogPluginManager: Mounting plugin SpeedTreeImporter
LogPluginManager: Mounting plugin AlembicImporter
LogPluginManager: Mounting plugin CharacterAI
LogPluginManager: Mounting plugin HTML5Networking
LogPluginManager: Mounting plugin AndroidMedia
LogPluginManager: Mounting plugin AvfMedia
LogPluginManager: Mounting plugin MediaPlayerEditor
LogPluginManager: Mounting plugin WmfMedia
LogPluginManager: Mounting plugin TcpMessaging
LogPluginManager: Mounting plugin UdpMessaging
LogPluginManager: Mounting plugin LevelSequenceEditor
LogPluginManager: Mounting plugin MatineeToLevelSequence
LogPluginManager: Mounting plugin OnlineSubsystemGooglePlay
LogPluginManager: Mounting plugin OnlineSubsystemIOS
LogPluginManager: Mounting plugin OnlineSubsystem
LogPluginManager: Mounting plugin OnlineSubsystemNull
LogPluginManager: Mounting plugin OnlineSubsystemUtils
LogPluginManager: Mounting plugin AndroidDeviceProfileSelector
LogPluginManager: Mounting plugin AndroidMoviePlayer
LogPluginManager: Mounting plugin AndroidPermission
LogPluginManager: Mounting plugin AppleMoviePlayer
LogPluginManager: Mounting plugin ArchVisCharacter
LogPluginManager: Mounting plugin CableComponent
LogPluginManager: Mounting plugin CustomMeshComponent
LogPluginManager: Mounting plugin ExampleDeviceProfileSelector
LogPluginManager: Mounting plugin GoogleCloudMessaging
LogPluginManager: Mounting plugin ImmediatePhysics
LogPluginManager: Mounting plugin IOSDeviceProfileSelector
LogPluginManager: Mounting plugin LinuxDeviceProfileSelector
LogPluginManager: Mounting plugin LocationServicesBPLibrary
LogPluginManager: Mounting plugin MobilePatchingUtils
LogPluginManager: Mounting plugin OculusVR
LogPluginManager: Mounting plugin PhysXVehicles
LogPluginManager: Mounting plugin ProceduralMeshComponent
LogPluginManager: Mounting plugin RuntimePhysXCooking
LogPluginManager: Mounting plugin SteamVR
LogPluginManager: Mounting plugin WindowsMoviePlayer
LogInit: Using libcurl 7.47.1
LogInit:  - built for x86_64-pc-win32
LogInit:  - supports SSL with OpenSSL/1.0.2g
LogInit:  - supports HTTP deflate (compression) using libz 1.2.8
LogInit:  - other features:
LogInit:      CURL_VERSION_SSL
LogInit:      CURL_VERSION_LIBZ
LogInit:      CURL_VERSION_IPV6
LogInit:      CURL_VERSION_ASYNCHDNS
LogInit:      CURL_VERSION_LARGEFILE
LogInit:      CURL_VERSION_IDN
LogInit:  CurlRequestOptions (configurable via config and command line):
LogInit:  - bVerifyPeer = false  - Libcurl will NOT verify peer certificate
LogInit:  - bUseHttpProxy = false  - Libcurl will NOT use HTTP proxy
LogInit:  - bDontReuseConnections = false  - Libcurl will reuse connections
LogInit:  - CertBundlePath = nullptr  - Libcurl will use whatever was configured at build time.
LogInit: Build: ++UE4+Release-4.17-CL-3658906
LogInit: Engine Version: 4.17.2-3658906+++UE4+Release-4.17
LogInit: Compatible Engine Version: 4.17.0-3573198+++UE4+Release-4.17
LogInit: Net CL: 3573198
LogDevObjectVersion: Number of dev versions registered: 16
LogDevObjectVersion:   Dev-Blueprints (B0D832E4-1F89-4F0D-ACCF-7EB736FD4AA2): 10
LogDevObjectVersion:   Dev-Build (E1C64328-A22C-4D53-A36C-8E866417BD8C): 0
LogDevObjectVersion:   Dev-Core (375EC13C-06E4-48FB-B500-84F0262A717E): 2
LogDevObjectVersion:   Dev-Editor (E4B068ED-F494-42E9-A231-DA0B2E46BB41): 20
LogDevObjectVersion:   Dev-Framework (CFFC743F-43B0-4480-9391-14DF171D2073): 28
LogDevObjectVersion:   Dev-Mobile (B02B49B5-BB20-44E9-A304-32B752E40360): 0
LogDevObjectVersion:   Dev-Networking (A4E4105C-59A1-49B5-A7C5-40C4547EDFEE): 0
LogDevObjectVersion:   Dev-Online (39C831C9-5AE6-47DC-9A44-9C173E1C8E7C): 0
LogDevObjectVersion:   Dev-Physics (78F01B33-EBEA-4F98-B9B4-84EACCB95AA2): 0
LogDevObjectVersion:   Dev-Platform (6631380F-2D4D-43E0-8009-CF276956A95A): 0
LogDevObjectVersion:   Dev-Rendering (12F88B9F-8875-4AFC-A67C-D90C383ABD29): 19
LogDevObjectVersion:   Dev-Sequencer (7B5AE74C-D270-4C10-A958-57980B212A5A): 4
LogDevObjectVersion:   Dev-VR (D7296918-1DD6-4BDD-9DE2-64A83CC13884): 0
LogDevObjectVersion:   Dev-LoadTimes (C2A15278-BFE7-4AFE-6C17-90FF531DF755): 1
LogDevObjectVersion:   Private-Geometry (6EACA3D4-40EC-4CC1-B786-8BED09428FC5): 1
LogDevObjectVersion:   Dev-AnimPhys (29E575DD-E0A3-4627-9D10-D276232CDCEA): 7
LogInit: Compiled (64-bit): Sep 22 2017 13:47:16
LogInit: Compiled with Visual C++: 19.00.24215.01
LogInit: Build Configuration: Development
LogInit: Branch Name: ++UE4+Release-4.17
LogInit: Command line: -EpicPortal  -epicusername="jerry199412" -epicuserid=e39cd4c2c81743f6be89f1e50758bc19 -epiclocale=zh-CN
LogInit: Base directory: D:/Program Files/Epic Games/UE_4.17/Engine/Binaries/Win64/
LogInit: Installed Engine Build: 1
LogInit: Presizing for max 8388607 objects, including 0 objects not considered by GC, pre-allocating 0 bytes for permanent pool.
LogInit: Object subsystem initialized
[2020.07.16-12.39.28:722][  0]LogInit: Selected Device Profile: [Windows]
[2020.07.16-12.39.28:722][  0]LogInit: Applying CVar settings loaded from the selected device profile: [Windows]
[2020.07.16-12.39.28:774][  0]LogInit: Computer: DESKTOP-629OVH4
[2020.07.16-12.39.28:774][  0]LogInit: User: 贾瑞
[2020.07.16-12.39.28:774][  0]LogInit: CPU Page size=4096, Cores=2
[2020.07.16-12.39.28:775][  0]LogInit: High frequency timer resolution =10.000000 MHz
[2020.07.16-12.39.28:776][  0]LogMemory: Memory total: Physical=7.9GB (8GB approx)
[2020.07.16-12.39.28:776][  0]LogMemory: Platform Memory Stats for Windows
[2020.07.16-12.39.28:776][  0]LogMemory: Process Physical Memory: 278.67 MB used, 278.67 MB peak
[2020.07.16-12.39.28:776][  0]LogMemory: Process Virtual Memory: 275.80 MB used, 275.80 MB peak
[2020.07.16-12.39.28:776][  0]LogMemory: Physical Memory: 3779.46 MB used,  4333.50 MB free, 8112.96 MB total
[2020.07.16-12.39.28:776][  0]LogMemory: Virtual Memory: 4785.46 MB used,  4333.50 MB free, 134217728.00 MB total
[2020.07.16-12.39.29:016][  0]LogInit: Overriding language with editor language configuration option (en).
[2020.07.16-12.39.29:016][  0]LogInit: Overriding locale with editor locale configuration option (en).
[2020.07.16-12.39.30:453][  0]LogD3D11RHI: D3D11 adapters:
[2020.07.16-12.39.30:548][  0]LogD3D11RHI:    0. 'AMD Radeon HD 8500M' (Feature Level 11_0)
[2020.07.16-12.39.30:548][  0]LogD3D11RHI:       1015/0/4056 MB DedicatedVideo/DedicatedSystem/SharedSystem, Outputs:1, VendorId:0x1002
[2020.07.16-12.39.30:571][  0]LogD3D11RHI:    1. 'Intel(R) HD Graphics Family' (Feature Level 11_0)
[2020.07.16-12.39.30:571][  0]LogD3D11RHI:       112/0/2048 MB DedicatedVideo/DedicatedSystem/SharedSystem, Outputs:0, VendorId:0x8086
[2020.07.16-12.39.30:578][  0]LogD3D11RHI:    2. 'Microsoft Basic Render Driver' (Feature Level 11_0)
[2020.07.16-12.39.30:578][  0]LogD3D11RHI:       0/0/4056 MB DedicatedVideo/DedicatedSystem/SharedSystem, Outputs:0, VendorId:0x1414
[2020.07.16-12.39.30:578][  0]LogD3D11RHI: Chosen D3D11 Adapter: 0
[2020.07.16-12.39.30:587][  0]LogD3D11RHI: Creating new Direct3DDevice
[2020.07.16-12.39.30:587][  0]LogD3D11RHI:     GPU DeviceId: 0x666f (for the marketing name, search the web for "GPU Device Id")
[2020.07.16-12.39.30:587][  0]LogWindows: EnumDisplayDevices:
[2020.07.16-12.39.30:587][  0]LogWindows:    0. 'Intel(R) HD Graphics Family' (P:1 D:1)
[2020.07.16-12.39.30:588][  0]LogWindows:    1. 'Intel(R) HD Graphics Family' (P:0 D:0)
[2020.07.16-12.39.30:589][  0]LogWindows:    2. 'Intel(R) HD Graphics Family' (P:0 D:0)
[2020.07.16-12.39.30:589][  0]LogWindows: DebugString: GetVideoDriverDetailsInvalid PrimaryIsNotTheChoosenAdapter GetVideoDriverDetailsInvalid PrimaryIsNotTheChoosenAdapter GetVideoDriverDetailsInvalid PrimaryIsNotTheChoosenAdapter FoundDriverCount:0 
[2020.07.16-12.39.30:590][  0]LogD3D11RHI:     Adapter Name: AMD Radeon HD 8500M
[2020.07.16-12.39.30:590][  0]LogD3D11RHI:   Driver Version: Unknown (internal:Unknown, unified:Unknown)
[2020.07.16-12.39.30:590][  0]LogD3D11RHI:      Driver Date: Unknown
[2020.07.16-12.39.30:590][  0]LogRHI: Texture pool is 710 MB (70% of 1015 MB)
[2020.07.16-12.39.30:686][  0]LogD3D11RHI: Async texture creation enabled
[2020.07.16-12.39.30:730][  0]LogD3D11RHI: GPU Timing Frequency: 27.000000 (Debug: 2 1)
[2020.07.16-12.39.30:741][  0]LogShaderCompilers: Guid format shader working directory is 2 characters bigger than the processId version (G:/Users/贾瑞/Documents/Unreal Projects/Sun/Intermediate/Shaders/WorkingDirectory/7716/).
[2020.07.16-12.39.30:742][  0]LogShaderCompilers: Cleaned the shader compiler working directory 'C:/Users/贾瑞/AppData/Local/Temp/UnrealShaderWorkingDir/589FEAAA45A2BEF596E4D4A61CEDFF03/'.
[2020.07.16-12.39.30:742][  0]LogShaderCompilers: Display: Using Local Shader Compiler.
[2020.07.16-12.39.32:564][  0]LogTemp: Display: Loaded TP AllDesktopTargetPlatform
[2020.07.16-12.39.32:648][  0]LogTemp: Display: Loaded TP MacClientTargetPlatform
[2020.07.16-12.39.32:740][  0]LogTemp: Display: Loaded TP MacNoEditorTargetPlatform
[2020.07.16-12.39.32:822][  0]LogTemp: Display: Loaded TP MacServerTargetPlatform
[2020.07.16-12.39.32:897][  0]LogTemp: Display: Loaded TP MacTargetPlatform
[2020.07.16-12.39.32:974][  0]LogTemp: Display: Loaded TP WindowsClientTargetPlatform
[2020.07.16-12.39.33:054][  0]LogTemp: Display: Loaded TP WindowsNoEditorTargetPlatform
[2020.07.16-12.39.33:136][  0]LogTemp: Display: Loaded TP WindowsServerTargetPlatform
[2020.07.16-12.39.33:198][  0]LogTemp: Display: Loaded TP WindowsTargetPlatform
[2020.07.16-12.39.33:281][  0]LogTemp: Display: Loaded TP AndroidTargetPlatform
[2020.07.16-12.39.33:376][  0]LogTemp: Display: Loaded TP Android_ASTCTargetPlatform
[2020.07.16-12.39.33:486][  0]LogTemp: Display: Loaded TP Android_ATCTargetPlatform
[2020.07.16-12.39.33:584][  0]LogTemp: Display: Loaded TP Android_DXTTargetPlatform
[2020.07.16-12.39.33:682][  0]LogTemp: Display: Loaded TP Android_ETC1TargetPlatform
[2020.07.16-12.39.33:797][  0]LogTemp: Display: Loaded TP Android_ETC2TargetPlatform
[2020.07.16-12.39.34:039][  0]LogTemp: Display: Loaded TP Android_MultiTargetPlatform
[2020.07.16-12.39.34:040][  0]LogTemp: Display: Loaded TP Android_PVRTCTargetPlatform
[2020.07.16-12.39.34:120][  0]LogTemp: Display: Loaded TP HTML5TargetPlatform
[2020.07.16-12.39.34:279][  0]LogTemp: Display: Loaded TP IOSTargetPlatform
[2020.07.16-12.39.34:344][  0]LogTemp: Display: Loaded TP TVOSTargetPlatform
[2020.07.16-12.39.34:456][  0]LogTemp: Display: Loaded TP LinuxClientTargetPlatform
[2020.07.16-12.39.34:551][  0]LogTemp: Display: Loaded TP LinuxNoEditorTargetPlatform
[2020.07.16-12.39.34:630][  0]LogTemp: Display: Loaded TP LinuxServerTargetPlatform
[2020.07.16-12.39.34:711][  0]LogTemp: Display: Loaded TP LinuxTargetPlatform
[2020.07.16-12.39.34:711][  0]LogTargetPlatformManager: Display: Building Assets For Windows
[2020.07.16-12.39.35:518][  0]LogDerivedDataCache: Display: Max Cache Size: 512 MB
[2020.07.16-12.39.35:660][  0]LogDerivedDataCache: Loaded boot cache 0.14s 93MB C:/Users/贾瑞/AppData/Local/UnrealEngine/4.17/DerivedDataCache/Boot.ddc.
[2020.07.16-12.39.35:660][  0]LogDerivedDataCache: Display: Loaded Boot cache: C:/Users/贾瑞/AppData/Local/UnrealEngine/4.17/DerivedDataCache/Boot.ddc
[2020.07.16-12.39.35:660][  0]LogDerivedDataCache: FDerivedDataBackendGraph:  Pak pak cache file G:/Users/贾瑞/Documents/Unreal Projects/Sun/DerivedDataCache/DDC.ddp not found, will not use a pak cache.
[2020.07.16-12.39.35:660][  0]LogDerivedDataCache: Unable to find inner node Pak for hierarchical cache Hierarchy.
[2020.07.16-12.39.35:660][  0]LogDerivedDataCache: FDerivedDataBackendGraph:  CompressedPak pak cache file G:/Users/贾瑞/Documents/Unreal Projects/Sun/DerivedDataCache/Compressed.ddp not found, will not use a pak cache.
[2020.07.16-12.39.35:660][  0]LogDerivedDataCache: Unable to find inner node CompressedPak for hierarchical cache Hierarchy.
[2020.07.16-12.39.35:692][  0]LogDerivedDataCache: Display: Pak cache opened for reading ../../../Engine/DerivedDataCache/Compressed.ddp.
[2020.07.16-12.39.35:707][  0]LogDerivedDataCache: Using Local data cache path C:/Users/贾瑞/AppData/Local/UnrealEngine/Common/DerivedDataCache: Writable
[2020.07.16-12.39.35:725][  0]LogMaterial: Verifying Global Shaders for PCD3D_SM5
[2020.07.16-12.39.35:726][  0]LogSlate: Using Freetype 2.6.0
[2020.07.16-12.39.35:727][  0]LogSlate: SlateFontCache - WITH_FREETYPE: 1, WITH_HARFBUZZ: 1
[2020.07.16-12.39.35:727][  0]LogSlate: SlateFontCache - WITH_FREETYPE: 1, WITH_HARFBUZZ: 1
[2020.07.16-12.39.36:217][  0]LogAssetRegistry: FAssetRegistry took 0.0295 seconds to start up
[2020.07.16-12.39.36:478][  0]LogInit: Selected Device Profile: [Windows]
[2020.07.16-12.39.37:157][  0]LogSimplygon: Simplygon DLL not present - disabling.
[2020.07.16-12.39.37:219][  0]LogMeshReduction: Using SimplygonSwarm for distributed automatic mesh merging
[2020.07.16-12.39.37:219][  0]LogMeshReduction: Using QuadricMeshReduction for automatic static mesh reduction
[2020.07.16-12.39.37:219][  0]LogMeshReduction: No automatic skeletal mesh reduction module available
[2020.07.16-12.39.37:220][  0]LogMeshReduction: No automatic mesh merging module available
[2020.07.16-12.39.37:220][  0]LogMeshMerging: No automatic mesh merging module available
[2020.07.16-12.39.37:222][  0]LogContentStreaming: Texture pool size is 0.00 MB
[2020.07.16-12.39.38:109][  0]LogNetVersion: Sun , NetCL: 3573198, EngineNetVer: 2, GameNetVer: 0 (Checksum: 3287252748)
[2020.07.16-12.39.38:545][  0]LogPackageLocalizationCache: Processed 5 localized package path(s) for 1 prioritized culture(s) in 0.064493 seconds
[2020.07.16-12.39.38:557][  0]LogUObjectArray: 35825 objects as part of root set at end of initial load.
[2020.07.16-12.39.38:557][  0]LogUObjectAllocator: 7529112 out of 0 bytes used by permanent object pool.
[2020.07.16-12.39.38:557][  0]LogUObjectArray: CloseDisregardForGC: 0/0 objects in disregard for GC pool
[2020.07.16-12.39.38:650][  0]LogInit: WinSock: version 1.1 (2.2), MaxSocks=32767, MaxUdp=65467
[2020.07.16-12.39.43:014][  0]LogTcpMessaging: Initializing TcpMessaging bridge
[2020.07.16-12.39.43:076][  0]LogUdpMessaging: Initializing bridge on interface 0.0.0.0:0 to multicast group 230.0.0.1:6666.
[2020.07.16-12.39.43:079][  0]FUdpSocketBuilder: Failed to subscribe UdpMessageMulticastSocket to multicast group 230.0.0.1
[2020.07.16-12.39.43:079][  0]FUdpSocketBuilder: Failed to create and initialize socket UdpMessageMulticastSocket (last error: 0)
[2020.07.16-12.39.43:079][  0]LogUdpMessaging: Warning: StartTransport failed to create multicast socket on 0.0.0.0:0, joined to 230.0.0.1:6666 with TTL 1
[2020.07.16-12.39.44:248][  0]LogMaterial: Uniform references updated for custom material expression Custom.
[2020.07.16-12.39.44:992][  0]SourceControl: Source control is disabled
[2020.07.16-12.39.44:993][  0]SourceControl: Source control is disabled
[2020.07.16-12.39.45:097][  0]SourceControl: Source control is disabled
[2020.07.16-12.39.45:212][  0]SourceControl: Source control is disabled
[2020.07.16-12.39.46:021][  0]LogAndroidPermission: UAndroidPermissionCallbackProxy::GetInstance
[2020.07.16-12.39.46:382][  0]LogOcInput: OculusInput pre-init called
[2020.07.16-12.39.46:742][  0]LogEngine: Initializing Engine...
[2020.07.16-12.39.46:748][  0]LogHMD: Failed to initialize OpenVR with code 110
[2020.07.16-12.39.47:098][  0]LogStats: UGameplayTagsManager::ConstructGameplayTagTree: Construct from data asset -  0.000 s
[2020.07.16-12.39.47:098][  0]LogStats: UGameplayTagsManager::ConstructGameplayTagTree: GameplayTagTreeChangedEvent.Broadcast -  0.000 s
[2020.07.16-12.39.47:260][  0]LogAIModule: Creating AISystem for world Untitled
[2020.07.16-12.39.47:301][  0]LogInit: XAudio2 using '扬声器 (Realtek High Definition Audio)' : 2 channels at 48 kHz using 32 bits per sample (channel mask 0x3)
[2020.07.16-12.39.47:498][  0]LogInit: FAudioDevice initialized.
[2020.07.16-12.39.47:640][  0]LogDerivedDataCache: Saved boot cache 0.14s 93MB C:/Users/贾瑞/AppData/Local/UnrealEngine/4.17/DerivedDataCache/Boot.ddc.
[2020.07.16-12.39.47:652][  0]LogInit: Texture streaming: Enabled
[2020.07.16-12.39.47:798][  0]LogEngineSessionManager: EngineSessionManager initialized
[2020.07.16-12.39.48:096][  0]LogInit: Transaction tracking system initialized
[2020.07.16-12.39.48:524][  0]BlueprintLog: New page: Editor Load
[2020.07.16-12.39.49:752][  0]LocalizationService: Localization service is disabled
[2020.07.16-12.39.50:677][  0]LogConsoleResponse: Display: 
[2020.07.16-12.39.51:102][  0]LogCook: Display: Max memory allowance for cook 16384mb min free memory 0mb
[2020.07.16-12.39.51:102][  0]LogCook: Display: Mobile HDR setting 1
[2020.07.16-12.39.51:102][  0]LogGameplayTags: Display: UGameplayTagsManager::DoneAddingNativeTags. DelegateIsBound: 0
[2020.07.16-12.39.51:558][  0]LogFileCache: Scanning file cache for directory 'G:/Users/贾瑞/Documents/Unreal Projects/Sun/Content/' took 0.04s
[2020.07.16-12.39.52:531][  0]SourceControl: Source control is disabled
[2020.07.16-12.39.52:531][  0]Cmd: MAP LOAD FILE="G:/Users/贾瑞/Documents/Unreal Projects/Sun/Content/ThirdPersonBP/Maps/ThirdPersonExampleMap.umap" TEMPLATE=0 SHOWPROGRESS=1 FEATURELEVEL=3
[2020.07.16-12.39.52:532][  0]LightingResults: New page: Lighting Build
[2020.07.16-12.39.52:583][  0]MapCheck: New page: Map Check
[2020.07.16-12.39.52:583][  0]LightingResults: New page: Lighting Build
[2020.07.16-12.39.53:429][  0]LogAIModule: Creating AISystem for world ThirdPersonExampleMap
[2020.07.16-12.39.53:451][  0]LogEditorServer: Finished looking for orphan Actors (0.000 secs)
[2020.07.16-12.39.53:549][  0]Cmd: MAP CHECKDEP NOCLEARLOG
[2020.07.16-12.39.53:649][  0]MapCheck: Map check complete: 0 Error(s), 0 Warning(s), took 99.351ms to complete.
[2020.07.16-12.39.53:649][  0]LogFileHelpers: Loading map 'ThirdPersonExampleMap' took 1.118
[2020.07.16-12.39.53:921][  0]LogCollectionManager: Loaded 0 collections in 0.002914 seconds
[2020.07.16-12.39.54:075][  0]LogFileCache: Scanning file cache for directory 'G:/Users/贾瑞/Documents/Unreal Projects/Sun/Saved/Collections/' took 0.01s
[2020.07.16-12.39.54:075][  0]LogFileCache: Scanning file cache for directory 'G:/Users/贾瑞/Documents/Unreal Projects/Sun/Content/Developers/贾瑞/Collections/' took 0.02s
[2020.07.16-12.39.54:075][  0]LogFileCache: Scanning file cache for directory 'G:/Users/贾瑞/Documents/Unreal Projects/Sun/Content/Collections/' took 0.01s
[2020.07.16-12.39.54:075][  0]LogCollectionManager: Rebuilt the GUID cache for 0 collections in 0.000001 seconds
[2020.07.16-12.39.54:090][  0]LogContentBrowser: Native class hierarchy populated in 0.0152 seconds. Added 2386 classes and 500 folders.
[2020.07.16-12.39.54:173][  0]LogContentBrowser: Native class hierarchy updated for 'WidgetCarousel' in 0.0014 seconds. Added 0 classes and 0 folders.
[2020.07.16-12.39.54:327][  0]LogContentBrowser: Native class hierarchy updated for 'AddContentDialog' in 0.0017 seconds. Added 0 classes and 0 folders.
[2020.07.16-12.39.54:417][  0]LogContentBrowser: Native class hierarchy updated for 'SceneOutliner' in 0.0022 seconds. Added 1 classes and 2 folders.
[2020.07.16-12.39.54:592][  0]LogSlate: Took 0.000396 seconds to synchronously load lazily loaded font '../../../Engine/Content/Slate/Fonts/Roboto-Regular.ttf' (155K)
[2020.07.16-12.39.54:596][  0]LogSlate: Took 0.000373 seconds to synchronously load lazily loaded font '../../../Engine/Content/Slate/Fonts/Roboto-Bold.ttf' (160K)
[2020.07.16-12.39.54:619][  0]LogSlate: Took 0.000228 seconds to synchronously load lazily loaded font '../../../Engine/Content/Editor/Slate/Fonts/FontAwesome.ttf' (139K)
[2020.07.16-12.39.54:835][  0]LogRenderer: Reallocating scene render targets to support 788x396 Format 10 NumSamples 1 (Frame:1).
[2020.07.16-12.39.55:803][  0]LogContentBrowser: Native class hierarchy updated for 'HierarchicalLODOutliner' in 0.0018 seconds. Added 1 classes and 2 folders.
[2020.07.16-12.39.55:803][  0]LogLoad: (Engine Initialization) Total time: 30.07 seconds
[2020.07.16-12.39.55:803][  0]LogLoad: (Engine Initialization) Total Blueprint compile time: 0.00 seconds
[2020.07.16-12.39.55:804][  0]LogExternalProfiler: No external profilers were discovered.  External profiling features will not be available.
[2020.07.16-12.39.55:848][  0]LogContentStreaming: Texture pool size now 1000 MB
[2020.07.16-12.39.56:017][  1]LogSlate: Took 0.000396 seconds to synchronously load lazily loaded font '../../../Engine/Content/Slate/Fonts/Roboto-Light.ttf' (159K)
[2020.07.16-12.39.56:252][  4]LogAssetRegistry: Asset discovery search completed in 20.0580 seconds
[2020.07.16-12.39.56:255][  4]LogCollectionManager: Rebuilt the object cache for 0 collections in 0.000001 seconds (found 0 objects)
[2020.07.16-12.39.56:255][  4]LogCollectionManager: Fixed up redirectors for 0 collections in 0.000103 seconds (updated 0 objects)
[2020.07.16-12.40.17:229][693]Cmd: MAP LOAD FILE="../../../Engine/Content/Maps/Templates/Template_Default.umap" TEMPLATE=1 SHOWPROGRESS=1 FEATURELEVEL=3
[2020.07.16-12.40.17:240][693]LogSlate: Took 0.000241 seconds to synchronously load lazily loaded font '../../../Engine/Content/Slate/Fonts/Roboto-Light.ttf' (159K)
[2020.07.16-12.40.17:282][693]LightingResults: New page: Lighting Build
[2020.07.16-12.40.17:286][693]LoadErrors: New page: Loading map: Template_Default.umap
[2020.07.16-12.40.17:290][693]MapCheck: New page: Map Check
[2020.07.16-12.40.17:290][693]LightingResults: New page: Lighting Build
[2020.07.16-12.40.17:346][693]LogAIModule: Creating AISystem for world Untitled_1
[2020.07.16-12.40.17:462][693]LogEditorServer: Finished looking for orphan Actors (0.000 secs)
[2020.07.16-12.40.17:505][693]Cmd: MAP CHECKDEP NOCLEARLOG
[2020.07.16-12.40.17:584][693]MapCheck: Map check complete: 0 Error(s), 0 Warning(s), took 78.748ms to complete.
[2020.07.16-12.40.17:584][693]LogFileHelpers: Loading map 'Template_Default' took 0.358
[2020.07.16-12.40.22:587][860]LogTexture: Display: Building textures: Texture2D_2 (G8, 128X128)
[2020.07.16-12.40.24:163][860]LogMaterial: Missing cached shader map for material Grass00_M, compiling. 
[2020.07.16-12.40.24:428][860]LogMaterial: Missing cached shader map for material Stone_LOD3_2, compiling. 
[2020.07.16-12.40.24:535][860]LogMaterial: Missing cached shader map for material Stone_LOD2, compiling. 
[2020.07.16-12.40.24:669][860]LogMaterial: Missing cached shader map for material Stone_LOD1, compiling. 
[2020.07.16-12.40.24:791][860]LogMaterial: Missing cached shader map for material Branch_M, compiling. 
[2020.07.16-12.40.25:135][860]LogMaterial: Missing cached shader map for material Stone_01_M, compiling. 
[2020.07.16-12.40.25:671][860]LogMaterial: Missing cached shader map for material Landscape_Automaterial_M, compiling. 
[2020.07.16-12.40.25:965][860]LogMaterial: Missing cached shader map for material Landscape_Automaterial_M, compiling. 
[2020.07.16-12.40.26:259][860]LogMaterial: Missing cached shader map for material Billboard_Atlass, compiling. 
[2020.07.16-12.40.26:599][860]LogMaterial: Missing cached shader map for material Grass00_M, compiling. 
[2020.07.16-12.40.26:902][860]LogMaterial: Missing cached shader map for material Landscape_Automaterial_M, compiling. 
[2020.07.16-12.40.27:047][860]LogMaterial: Missing cached shader map for material Landscape_Automaterial_M, compiling. 
[2020.07.16-12.40.27:191][860]LogMaterial: Missing cached shader map for material Landscape_Automaterial_M, compiling. 
[2020.07.16-12.40.27:340][860]LogMaterial: Missing cached shader map for material Landscape_Automaterial_M, compiling. 
[2020.07.16-12.40.27:485][860]LogMaterial: Missing cached shader map for material Landscape_Automaterial_M, compiling. 
[2020.07.16-12.40.27:644][860]LogMaterial: Missing cached shader map for material Landscape_Automaterial_M, compiling. 
[2020.07.16-12.40.27:805][860]LogMaterial: Missing cached shader map for material Landscape_Automaterial_M, compiling. 
[2020.07.16-12.40.27:949][860]LogMaterial: Missing cached shader map for material Landscape_Automaterial_M, compiling. 
[2020.07.16-12.40.28:102][860]LogMaterial: Missing cached shader map for material Landscape_Automaterial_M, compiling. 
[2020.07.16-12.40.28:263][860]LogMaterial: Missing cached shader map for material Landscape_Automaterial_M, compiling. 
[2020.07.16-12.40.28:422][860]LogMaterial: Missing cached shader map for material Landscape_Automaterial_M, compiling. 
[2020.07.16-12.40.28:592][860]LogMaterial: Missing cached shader map for material Landscape_Automaterial_M, compiling. 
[2020.07.16-12.40.28:766][860]LogMaterial: Missing cached shader map for material Landscape_Automaterial_M, compiling. 
[2020.07.16-12.51.10:441][835]LogEditorViewport: Clicking on Actor (LMB): StaticMeshActor (Floor)
[2020.07.16-12.51.35:331][747]LogEditorViewport: Clicking on Actor (context menu): StaticMeshActor (Floor)
[2020.07.16-12.51.36:727][791]LogEditorViewport: Clicking on Actor (LMB): StaticMeshActor (Floor)
[2020.07.16-12.52.32:909][528]LogTexture: Display: Building textures: Texture2D_0 (BGRA8, 512X512)
[2020.07.16-12.52.32:953][528]LogMaterial: Missing cached shader map for material Landscape_Automaterial_M, compiling. 
[2020.07.16-12.52.33:227][528]LogMaterial: Missing cached shader map for material Landscape_Automaterial_M, compiling. 
[2020.07.16-12.53.39:604][971]Cmd: TRANSACTION UNDO
[2020.07.16-12.53.39:604][971]LogEditorTransaction: Undo Landscape Editing: Component Selection
[2020.07.16-12.53.39:704][971]LogSlate: Took 0.000359 seconds to synchronously load lazily loaded font '../../../Engine/Content/Slate/Fonts/Roboto-Light.ttf' (159K)
[2020.07.16-12.53.40:098][981]Cmd: TRANSACTION UNDO
[2020.07.16-12.53.40:098][981]LogEditorTransaction: Undo Landscape Editing: Component Selection
[2020.07.16-12.53.40:630][  7]Cmd: TRANSACTION UNDO
[2020.07.16-12.53.40:631][  7]LogEditorTransaction: Undo Landscape Editing: Component Selection
[2020.07.16-12.53.41:011][ 16]Cmd: TRANSACTION UNDO
[2020.07.16-12.53.41:011][ 16]LogEditorTransaction: Undo Landscape Editing: Component Selection
[2020.07.16-12.53.41:227][ 20]Cmd: TRANSACTION UNDO
[2020.07.16-12.53.41:227][ 20]LogEditorTransaction: Undo Landscape Editing: Component Selection
[2020.07.16-12.53.41:439][ 23]Cmd: TRANSACTION UNDO
[2020.07.16-12.53.41:439][ 23]LogEditorTransaction: Undo Landscape Editing: Component Selection
[2020.07.16-12.53.41:663][ 27]Cmd: TRANSACTION UNDO
[2020.07.16-12.53.41:663][ 27]LogEditorTransaction: Undo Landscape Editing: Component Selection
[2020.07.16-12.53.41:892][ 31]Cmd: TRANSACTION UNDO
[2020.07.16-12.53.41:893][ 31]LogEditorTransaction: Undo Landscape Editing: Component Selection
[2020.07.16-12.53.42:269][ 38]Cmd: TRANSACTION UNDO
[2020.07.16-12.53.42:269][ 38]LogEditorTransaction: Undo Landscape Editing: Component Selection
[2020.07.16-12.53.42:576][ 44]Cmd: TRANSACTION UNDO
[2020.07.16-12.53.42:576][ 44]LogEditorTransaction: Undo Landscape Editing: Component Selection
[2020.07.16-12.53.42:970][ 52]Cmd: TRANSACTION UNDO
[2020.07.16-12.53.42:971][ 52]LogEditorTransaction: Undo Landscape Editing: Component Selection
[2020.07.16-12.53.43:348][ 60]Cmd: TRANSACTION UNDO
[2020.07.16-12.53.43:348][ 60]LogEditorTransaction: Undo Landscape Editing: Component Selection
[2020.07.16-12.53.43:700][ 64]Cmd: TRANSACTION UNDO
[2020.07.16-12.53.43:700][ 64]LogEditorTransaction: Undo Landscape Editing: Component Selection
[2020.07.16-12.53.44:120][ 73]Cmd: TRANSACTION UNDO
[2020.07.16-12.53.44:121][ 73]LogEditorTransaction: Undo Landscape Editing: Component Selection
[2020.07.16-12.53.44:757][ 87]Cmd: TRANSACTION UNDO
[2020.07.16-12.53.44:757][ 87]LogEditorTransaction: Undo Landscape Editing: Component Selection
[2020.07.16-12.53.45:252][ 98]Cmd: TRANSACTION UNDO
[2020.07.16-12.53.45:252][ 98]LogEditorTransaction: Undo Creating New Landscape
[2020.07.16-12.53.46:237][102]Cmd: TRANSACTION UNDO
[2020.07.16-12.53.46:237][102]LogEditorTransaction: Undo Clicking on Actors
[2020.07.16-12.53.48:454][123]Cmd: TRANSACTION REDO
[2020.07.16-12.53.48:454][123]LogEditorTransaction: Redo Clicking on Actors
[2020.07.16-12.53.50:241][139]Cmd: TRANSACTION REDO
[2020.07.16-12.53.50:241][139]LogEditorTransaction: Redo Creating New Landscape
[2020.07.16-12.53.52:931][139]Cmd: TRANSACTION UNDO
[2020.07.16-12.53.52:931][139]LogEditorTransaction: Undo Creating New Landscape
[2020.07.16-12.54.19:349][599]LogEditorViewport: Clicking on Actor (LMB): StaticMeshActor (Floor)
[2020.07.16-12.54.19:927][613]LogEditorViewport: Clicking on Actor (LMB): StaticMeshActor (Floor)
[2020.07.16-12.54.22:599][673]LogEditorViewport: Clicking on Actor (LMB): StaticMeshActor (Floor)
[2020.07.16-12.54.23:218][689]LogEditorViewport: Clicking on Actor (LMB): StaticMeshActor (Floor)
[2020.07.16-12.54.23:373][691]LogEditorViewport: Clicking on Actor (double click): StaticMeshActor (Floor)
[2020.07.16-12.54.23:987][709]LogEditorViewport: Clicking on Actor (LMB): StaticMeshActor (Floor)
[2020.07.16-12.54.24:181][712]LogEditorViewport: Clicking on Actor (double click): StaticMeshActor (Floor)
[2020.07.16-12.54.24:446][720]LogEditorViewport: Clicking on Actor (LMB): StaticMeshActor (Floor)
[2020.07.16-12.54.40:375][945]LogTexture: Display: Building textures: Texture2D_1 (BGRA8, 512X512)
[2020.07.16-12.54.49:974][ 95]LogRenderer: Reallocating scene render targets to support 788x528 Format 10 NumSamples 1 (Frame:24409).
[2020.07.16-12.54.50:152][ 96]LogRenderer: Reallocating scene render targets to support 788x612 Format 10 NumSamples 1 (Frame:24411).
[2020.07.16-12.54.50:280][ 98]LogRenderer: Reallocating scene render targets to support 788x628 Format 10 NumSamples 1 (Frame:24413).
[2020.07.16-12.56.03:301][748]LogD3D11RHI: Timed out while waiting for GPU to catch up. (0.5 s)
[2020.07.16-12.56.03:803][749]LogD3D11RHI: Timed out while waiting for GPU to catch up. (0.5 s)
[2020.07.16-12.56.06:295][754]LogD3D11RHI: Timed out while waiting for GPU to catch up. (0.5 s)
[2020.07.16-12.56.13:782][787]LogD3D11RHI: Timed out while waiting for GPU to catch up. (0.5 s)
[2020.07.16-12.56.32:032][885]Cmd: TRANSACTION UNDO
[2020.07.16-12.56.32:032][885]LogEditorTransaction: Undo Landscape Editing: Sculpt
[2020.07.16-12.56.33:298][885]Cmd: TRANSACTION UNDO
[2020.07.16-12.56.33:298][885]LogEditorTransaction: Undo Creating New Landscape
[2020.07.16-12.56.48:906][296]Cmd: TRANSACTION UNDO
[2020.07.16-12.56.48:906][296]LogEditorTransaction: Undo Clicking on Actors
[2020.07.16-12.56.50:340][339]Cmd: TRANSACTION UNDO
[2020.07.16-12.56.50:340][339]LogEditorTransaction: Undo Clicking on Actors (double-click)
[2020.07.16-12.56.51:061][345]Cmd: TRANSACTION UNDO
[2020.07.16-12.56.51:061][345]LogEditorTransaction: Undo Clicking on Actors
[2020.07.16-12.56.52:062][354]Cmd: TRANSACTION UNDO
[2020.07.16-12.56.52:062][354]LogEditorTransaction: Undo Clicking on Actors (double-click)
[2020.07.16-12.56.52:416][357]Cmd: TRANSACTION UNDO
[2020.07.16-12.56.52:416][357]LogEditorTransaction: Undo Clicking on Actors
[2020.07.16-12.56.52:473][357]Cmd: TRANSACTION UNDO
[2020.07.16-12.56.52:474][357]LogEditorTransaction: Undo Clicking on Actors
[2020.07.16-12.56.52:659][359]Cmd: TRANSACTION UNDO
[2020.07.16-12.56.52:659][359]LogEditorTransaction: Undo Clicking on Actors
[2020.07.16-12.56.52:973][362]Cmd: TRANSACTION UNDO
[2020.07.16-12.56.52:974][362]LogEditorTransaction: Undo Clicking on Actors
[2020.07.16-12.56.53:040][362]Cmd: TRANSACTION UNDO
[2020.07.16-12.56.53:040][362]LogEditorTransaction: Undo Clicking on Actors
[2020.07.16-12.57.41:121][228]LogTexture: Display: Building textures: Texture2D_2 (BGRA8, 512X512)
[2020.07.16-12.58.34:840][656]LogD3D11RHI: Timed out while waiting for GPU to catch up. (0.5 s)
[2020.07.16-12.58.42:123][707]LogD3D11RHI: Timed out while waiting for GPU to catch up. (0.5 s)
[2020.07.16-12.58.42:893][708]LogD3D11RHI: Timed out while waiting for GPU to catch up. (0.5 s)
[2020.07.16-12.58.50:772][756]LogD3D11RHI: Timed out while waiting for GPU to catch up. (0.5 s)
[2020.07.16-12.58.54:778][775]LogD3D11RHI: Timed out while waiting for GPU to catch up. (0.5 s)
[2020.07.16-12.59.05:732][839]LogD3D11RHI: Timed out while waiting for GPU to catch up. (0.5 s)
[2020.07.16-12.59.06:483][840]LogD3D11RHI: Timed out while waiting for GPU to catch up. (0.5 s)
[2020.07.16-12.59.07:567][841]LogD3D11RHI: Timed out while waiting for GPU to catch up. (0.5 s)
[2020.07.16-12.59.13:743][871]LogD3D11RHI: Timed out while waiting for GPU to catch up. (0.5 s)
[2020.07.16-12.59.15:434][876]LogD3D11RHI: Timed out while waiting for GPU to catch up. (0.5 s)
[2020.07.16-12.59.16:141][877]LogD3D11RHI: Timed out while waiting for GPU to catch up. (0.5 s)
[2020.07.16-12.59.56:543][ 32]LogEditorViewport: Clicking on Actor (context menu): Landscape (Landscape2)
[2020.07.16-13.00.02:120][ 54]LogD3D11RHI: Timed out while waiting for GPU to catch up. (0.5 s)
[2020.07.16-13.00.02:823][ 55]LogD3D11RHI: Timed out while waiting for GPU to catch up. (0.5 s)
[2020.07.16-13.01.21:470][408]Cmd: OBJ SAVEPACKAGE PACKAGE="/Temp/Untitled_1" FILE="G:/Users/贾瑞/Documents/Unreal Projects/Sun/Saved/Autosaves/Temp/Untitled_1_Auto1.umap" SILENT=true AUTOSAVING=true KEEPDIRTY=false
[2020.07.16-13.01.22:256][408]LogSavePackage: Save=784.36ms
[2020.07.16-13.01.22:256][408]LogSavePackage: Moving 'G:/Users/贾瑞/Documents/Unreal Projects/Sun/Saved/Untitled_1_Auto18635276D43E4B04E35ED42B1DF1E2857.tmp' to 'G:/Users/贾瑞/Documents/Unreal Projects/Sun/Saved/Autosaves/Temp/Untitled_1_Auto1.umap'
[2020.07.16-13.01.22:264][408]LogSavePackage: Display: Finished SavePackage G:/Users/贾瑞/Documents/Unreal Projects/Sun/Saved/Autosaves/Temp/Untitled_1_Auto1.umap
[2020.07.16-13.01.22:272][408]LogSlate: Took 0.000219 seconds to synchronously load lazily loaded font '../../../Engine/Content/Slate/Fonts/Roboto-Regular.ttf' (155K)
[2020.07.16-13.01.22:280][408]LogFileHelpers: Editor autosave (incl. sublevels) for '/Temp/Untitled_1' took 0.874
[2020.07.16-13.01.22:280][408]LogFileHelpers: Editor autosave (incl. sublevels) for all levels took 0.874
[2020.07.16-13.05.42:355][486]Cmd: OBJ SAVEPACKAGE PACKAGE="/Game/ThirdPersonBP/Maps/Untitled" FILE="G:/Users/贾瑞/Documents/Unreal Projects/Sun/Content/ThirdPersonBP/Maps/Untitled.umap" SILENT=true AUTOSAVING=false KEEPDIRTY=false
[2020.07.16-13.05.42:865][486]LogSavePackage: Save=477.05ms
[2020.07.16-13.05.42:865][486]LogSavePackage: Moving 'G:/Users/贾瑞/Documents/Unreal Projects/Sun/Saved/Untitled81786601492016486DC284A6225147B3.tmp' to 'G:/Users/贾瑞/Documents/Unreal Projects/Sun/Content/ThirdPersonBP/Maps/Untitled.umap'
[2020.07.16-13.05.42:879][486]LogSavePackage: Display: Finished SavePackage G:/Users/贾瑞/Documents/Unreal Projects/Sun/Content/ThirdPersonBP/Maps/Untitled.umap
[2020.07.16-13.05.42:906][486]LogFileHelpers: Saving map 'Untitled' took 4.557
[2020.07.16-13.05.42:985][486]LogWindowsTextInputMethodSystem: Display: IME system now activated using TSF (微软拼音).
[2020.07.16-13.05.43:347][487]Cmd: QUIT_EDITOR
[2020.07.16-13.05.43:456][487]LogExit: Preparing to exit.
[2020.07.16-13.05.43:976][487]LogExit: Editor shut down
[2020.07.16-13.05.43:979][487]LogExit: Transaction tracking system shut down
[2020.07.16-13.05.44:080][487]LogDirectoryWatcher: A directory notification for '../../../Engine/Content/' was aborted.
[2020.07.16-13.05.44:080][487]LogDirectoryWatcher: A directory notification for 'G:/Users/贾瑞/Documents/Unreal Projects/Sun/Content/' was aborted.
[2020.07.16-13.05.44:080][487]LogDirectoryWatcher: A directory notification for '../../../Engine/Plugins/2D/Paper2D/Content/' was aborted.
[2020.07.16-13.05.44:080][487]LogDirectoryWatcher: A directory notification for '../../../Engine/Plugins/Runtime/Oculus/OculusVR/Content/' was aborted.
[2020.07.16-13.05.44:080][487]LogDirectoryWatcher: A directory notification for '../../../Engine/Plugins/Runtime/Steam/SteamVR/Content/' was aborted.
[2020.07.16-13.05.44:240][487]LogExit: Object subsystem successfully closed.
[2020.07.16-13.05.44:267][487]LogD3D11RHI: Shutdown
[2020.07.16-13.05.44:267][487]LogD3D11RHI: CleanupD3DDevice
[2020.07.16-13.05.44:743][487]LogD3D11RHI: ~FD3D11DynamicRHI
[2020.07.16-13.05.44:754][487]LogModuleManager: Shutting down and abandoning module NewLevelDialog (532)
[2020.07.16-13.05.44:754][487]LogModuleManager: Shutting down and abandoning module HierarchicalLODOutliner (530)
[2020.07.16-13.05.44:754][487]LogModuleManager: Shutting down and abandoning module SceneOutliner (528)
[2020.07.16-13.05.44:754][487]LogModuleManager: Shutting down and abandoning module AddContentDialog (526)
[2020.07.16-13.05.44:755][487]LogDirectoryWatcher: A directory notification for 'D:/Program Files/Epic Games/UE_4.17/FeaturePacks/' was aborted.
[2020.07.16-13.05.44:756][487]LogModuleManager: Shutting down and abandoning module WidgetCarousel (525)
[2020.07.16-13.05.44:757][487]LogModuleManager: Shutting down and abandoning module EditorWidgets (522)
[2020.07.16-13.05.44:757][487]LogModuleManager: Shutting down and abandoning module CollectionManager (520)
[2020.07.16-13.05.44:757][487]LogDirectoryWatcher: A directory notification for 'G:/Users/贾瑞/Documents/Unreal Projects/Sun/Content/Collections/' was aborted.
[2020.07.16-13.05.44:757][487]LogDirectoryWatcher: A directory notification for 'G:/Users/贾瑞/Documents/Unreal Projects/Sun/Content/Developers/贾瑞/Collections/' was aborted.
[2020.07.16-13.05.44:757][487]LogDirectoryWatcher: A directory notification for 'G:/Users/贾瑞/Documents/Unreal Projects/Sun/Saved/Collections/' was aborted.
[2020.07.16-13.05.44:757][487]LogModuleManager: Shutting down and abandoning module StatsViewer (518)
[2020.07.16-13.05.44:757][487]LogModuleManager: Shutting down and abandoning module FoliageEdit (516)
[2020.07.16-13.05.44:757][487]LogModuleManager: Shutting down and abandoning module LandscapeEditor (514)
[2020.07.16-13.05.44:757][487]LogModuleManager: Shutting down and abandoning module MeshPaintMode (512)
[2020.07.16-13.05.44:757][487]LogModuleManager: Shutting down and abandoning module SceneDepthPickerMode (510)
[2020.07.16-13.05.44:757][487]LogModuleManager: Shutting down and abandoning module ActorPickerMode (508)
[2020.07.16-13.05.44:757][487]LogModuleManager: Shutting down and abandoning module GeometryMode (506)
[2020.07.16-13.05.44:757][487]LogModuleManager: Shutting down and abandoning module TextureAlignMode (504)
[2020.07.16-13.05.44:757][487]LogModuleManager: Shutting down and abandoning module BspMode (502)
[2020.07.16-13.05.44:757][487]LogModuleManager: Shutting down and abandoning module PIEPreviewDeviceProfileSelector (500)
[2020.07.16-13.05.44:757][487]LogModuleManager: Shutting down and abandoning module HardwareSurvey (498)
[2020.07.16-13.05.44:757][487]LogModuleManager: Shutting down and abandoning module SequenceRecorderSections (496)
[2020.07.16-13.05.44:757][487]LogModuleManager: Shutting down and abandoning module AutomationWorker (494)
[2020.07.16-13.05.44:757][487]LogModuleManager: Shutting down and abandoning module MatineeToLevelSequence (492)
[2020.07.16-13.05.44:757][487]LogModuleManager: Shutting down and abandoning module LevelSequenceEditor (490)
[2020.07.16-13.05.44:758][487]LogModuleManager: Shutting down and abandoning module PlacementMode (489)
[2020.07.16-13.05.44:758][487]LogModuleManager: Shutting down and abandoning module WmfMediaFactory (486)
[2020.07.16-13.05.44:758][487]LogModuleManager: Shutting down and abandoning module WmfMediaEditor (484)
[2020.07.16-13.05.44:758][487]LogModuleManager: Shutting down and abandoning module AvfMediaFactory (482)
[2020.07.16-13.05.44:758][487]LogModuleManager: Shutting down and abandoning module AvfMediaEditor (480)
[2020.07.16-13.05.44:758][487]LogModuleManager: Shutting down and abandoning module AndroidMediaFactory (478)
[2020.07.16-13.05.44:758][487]LogModuleManager: Shutting down and abandoning module Media (477)
[2020.07.16-13.05.44:758][487]LogModuleManager: Shutting down and abandoning module AndroidMediaEditor (474)
[2020.07.16-13.05.44:758][487]LogModuleManager: Shutting down and abandoning module CharacterAI (472)
[2020.07.16-13.05.44:758][487]LogModuleManager: Shutting down and abandoning module AudioCapture (470)
[2020.07.16-13.05.44:758][487]LogModuleManager: Shutting down and abandoning module SequenceRecorder (469)
[2020.07.16-13.05.44:758][487]LogModuleManager: Shutting down and abandoning module SmartSnapping (466)
[2020.07.16-13.05.44:758][487]LogModuleManager: Shutting down and abandoning module SessionServices (464)
[2020.07.16-13.05.44:758][487]LogModuleManager: Shutting down and abandoning module ViewportSnapping (462)
[2020.07.16-13.05.44:758][487]LogModuleManager: Shutting down and abandoning module ViewportInteraction (460)
[2020.07.16-13.05.44:758][487]LogModuleManager: Shutting down and abandoning module ClothPainter (458)
[2020.07.16-13.05.44:758][487]LogModuleManager: Shutting down and abandoning module LogVisualizer (456)
[2020.07.16-13.05.44:758][487]LogModuleManager: Shutting down and abandoning module IntroTutorials (454)
[2020.07.16-13.05.44:758][487]LogModuleManager: Shutting down and abandoning module GameProjectGeneration (453)
[2020.07.16-13.05.44:758][487]LogModuleManager: Shutting down and abandoning module IOSPlatformEditor (450)
[2020.07.16-13.05.44:758][487]LogModuleManager: Shutting down and abandoning module HTML5PlatformEditor (448)
[2020.07.16-13.05.44:758][487]LogModuleManager: Shutting down and abandoning module AndroidPlatformEditor (446)
[2020.07.16-13.05.44:758][487]LogModuleManager: Shutting down and abandoning module AndroidDeviceDetection (445)
[2020.07.16-13.05.45:209][487]LogModuleManager: Shutting down and abandoning module WindowsPlatformEditor (442)
[2020.07.16-13.05.45:209][487]LogModuleManager: Shutting down and abandoning module IOSRuntimeSettings (440)
[2020.07.16-13.05.45:209][487]LogModuleManager: Shutting down and abandoning module AndroidRuntimeSettings (438)
[2020.07.16-13.05.45:209][487]LogModuleManager: Shutting down and abandoning module InputBindingEditor (436)
[2020.07.16-13.05.45:209][487]LogModuleManager: Shutting down and abandoning module MergeActors (434)
[2020.07.16-13.05.45:209][487]LogModuleManager: Shutting down and abandoning module SizeMap (432)
[2020.07.16-13.05.45:209][487]LogModuleManager: Shutting down and abandoning module TreeMap (430)
[2020.07.16-13.05.45:209][487]LogModuleManager: Shutting down and abandoning module ReferenceViewer (428)
[2020.07.16-13.05.45:209][487]LogModuleManager: Shutting down and abandoning module LocalizationDashboard (426)
[2020.07.16-13.05.45:209][487]LogModuleManager: Shutting down and abandoning module LocalizationService (425)
[2020.07.16-13.05.45:209][487]LogModuleManager: Shutting down and abandoning module HardwareTargeting (422)
[2020.07.16-13.05.45:209][487]LogModuleManager: Shutting down and abandoning module DeviceProfileEditor (420)
[2020.07.16-13.05.45:209][487]LogModuleManager: Shutting down and abandoning module UndoHistory (418)
[2020.07.16-13.05.45:209][487]LogModuleManager: Shutting down and abandoning module XmlParser (416)
[2020.07.16-13.05.45:209][487]LogModuleManager: Shutting down and abandoning module Blutility (414)
[2020.07.16-13.05.45:209][487]LogModuleManager: Shutting down and abandoning module ProjectSettingsViewer (412)
[2020.07.16-13.05.45:209][487]LogModuleManager: Shutting down and abandoning module ProjectTargetPlatformEditor (411)
[2020.07.16-13.05.45:210][487]LogModuleManager: Shutting down and abandoning module EditorSettingsViewer (408)
[2020.07.16-13.05.45:210][487]LogModuleManager: Shutting down and abandoning module SettingsEditor (406)
[2020.07.16-13.05.45:210][487]LogModuleManager: Shutting down and abandoning module ProjectLauncher (404)
[2020.07.16-13.05.45:210][487]LogModuleManager: Shutting down and abandoning module SessionFrontend (402)
[2020.07.16-13.05.45:210][487]LogModuleManager: Shutting down and abandoning module ProfilerClient (400)
[2020.07.16-13.05.45:210][487]LogModuleManager: Shutting down and abandoning module DeviceManager (398)
[2020.07.16-13.05.45:210][487]LogModuleManager: Shutting down and abandoning module TargetDeviceServices (397)
[2020.07.16-13.05.45:265][487]LogModuleManager: Shutting down and abandoning module AutomationController (394)
[2020.07.16-13.05.45:265][487]LogModuleManager: Shutting down and abandoning module AutomationWindow (392)
[2020.07.16-13.05.45:265][487]LogModuleManager: Shutting down and abandoning module Layers (390)
[2020.07.16-13.05.45:265][487]LogModuleManager: Shutting down and abandoning module ComponentVisualizers (388)
[2020.07.16-13.05.45:265][487]LogModuleManager: Shutting down and abandoning module DetailCustomizations (386)
[2020.07.16-13.05.45:265][487]LogModuleManager: Shutting down and abandoning module PackagesDialog (384)
[2020.07.16-13.05.45:265][487]LogModuleManager: Shutting down and abandoning module Persona (382)
[2020.07.16-13.05.45:265][487]LogModuleManager: Shutting down and abandoning module AdvancedPreviewScene (381)
[2020.07.16-13.05.45:265][487]LogModuleManager: Shutting down and abandoning module AnimGraph (379)
[2020.07.16-13.05.45:265][487]LogModuleManager: Shutting down and abandoning module Kismet (376)
[2020.07.16-13.05.45:266][487]LogModuleManager: Shutting down and abandoning module ClassViewer (374)
[2020.07.16-13.05.45:266][487]LogModuleManager: Shutting down and abandoning module Toolbox (372)
[2020.07.16-13.05.45:266][487]LogModuleManager: Shutting down and abandoning module ModuleUI (370)
[2020.07.16-13.05.45:266][487]LogModuleManager: Shutting down and abandoning module MovieSceneTools (368)
[2020.07.16-13.05.45:266][487]LogModuleManager: Shutting down and abandoning module OutputLog (366)
[2020.07.16-13.05.45:266][487]LogModuleManager: Shutting down and abandoning module GammaUI (364)
[2020.07.16-13.05.45:266][487]LogModuleManager: Shutting down and abandoning module Documentation (362)
[2020.07.16-13.05.45:266][487]LogModuleManager: Shutting down and abandoning module MovieSceneTracks (360)
[2020.07.16-13.05.45:266][487]LogModuleManager: Shutting down and abandoning module MovieScene (358)
[2020.07.16-13.05.45:266][487]LogModuleManager: Shutting down and abandoning module Niagara (356)
[2020.07.16-13.05.45:266][487]LogModuleManager: Shutting down and abandoning module NiagaraEditor (355)
[2020.07.16-13.05.45:266][487]LogModuleManager: Shutting down and abandoning module StreamingPauseRendering (352)
[2020.07.16-13.05.45:266][487]LogModuleManager: Shutting down and abandoning module LauncherPlatform (350)
[2020.07.16-13.05.45:266][487]LogModuleManager: Shutting down and abandoning module AnalyticsET (348)
[2020.07.16-13.05.45:266][487]LogModuleManager: Shutting down and abandoning module PortalServices (346)
[2020.07.16-13.05.45:266][487]LogModuleManager: Shutting down and abandoning module PortalRpc (344)
[2020.07.16-13.05.45:267][487]LogModuleManager: Shutting down and abandoning module MessagingRpc (342)
[2020.07.16-13.05.45:267][487]LogModuleManager: Shutting down and abandoning module AIModule (340)
[2020.07.16-13.05.45:267][487]LogModuleManager: Shutting down and abandoning module GameplayDebugger (339)
[2020.07.16-13.05.45:267][487]LogModuleManager: Shutting down and abandoning module AITestSuite (337)
[2020.07.16-13.05.45:267][487]LogModuleManager: Shutting down and abandoning module ProfilerService (334)
[2020.07.16-13.05.45:445][487]LogModuleManager: Shutting down and abandoning module TaskGraph (332)
[2020.07.16-13.05.45:445][487]LogModuleManager: Shutting down and abandoning module SteamVRController (330)
[2020.07.16-13.05.45:445][487]LogModuleManager: Shutting down and abandoning module ProceduralMeshComponentEditor (328)
[2020.07.16-13.05.45:445][487]LogModuleManager: Shutting down and abandoning module ProceduralMeshComponent (326)
[2020.07.16-13.05.45:445][487]LogModuleManager: Shutting down and abandoning module OculusInput (324)
[2020.07.16-13.05.45:446][487]LogModuleManager: Shutting down and abandoning module MobilePatchingUtils (322)
[2020.07.16-13.05.45:446][487]LogModuleManager: Shutting down and abandoning module CustomMeshComponent (320)
[2020.07.16-13.05.45:446][487]LogModuleManager: Shutting down and abandoning module CableComponent (318)
[2020.07.16-13.05.45:446][487]LogModuleManager: Shutting down and abandoning module ArchVisCharacter (316)
[2020.07.16-13.05.45:446][487]LogModuleManager: Shutting down and abandoning module AndroidPermission (314)
[2020.07.16-13.05.45:446][487]LogModuleManager: Shutting down and abandoning module MediaPlayerEditor (310)
[2020.07.16-13.05.45:446][487]LogModuleManager: Shutting down and abandoning module HTML5Networking (308)
[2020.07.16-13.05.45:446][487]LogModuleManager: Shutting down and abandoning module AlembicImporter (306)
[2020.07.16-13.05.45:446][487]LogModuleManager: Shutting down and abandoning module AlembicLibrary (305)
[2020.07.16-13.05.45:446][487]LogModuleManager: Shutting down and abandoning module GeometryCache (304)
[2020.07.16-13.05.45:446][487]LogModuleManager: Shutting down and abandoning module GeometryCacheEd (303)
[2020.07.16-13.05.45:446][487]LogModuleManager: Shutting down and abandoning module SpeedTreeImporter (298)
[2020.07.16-13.05.45:446][487]LogModuleManager: Shutting down and abandoning module PluginBrowser (296)
[2020.07.16-13.05.45:446][487]LogModuleManager: Shutting down and abandoning module MobileLauncherProfileWizard (294)
[2020.07.16-13.05.45:446][487]LogModuleManager: Shutting down and abandoning module VisualStudioSourceCodeAccess (292)
[2020.07.16-13.05.45:446][487]LogModuleManager: Shutting down and abandoning module DesktopPlatform (291)
[2020.07.16-13.05.45:446][487]LogModuleManager: Shutting down and abandoning module UObjectPlugin (288)
[2020.07.16-13.05.45:446][487]LogModuleManager: Shutting down and abandoning module SubversionSourceControl (286)
[2020.07.16-13.05.45:446][487]LogModuleManager: Shutting down and abandoning module PerforceSourceControl (284)
[2020.07.16-13.05.45:446][487]LogModuleManager: Shutting down and abandoning module GitSourceControl (282)
[2020.07.16-13.05.45:446][487]LogModuleManager: Shutting down and abandoning module SourceControl (281)
[2020.07.16-13.05.45:446][487]LogModuleManager: Shutting down and abandoning module LightPropagationVolumeEditor (278)
[2020.07.16-13.05.45:446][487]LogModuleManager: Shutting down and abandoning module PaperTiledImporter (276)
[2020.07.16-13.05.45:446][487]LogModuleManager: Shutting down and abandoning module PaperSpriteSheetImporter (274)
[2020.07.16-13.05.45:446][487]LogModuleManager: Shutting down and abandoning module Paper2DEditor (272)
[2020.07.16-13.05.45:446][487]LogModuleManager: Shutting down and abandoning module MeshPaint (271)
[2020.07.16-13.05.45:446][487]LogModuleManager: Shutting down and abandoning module LevelEditor (269)
[2020.07.16-13.05.45:447][487]LogModuleManager: Shutting down and abandoning module PixelInspectorModule (268)
[2020.07.16-13.05.45:447][487]LogModuleManager: Shutting down and abandoning module MainFrame (266)
[2020.07.16-13.05.45:448][487]LogModuleManager: Shutting down and abandoning module HotReload (265)
[2020.07.16-13.05.45:448][487]LogModuleManager: Shutting down and abandoning module RuntimePhysXCooking (260)
[2020.07.16-13.05.45:448][487]LogModuleManager: Shutting down and abandoning module PhysXVehiclesEditor (258)
[2020.07.16-13.05.45:448][487]LogModuleManager: Shutting down and abandoning module PhysXVehicles (256)
[2020.07.16-13.05.45:448][487]LogModuleManager: Shutting down and abandoning module OculusEditor (254)
[2020.07.16-13.05.45:448][487]LogModuleManager: Shutting down and abandoning module LocationServicesBPLibrary (252)
[2020.07.16-13.05.45:448][487]LogModuleManager: Shutting down and abandoning module ImmediatePhysicsEditor (250)
[2020.07.16-13.05.45:448][487]LogModuleManager: Shutting down and abandoning module ImmediatePhysics (248)
[2020.07.16-13.05.45:448][487]LogModuleManager: Shutting down and abandoning module UdpMessaging (246)
[2020.07.16-13.05.45:550][487]LogModuleManager: Shutting down and abandoning module TcpMessaging (244)
[2020.07.16-13.05.45:651][487]LogModuleManager: Shutting down and abandoning module GameplayTagsEditor (242)
[2020.07.16-13.05.45:651][487]LogModuleManager: Shutting down and abandoning module FacialAnimationEditor (240)
[2020.07.16-13.05.45:651][487]LogModuleManager: Shutting down and abandoning module FacialAnimation (238)
[2020.07.16-13.05.45:651][487]LogModuleManager: Shutting down and abandoning module AssetManagerEditor (236)
[2020.07.16-13.05.45:651][487]LogModuleManager: Shutting down and abandoning module GraphEditor (235)
[2020.07.16-13.05.45:651][487]LogModuleManager: Shutting down and abandoning module ContentBrowser (233)
[2020.07.16-13.05.45:652][487]LogModuleManager: Shutting down and abandoning module LightPropagationVolumeRuntime (230)
[2020.07.16-13.05.45:652][487]LogModuleManager: Shutting down and abandoning module Paper2D (228)
[2020.07.16-13.05.45:652][487]LogModuleManager: Shutting down and abandoning module WindowsMoviePlayer (226)
[2020.07.16-13.05.45:652][487]LogModuleManager: Shutting down and abandoning module WmfMedia (224)
[2020.07.16-13.05.45:661][487]LogModuleManager: Shutting down and abandoning module PacketHandler (222)
[2020.07.16-13.05.45:661][487]LogModuleManager: Shutting down and abandoning module ClothingSystemEditor (220)
[2020.07.16-13.05.45:661][487]LogModuleManager: Shutting down and abandoning module ClothingSystemRuntime (218)
[2020.07.16-13.05.45:661][487]LogModuleManager: Shutting down and abandoning module Overlay (216)
[2020.07.16-13.05.45:661][487]LogModuleManager: Shutting down and abandoning module OverlayEditor (215)
[2020.07.16-13.05.45:661][487]LogModuleManager: Shutting down and abandoning module MediaAssets (212)
[2020.07.16-13.05.45:661][487]LogModuleManager: Shutting down and abandoning module VREditor (210)
[2020.07.16-13.05.45:661][487]LogModuleManager: Shutting down and abandoning module StringTableEditor (208)
[2020.07.16-13.05.45:661][487]LogModuleManager: Shutting down and abandoning module GameplayTasksEditor (206)
[2020.07.16-13.05.45:661][487]LogModuleManager: Shutting down and abandoning module BehaviorTreeEditor (204)
[2020.07.16-13.05.45:661][487]LogModuleManager: Shutting down and abandoning module FunctionalTesting (202)
[2020.07.16-13.05.45:661][487]LogModuleManager: Shutting down and abandoning module CollisionAnalyzer (200)
[2020.07.16-13.05.45:661][487]LogModuleManager: Shutting down and abandoning module WorkspaceMenuStructure (199)
[2020.07.16-13.05.45:661][487]LogModuleManager: Shutting down and abandoning module UMG (196)
[2020.07.16-13.05.45:661][487]LogModuleManager: Shutting down and abandoning module UMGEditor (195)
[2020.07.16-13.05.45:662][487]LogModuleManager: Shutting down and abandoning module Sequencer (194)
[2020.07.16-13.05.45:662][487]LogModuleManager: Shutting down and abandoning module MessageLog (191)
[2020.07.16-13.05.45:662][487]LogModuleManager: Shutting down and abandoning module SlateReflector (186)
[2020.07.16-13.05.45:662][487]LogModuleManager: Shutting down and abandoning module Slate (184)
[2020.07.16-13.05.45:662][487]LogModuleManager: Shutting down and abandoning module EditorStyle (182)
[2020.07.16-13.05.45:664][487]LogModuleManager: Shutting down and abandoning module MRMesh (180)
[2020.07.16-13.05.45:664][487]LogModuleManager: Shutting down and abandoning module SourceCodeAccess (178)
[2020.07.16-13.05.45:664][487]LogModuleManager: Shutting down and abandoning module HeadMountedDisplay (176)
[2020.07.16-13.05.45:664][487]LogModuleManager: Shutting down and abandoning module XAudio2 (174)
[2020.07.16-13.05.45:664][487]LogModuleManager: Shutting down and abandoning module Networking (172)
[2020.07.16-13.05.45:664][487]LogModuleManager: Shutting down and abandoning module Core (168)
[2020.07.16-13.05.45:664][487]LogModuleManager: Shutting down and abandoning module KismetCompiler (164)
[2020.07.16-13.05.45:664][487]LogModuleManager: Shutting down and abandoning module LevelSequence (162)
[2020.07.16-13.05.45:665][487]LogModuleManager: Shutting down and abandoning module MeshUtilities (160)
[2020.07.16-13.05.45:665][487]LogModuleManager: Shutting down and abandoning module MeshMergeUtilities (159)
[2020.07.16-13.05.45:665][487]LogModuleManager: Shutting down and abandoning module MeshReductionInterface (158)
[2020.07.16-13.05.45:665][487]LogModuleManager: Shutting down and abandoning module SimplygonSwarm (157)
[2020.07.16-13.05.45:665][487]LogModuleManager: Shutting down and abandoning module SimplygonMeshReduction (155)
[2020.07.16-13.05.45:665][487]LogModuleManager: Shutting down and abandoning module QuadricMeshReduction (153)
[2020.07.16-13.05.45:665][487]LogModuleManager: Shutting down and abandoning module MaterialBaking (149)
[2020.07.16-13.05.45:665][487]LogModuleManager: Shutting down and abandoning module DirectoryWatcher (146)
[2020.07.16-13.05.45:668][487]LogModuleManager: Shutting down and abandoning module DerivedDataCache (144)
[2020.07.16-13.05.45:718][487]LogDerivedDataCache: Shutdown
[2020.07.16-13.05.45:719][487]LogModuleManager: Shutting down and abandoning module TargetPlatform (142)
[2020.07.16-13.05.45:719][487]LogModuleManager: Shutting down and abandoning module VulkanShaderFormat (141)
[2020.07.16-13.05.45:719][487]LogModuleManager: Shutting down and abandoning module ShaderFormatVectorVM (139)
[2020.07.16-13.05.45:719][487]LogModuleManager: Shutting down and abandoning module ShaderFormatOpenGL (137)
[2020.07.16-13.05.45:719][487]LogModuleManager: Shutting down and abandoning module ShaderFormatD3D (135)
[2020.07.16-13.05.45:719][487]LogModuleManager: Shutting down and abandoning module MetalShaderFormat (133)
[2020.07.16-13.05.45:719][487]LogModuleManager: Shutting down and abandoning module TextureFormatUncompressed (131)
[2020.07.16-13.05.45:719][487]LogModuleManager: Shutting down and abandoning module TextureFormatPVR (129)
[2020.07.16-13.05.45:719][487]LogModuleManager: Shutting down and abandoning module TextureFormatDXT (127)
[2020.07.16-13.05.45:719][487]LogModuleManager: Shutting down and abandoning module TextureFormatIntelISPCTexComp (125)
[2020.07.16-13.05.45:719][487]LogModuleManager: Shutting down and abandoning module TextureFormatASTC (123)
[2020.07.16-13.05.45:719][487]LogModuleManager: Shutting down and abandoning module ImageWrapper (122)
[2020.07.16-13.05.45:719][487]LogModuleManager: Shutting down and abandoning module TextureFormatAndroid (119)
[2020.07.16-13.05.45:719][487]LogModuleManager: Shutting down and abandoning module AudioFormatOpus (117)
[2020.07.16-13.05.45:719][487]LogModuleManager: Shutting down and abandoning module AudioFormatOgg (115)
[2020.07.16-13.05.45:719][487]LogModuleManager: Shutting down and abandoning module AudioFormatADPCM (113)
[2020.07.16-13.05.45:719][487]LogModuleManager: Shutting down and abandoning module LinuxTargetPlatform (111)
[2020.07.16-13.05.45:719][487]LogModuleManager: Shutting down and abandoning module LinuxServerTargetPlatform (109)
[2020.07.16-13.05.45:719][487]LogModuleManager: Shutting down and abandoning module LinuxNoEditorTargetPlatform (107)
[2020.07.16-13.05.45:719][487]LogModuleManager: Shutting down and abandoning module LinuxClientTargetPlatform (105)
[2020.07.16-13.05.45:719][487]LogModuleManager: Shutting down and abandoning module TVOSTargetPlatform (103)
[2020.07.16-13.05.45:719][487]LogModuleManager: Shutting down and abandoning module Messaging (101)
[2020.07.16-13.05.45:719][487]LogModuleManager: Shutting down and abandoning module IOSTargetPlatform (99)
[2020.07.16-13.05.45:719][487]LogModuleManager: Shutting down and abandoning module HTML5TargetPlatform (97)
[2020.07.16-13.05.45:719][487]LogModuleManager: Shutting down and abandoning module Android_PVRTCTargetPlatform (95)
[2020.07.16-13.05.45:719][487]LogModuleManager: Shutting down and abandoning module Android_MultiTargetPlatform (93)
[2020.07.16-13.05.45:719][487]LogModuleManager: Shutting down and abandoning module Android_ETC2TargetPlatform (91)
[2020.07.16-13.05.45:719][487]LogModuleManager: Shutting down and abandoning module Android_ETC1TargetPlatform (89)
[2020.07.16-13.05.45:719][487]LogModuleManager: Shutting down and abandoning module Android_DXTTargetPlatform (87)
[2020.07.16-13.05.45:719][487]LogModuleManager: Shutting down and abandoning module Android_ATCTargetPlatform (85)
[2020.07.16-13.05.45:719][487]LogModuleManager: Shutting down and abandoning module Android_ASTCTargetPlatform (83)
[2020.07.16-13.05.45:719][487]LogModuleManager: Shutting down and abandoning module AndroidTargetPlatform (81)
[2020.07.16-13.05.45:719][487]LogModuleManager: Shutting down and abandoning module WindowsTargetPlatform (79)
[2020.07.16-13.05.45:719][487]LogModuleManager: Shutting down and abandoning module WindowsServerTargetPlatform (77)
[2020.07.16-13.05.45:719][487]LogModuleManager: Shutting down and abandoning module WindowsNoEditorTargetPlatform (75)
[2020.07.16-13.05.45:720][487]LogModuleManager: Shutting down and abandoning module WindowsClientTargetPlatform (73)
[2020.07.16-13.05.45:720][487]LogModuleManager: Shutting down and abandoning module MacTargetPlatform (71)
[2020.07.16-13.05.45:720][487]LogModuleManager: Shutting down and abandoning module MacServerTargetPlatform (69)
[2020.07.16-13.05.45:720][487]LogModuleManager: Shutting down and abandoning module MacNoEditorTargetPlatform (67)
[2020.07.16-13.05.45:720][487]LogModuleManager: Shutting down and abandoning module MacClientTargetPlatform (65)
[2020.07.16-13.05.45:720][487]LogModuleManager: Shutting down and abandoning module AllDesktopTargetPlatform (63)
[2020.07.16-13.05.45:720][487]LogModuleManager: Shutting down and abandoning module InputCore (60)
[2020.07.16-13.05.45:720][487]LogModuleManager: Shutting down and abandoning module Settings (58)
[2020.07.16-13.05.45:720][487]LogModuleManager: Shutting down and abandoning module PhysXCooking (56)
[2020.07.16-13.05.45:720][487]LogModuleManager: Shutting down and abandoning module SteamVR (54)
[2020.07.16-13.05.45:720][487]LogModuleManager: Shutting down and abandoning module OculusHMD (52)
[2020.07.16-13.05.45:720][487]LogModuleManager: Shutting down and abandoning module ExampleDeviceProfileSelector (50)
[2020.07.16-13.05.45:720][487]LogModuleManager: Shutting down and abandoning module OnlineBlueprintSupport (48)
[2020.07.16-13.05.45:720][487]LogModuleManager: Shutting down and abandoning module OnlineSubsystem (44)
[2020.07.16-13.05.45:720][487]LogOnline: Display: Unloading online subsystem: NULL
[2020.07.16-13.05.45:720][487]LogModuleManager: Shutting down and abandoning module XMPP (43)
[2020.07.16-13.05.45:720][487]LogModuleManager: Shutting down and abandoning module HTTP (41)
[2020.07.16-13.05.45:720][487]LogHttp: Display: Http module shutting down, but needs to wait on 1 outstanding Http requests:
[2020.07.16-13.05.45:720][487]LogHttp: Display: 	verb=[POST] url=[https://datarouter.ol.epicgames.com/datarouter/api/v1/public/data?SessionID=%7B4F2EE1A1-44CB-0A82-BA61-82AF18D0F082%7D&AppID=UEEditor.Rocket.Release&AppVersion=4.17.2-3658906%2B%2B%2BUE4%2BRelease-4.17&UserID=6e98d8234e88ea4ebbfa8abd8d1f208b%7Ce39cd4c2c81743f6be89f1e50758bc19%7Cb4b75c51-3376-4319-a5c7-672685f3b267&AppEnvironment=datacollector-binary&UploadType=eteventstream] status=Processing
[2020.07.16-13.05.45:741][487]LogModuleManager: Shutting down and abandoning module SSL (40)
[2020.07.16-13.05.45:743][487]LogModuleManager: Shutting down and abandoning module AnimationModifiers (36)
[2020.07.16-13.05.45:744][487]LogModuleManager: Shutting down and abandoning module PropertyEditor (35)
[2020.07.16-13.05.45:744][487]LogModuleManager: Shutting down and abandoning module AudioEditor (32)
[2020.07.16-13.05.45:744][487]LogModuleManager: Shutting down and abandoning module TextureCompressor (30)
[2020.07.16-13.05.45:744][487]LogModuleManager: Shutting down and abandoning module ShaderCore (28)
[2020.07.16-13.05.45:744][487]LogModuleManager: Shutting down and abandoning module Landscape (26)
[2020.07.16-13.05.45:744][487]LogModuleManager: Shutting down and abandoning module SlateRHIRenderer (24)
[2020.07.16-13.05.45:745][487]LogModuleManager: Shutting down and abandoning module OpenGLDrv (22)
[2020.07.16-13.05.45:745][487]LogModuleManager: Shutting down and abandoning module D3D11RHI (20)
[2020.07.16-13.05.45:745][487]LogModuleManager: Shutting down and abandoning module AnimGraphRuntime (18)
[2020.07.16-13.05.45:745][487]LogModuleManager: Shutting down and abandoning module Renderer (16)
[2020.07.16-13.05.45:745][487]LogModuleManager: Shutting down and abandoning module Engine (14)
[2020.07.16-13.05.45:745][487]LogModuleManager: Shutting down and abandoning module CoreUObject (12)
[2020.07.16-13.05.45:745][487]LogModuleManager: Shutting down and abandoning module NetworkFile (10)
[2020.07.16-13.05.45:745][487]LogModuleManager: Shutting down and abandoning module CookedIterativeFile (8)
[2020.07.16-13.05.45:745][487]LogModuleManager: Shutting down and abandoning module StreamingFile (6)
[2020.07.16-13.05.45:745][487]LogModuleManager: Shutting down and abandoning module SandboxFile (4)
[2020.07.16-13.05.45:745][487]LogModuleManager: Shutting down and abandoning module PakFile (2)
[2020.07.16-13.05.45:747][487]LogExit: Exiting.
[2020.07.16-13.05.45:759][487]Log file closed, 07/16/20 21:05:45
